#
# There is insufficient memory for the Java Runtime Environment to continue.
# Native memory allocation (malloc) failed to allocate 487456 bytes for Chunk::new
# Possible reasons:
#   The system is out of physical RAM or swap space
#   In 32 bit mode, the process size limit was hit
# Possible solutions:
#   Reduce memory load on the system
#   Increase physical memory or swap space
#   Check if swap backing store is full
#   Use 64 bit Java on a 64 bit OS
#   Decrease Java heap size (-Xmx/-Xms)
#   Decrease number of Java threads
#   Decrease Java thread stack sizes (-Xss)
#   Set larger code cache with -XX:ReservedCodeCacheSize=
# This output file may be truncated or incomplete.
#
#  Out of Memory Error (allocation.cpp:323), pid=7932, tid=4144
#
# JRE version: Java(TM) SE Runtime Environment (7.0_51-b13) (build 1.7.0_51-b13)
# Java VM: Java HotSpot(TM) 64-Bit Server VM (24.51-b03 mixed mode windows-amd64 compressed oops)
# Failed to write core dump. Minidumps are not enabled by default on client versions of Windows
#

---------------  T H R E A D  ---------------

Current thread (0x0000000008668000):  JavaThread "C2 CompilerThread0" daemon [_thread_in_native, id=4144, stack(0x0000000009c00000,0x0000000009d00000)]

Stack: [0x0000000009c00000,0x0000000009d00000]

Current CompileTask:
C2:   2032  126             com.android.dx.ssa.SsaConverter::placePhiFunctions (394 bytes)


---------------  P R O C E S S  ---------------

Java Threads: ( => current thread )
  0x000000000a1d7000 JavaThread "pool-2-thread-4" [_thread_in_Java, id=15280, stack(0x000000000a800000,0x000000000a900000)]
  0x000000000a100000 JavaThread "pool-2-thread-3" [_thread_in_Java, id=15272, stack(0x000000000a700000,0x000000000a800000)]
  0x000000000a0ff000 JavaThread "pool-2-thread-2" [_thread_in_vm, id=4356, stack(0x000000000a600000,0x000000000a700000)]
  0x000000000a0fb800 JavaThread "pool-3-thread-1" [_thread_blocked, id=7944, stack(0x000000000a500000,0x000000000a600000)]
  0x000000000a0f0000 JavaThread "pool-2-thread-1" [_thread_in_Java, id=7948, stack(0x000000000a400000,0x000000000a500000)]
  0x00000000086a3800 JavaThread "Service Thread" daemon [_thread_blocked, id=14176, stack(0x0000000009e00000,0x0000000009f00000)]
  0x0000000008693000 JavaThread "C2 CompilerThread1" daemon [_thread_blocked, id=15100, stack(0x0000000009d00000,0x0000000009e00000)]
=>0x0000000008668000 JavaThread "C2 CompilerThread0" daemon [_thread_in_native, id=4144, stack(0x0000000009c00000,0x0000000009d00000)]
  0x000000000868f000 JavaThread "Attach Listener" daemon [_thread_blocked, id=14476, stack(0x0000000009b00000,0x0000000009c00000)]
  0x000000000868c800 JavaThread "Signal Dispatcher" daemon [_thread_blocked, id=8900, stack(0x0000000009a00000,0x0000000009b00000)]
  0x0000000008649000 JavaThread "Finalizer" daemon [_thread_blocked, id=4160, stack(0x0000000009900000,0x0000000009a00000)]
  0x0000000008643800 JavaThread "Reference Handler" daemon [_thread_blocked, id=5028, stack(0x0000000009800000,0x0000000009900000)]
  0x000000000234e000 JavaThread "main" [_thread_blocked, id=6536, stack(0x00000000026b0000,0x00000000027b0000)]

Other Threads:
  0x0000000008641800 VMThread [stack: 0x0000000009700000,0x0000000009800000] [id=3752]
  0x00000000086ad800 WatcherThread [stack: 0x0000000009f00000,0x000000000a000000] [id=6044]

VM state:not at safepoint (normal execution)

VM Mutex/Monitor currently owned by a thread: None

Heap
 PSYoungGen      total 18944K, used 16384K [0x00000000eaa80000, 0x00000000ebf80000, 0x0000000100000000)
  eden space 16384K, 100% used [0x00000000eaa80000,0x00000000eba80000,0x00000000eba80000)
  from space 2560K, 0% used [0x00000000ebd00000,0x00000000ebd00000,0x00000000ebf80000)
  to   space 2560K, 0% used [0x00000000eba80000,0x00000000eba80000,0x00000000ebd00000)
 ParOldGen       total 41984K, used 0K [0x00000000c0000000, 0x00000000c2900000, 0x00000000eaa80000)
  object space 41984K, 0% used [0x00000000c0000000,0x00000000c0000000,0x00000000c2900000)
 PSPermGen       total 21504K, used 5246K [0x00000000bae00000, 0x00000000bc300000, 0x00000000c0000000)
  object space 21504K, 24% used [0x00000000bae00000,0x00000000bb31fbc0,0x00000000bc300000)

Card table byte_map: [0x00000000058b0000,0x0000000005ae0000] byte_map_base: 0x00000000052d9000

Polling page: 0x0000000002250000

Code Cache  [0x00000000028b0000, 0x0000000002b20000, 0x00000000058b0000)
 total_blobs=349 nmethods=133 adapters=168 free_code_cache=48566Kb largest_free_block=49710464

Compilation events (10 events):
Event: 2.014 Thread 0x0000000008693000  130             com.android.dx.ssa.SsaBasicBlock::getPredecessors (5 bytes)
Event: 2.014 Thread 0x0000000008693000 nmethod 130 0x0000000002945b90 code [0x0000000002945cc0, 0x0000000002945d18]
Event: 2.015 Thread 0x0000000008693000  131             com.android.dx.ssa.SsaInsn::getBlock (5 bytes)
Event: 2.016 Thread 0x0000000008693000 nmethod 131 0x0000000002945990 code [0x0000000002945ac0, 0x0000000002945b18]
Event: 2.017 Thread 0x0000000008693000  132             com.android.dx.util.IntList::binarysearch (124 bytes)
Event: 2.020 Thread 0x0000000008693000 nmethod 132 0x0000000002945510 code [0x0000000002945660, 0x0000000002945818]
Event: 2.023 Thread 0x0000000008693000  133             com.android.dx.rop.code.BasicBlock::getSuccessors (5 bytes)
Event: 2.023 Thread 0x0000000008693000 nmethod 133 0x0000000002945310 code [0x0000000002945440, 0x0000000002945498]
Event: 2.023 Thread 0x0000000008693000  134             com.android.dx.ssa.DeadCodeRemover::hasSideEffect (11 bytes)
Event: 2.027 Thread 0x0000000008693000 nmethod 134 0x0000000002944d10 code [0x0000000002944e60, 0x0000000002944ff8]

GC Heap History (0 events):
No events

Deoptimization events (6 events):
Event: 1.198 Thread 0x000000000a0f0000 Uncommon trap: reason=null_check action=make_not_entrant pc=0x000000000291dfc4 method=com.android.dx.rop.code.LocalItem.equals(Ljava/lang/Object;)Z @ 1
Event: 1.602 Thread 0x000000000a100000 Uncommon trap: reason=null_check action=make_not_entrant pc=0x0000000002928868 method=com.android.dx.ssa.SsaRenamer.getLocalForNewReg(I)Lcom/android/dx/rop/code/LocalItem; @ 19
Event: 1.846 Thread 0x000000000a0f0000 Uncommon trap: reason=class_check action=maybe_recompile pc=0x000000000293f3a0 method=com.android.dx.rop.type.Type.equals(Ljava/lang/Object;)Z @ 8
Event: 1.846 Thread 0x000000000a0f0000 Uncommon trap: reason=class_check action=maybe_recompile pc=0x000000000293f3a0 method=com.android.dx.rop.type.Type.equals(Ljava/lang/Object;)Z @ 8
Event: 2.014 Thread 0x000000000a0f0000 Uncommon trap: reason=class_check action=maybe_recompile pc=0x000000000293f3a0 method=com.android.dx.rop.type.Type.equals(Ljava/lang/Object;)Z @ 8
Event: 2.023 Thread 0x000000000a0f0000 Uncommon trap: reason=class_check action=maybe_recompile pc=0x000000000293f3a0 method=com.android.dx.rop.type.Type.equals(Ljava/lang/Object;)Z @ 8

Internal exceptions (10 events):
Event: 1.241 Thread 0x000000000a1d7000 Threw 0x00000000eb27edd0 at C:\re\jdk7u51\527\hotspot\src\share\vm\prims\jvm.cpp:1244
Event: 1.242 Thread 0x000000000a100000 Threw 0x00000000eb400a10 at C:\re\jdk7u51\527\hotspot\src\share\vm\prims\jvm.cpp:1244
Event: 1.242 Thread 0x000000000a1d7000 Threw 0x00000000eb284ff8 at C:\re\jdk7u51\527\hotspot\src\share\vm\prims\jvm.cpp:1244
Event: 1.243 Thread 0x000000000a1d7000 Threw 0x00000000eb28a828 at C:\re\jdk7u51\527\hotspot\src\share\vm\prims\jvm.cpp:1244
Event: 1.244 Thread 0x000000000a1d7000 Threw 0x00000000eb2930e8 at C:\re\jdk7u51\527\hotspot\src\share\vm\prims\jvm.cpp:1244
Event: 1.245 Thread 0x000000000a1d7000 Threw 0x00000000eb298530 at C:\re\jdk7u51\527\hotspot\src\share\vm\prims\jvm.cpp:1244
Event: 1.246 Thread 0x000000000a1d7000 Threw 0x00000000eb29b330 at C:\re\jdk7u51\527\hotspot\src\share\vm\prims\jvm.cpp:1244
Event: 1.269 Thread 0x000000000a100000 Threw 0x00000000eb489238 at C:\re\jdk7u51\527\hotspot\src\share\vm\prims\jvm.cpp:1244
Event: 1.602 Thread 0x000000000a100000 Implicit null exception at 0x0000000002927ea3 to 0x000000000292884d
Event: 1.845 Thread 0x000000000a0f0000 Threw 0x00000000eb887638 at C:\re\jdk7u51\527\hotspot\src\share\vm\prims\jvm.cpp:1244

Events (10 events):
Event: 1.846 loading class 0x0000000002829360
Event: 1.846 loading class 0x0000000002829360 done
Event: 1.847 loading class 0x0000000002829330
Event: 1.847 loading class 0x0000000002829330 done
Event: 2.014 Thread 0x000000000a0f0000 Uncommon trap: trap_request=0xffffffde fr.pc=0x000000000293f3a0
Event: 2.014 Thread 0x000000000a0f0000 DEOPT PACKING pc=0x000000000293f3a0 sp=0x000000000a4fe910
Event: 2.014 Thread 0x000000000a0f0000 DEOPT UNPACKING pc=0x00000000028e75a4 sp=0x000000000a4fe8a8 mode 2
Event: 2.023 Thread 0x000000000a0f0000 Uncommon trap: trap_request=0xffffffde fr.pc=0x000000000293f3a0
Event: 2.023 Thread 0x000000000a0f0000 DEOPT PACKING pc=0x000000000293f3a0 sp=0x000000000a4fea30
Event: 2.023 Thread 0x000000000a0f0000 DEOPT UNPACKING pc=0x00000000028e75a4 sp=0x000000000a4fe9c8 mode 2


Dynamic libraries:
0x00007ff7746c0000 - 0x00007ff7746f3000 	C:\Program Files\Java\jdk1.7.0_51\bin\java.exe
0x00007fffe5e90000 - 0x00007fffe603d000 	C:\WINDOWS\SYSTEM32\ntdll.dll
0x00007fffe3890000 - 0x00007fffe39ce000 	C:\WINDOWS\system32\KERNEL32.DLL
0x00007fffe3400000 - 0x00007fffe3515000 	C:\WINDOWS\system32\KERNELBASE.dll
0x00007fffe19e0000 - 0x00007fffe1a6e000 	C:\WINDOWS\system32\apphelp.dll
0x00007fffd26e0000 - 0x00007fffd2733000 	C:\WINDOWS\AppPatch\AppPatch64\AcGenral.DLL
0x00007fffe40b0000 - 0x00007fffe415a000 	C:\WINDOWS\system32\msvcrt.dll
0x00007fffe3090000 - 0x00007fffe30be000 	C:\WINDOWS\system32\SspiCli.dll
0x00007fffe3830000 - 0x00007fffe3884000 	C:\WINDOWS\system32\SHLWAPI.dll
0x00007fffe3d30000 - 0x00007fffe3ea7000 	C:\WINDOWS\system32\USER32.dll
0x00007fffe3690000 - 0x00007fffe3824000 	C:\WINDOWS\system32\ole32.dll
0x00007fffe4890000 - 0x00007fffe5dba000 	C:\WINDOWS\system32\SHELL32.dll
0x00007fffe2590000 - 0x00007fffe25b1000 	C:\WINDOWS\SYSTEM32\USERENV.dll
0x00007fffe35e0000 - 0x00007fffe368a000 	C:\WINDOWS\system32\ADVAPI32.dll
0x00007fffd4650000 - 0x00007fffd466e000 	C:\WINDOWS\SYSTEM32\MPR.dll
0x00007fffe4310000 - 0x00007fffe4450000 	C:\WINDOWS\system32\RPCRT4.dll
0x00007fffe5e30000 - 0x00007fffe5e89000 	C:\WINDOWS\SYSTEM32\sechost.dll
0x00007fffe3b00000 - 0x00007fffe3d11000 	C:\WINDOWS\SYSTEM32\combase.dll
0x00007fffe4160000 - 0x00007fffe42af000 	C:\WINDOWS\system32\GDI32.dll
0x00007fffe2f50000 - 0x00007fffe2f65000 	C:\WINDOWS\SYSTEM32\profapi.dll
0x00007fffe0f40000 - 0x00007fffe0ff2000 	C:\WINDOWS\SYSTEM32\SHCORE.dll
0x00007fffe4690000 - 0x00007fffe46c6000 	C:\WINDOWS\system32\IMM32.DLL
0x00007fffe4460000 - 0x00007fffe45b2000 	C:\WINDOWS\system32\MSCTF.dll
0x00007fffdf830000 - 0x00007fffdfaab000 	C:\WINDOWS\WinSxS\amd64_microsoft.windows.common-controls_6595b64144ccf1df_6.0.9600.18006_none_623f33d3ecbe86e8\COMCTL32.dll
0x0000000072e80000 - 0x0000000072f52000 	C:\Program Files\Java\jdk1.7.0_51\jre\bin\msvcr100.dll
0x00000000726b0000 - 0x0000000072e79000 	C:\Program Files\Java\jdk1.7.0_51\jre\bin\server\jvm.dll
0x00007fffd78b0000 - 0x00007fffd78b9000 	C:\WINDOWS\SYSTEM32\WSOCK32.dll
0x00007fffd78f0000 - 0x00007fffd7912000 	C:\WINDOWS\SYSTEM32\WINMM.dll
0x00007fffe4880000 - 0x00007fffe4887000 	C:\WINDOWS\system32\PSAPI.DLL
0x00007fffe39d0000 - 0x00007fffe3a2a000 	C:\WINDOWS\system32\WS2_32.dll
0x00007fffd78c0000 - 0x00007fffd78ea000 	C:\WINDOWS\SYSTEM32\WINMMBASE.dll
0x00007fffe3a30000 - 0x00007fffe3a39000 	C:\WINDOWS\system32\NSI.dll
0x00007fffe33b0000 - 0x00007fffe33ff000 	C:\WINDOWS\SYSTEM32\cfgmgr32.dll
0x00007fffe1de0000 - 0x00007fffe1e08000 	C:\WINDOWS\SYSTEM32\DEVOBJ.dll
0x00000000726a0000 - 0x00000000726af000 	C:\Program Files\Java\jdk1.7.0_51\jre\bin\verify.dll
0x0000000072670000 - 0x0000000072698000 	C:\Program Files\Java\jdk1.7.0_51\jre\bin\java.dll
0x0000000072650000 - 0x0000000072665000 	C:\Program Files\Java\jdk1.7.0_51\jre\bin\zip.dll

VM Arguments:
jvm_args: -Djava.awt.headless=true -Xmx1024M -Dfile.encoding=windows-31j -Duser.country=JP -Duser.language=ja -Duser.variant 
java_command: com.android.dx.command.Main --dex --force-jumbo --num-threads=4 --multi-dex --output C:\AndroidStudioProject\OpenGLESUtil\app\build\intermediates\transforms\dex\debug\folders\1000\5\slice_0 C:\AndroidStudioProject\OpenGLESUtil\app\build\intermediates\transforms\instantRunSlicer\debug\folders\1\5\slice_0
Launcher Type: SUN_STANDARD

Environment Variables:
JAVA_HOME=C:\Program Files\Java\jdk1.8.0_45
CLASSPATH=.;C:\Program Files (x86)\QuickTime\QTSystem\QTJava.zip
PATH=C:\Program Files\Haskell\bin;C:\Program Files\Haskell Platform\2014.2.0.0\lib\extralibs\bin;C:\Program Files\Haskell Platform\2014.2.0.0\bin;C:\ProgramData\Oracle\Java\javapath;C:\Program Files\Java\jdk1.7.0_45\bin;C:\Program Files (x86)\Intel\iCLS Client\;C:\Program Files\Intel\iCLS Client\;C:\WINDOWS\system32;C:\WINDOWS;C:\WINDOWS\System32\Wbem;C:\WINDOWS\System32\WindowsPowerShell\v1.0\;C:\Program Files (x86)\Intel\OpenCL SDK\2.0\bin\x86;C:\Program Files (x86)\Intel\OpenCL SDK\2.0\bin\x64;C:\Program Files\Intel\Intel(R) Management Engine Components\DAL;C:\Program Files\Intel\Intel(R) Management Engine Components\IPT;C:\Program Files (x86)\Intel\Intel(R) Management Engine Components\DAL;C:\Program Files (x86)\Intel\Intel(R) Management Engine Components\IPT;C:\Program Files (x86)\Symantec\VIP Access Client\;C:\Program Files\Intel\WiFi\bin\;C:\Program Files\Common Files\Intel\WirelessCommon\;C:\Program Files\Microsoft SQL Server\110\Tools\Binn\;c:\Program Files (x86)\Microsoft SQL Server\100\Tools\Binn\;c:\Program Files\Microsoft SQL Server\100\Tools\Binn\;c:\Program Files\Microsoft SQL Server\100\DTS\Binn\;C:\Program Files (x86)\QuickTime\QTSystem\;C:\adt-bundle-windows-x86_64-20140702\sdk\platform-tools;C:\Program Files (x86)\Toshiba\Bluetooth Toshiba Stack\sys\;C:\Program Files (x86)\Toshiba\Bluetooth Toshiba Stack\sys\x64\;C:\Program Files\Haskell Platform\2014.2.0.0\mingw\bin;C:\Program Files\Microsoft\Web Platform Installer\;C:\Users\テツヤ\.dnx\bin;C:\Program Files\Microsoft DNX\Dnvm\;C:\Program Files (x86)\Windows Kits\8.1\Windows Performance Toolkit\;C:\Program Files (x86)\Skype\Phone\;C:\Users\テツヤ\AppData\Roaming\cabal\bin;C:\GNUstep\bin;C:\GNUstep\GNUstep\System\Tools;C:\Program Files (x86)\Vim\vim74;C:\Program Files\Haskell Platform\2014.2.0.0\bin;C:\common files\Util\tools\tpad090;C:\nasm\nasm-2.11.08
USERNAME=テツヤ
OS=Windows_NT
PROCESSOR_IDENTIFIER=Intel64 Family 6 Model 58 Stepping 9, GenuineIntel



---------------  S Y S T E M  ---------------

OS: Windows 8 , 64 bit Build 9200 

CPU:total 4 (2 cores per cpu, 2 threads per core) family 6 model 58 stepping 9, cmov, cx8, fxsr, mmx, sse, sse2, sse3, ssse3, sse4.1, sse4.2, popcnt, avx, aes, erms, ht, tsc, tscinvbit, tscinv

Memory: 4k page, physical 4053208k(198860k free), swap 7198936k(5152k free)

vm_info: Java HotSpot(TM) 64-Bit Server VM (24.51-b03) for windows-amd64 JRE (1.7.0_51-b13), built on Dec 18 2013 18:40:56 by "java_re" with unknown MS VC++:1600

time: Sat Jul 09 02:13:54 2016
elapsed time: 2 seconds

