#
# There is insufficient memory for the Java Runtime Environment to continue.
# Native memory allocation (malloc) failed to allocate 48624 bytes for Chunk::new
# Possible reasons:
#   The system is out of physical RAM or swap space
#   In 32 bit mode, the process size limit was hit
# Possible solutions:
#   Reduce memory load on the system
#   Increase physical memory or swap space
#   Check if swap backing store is full
#   Use 64 bit Java on a 64 bit OS
#   Decrease Java heap size (-Xmx/-Xms)
#   Decrease number of Java threads
#   Decrease Java thread stack sizes (-Xss)
#   Set larger code cache with -XX:ReservedCodeCacheSize=
# This output file may be truncated or incomplete.
#
#  Out of Memory Error (allocation.cpp:323), pid=12872, tid=7280
#
# JRE version: Java(TM) SE Runtime Environment (7.0_51-b13) (build 1.7.0_51-b13)
# Java VM: Java HotSpot(TM) 64-Bit Server VM (24.51-b03 mixed mode windows-amd64 compressed oops)
# Failed to write core dump. Minidumps are not enabled by default on client versions of Windows
#

---------------  T H R E A D  ---------------

Current thread (0x0000000008dcf000):  JavaThread "C2 CompilerThread0" daemon [_thread_in_native, id=7280, stack(0x000000000a330000,0x000000000a430000)]

Stack: [0x000000000a330000,0x000000000a430000]

Current CompileTask:
C2:   2026   46             com.android.dx.ssa.SsaBasicBlock::forEachInsn (37 bytes)


---------------  P R O C E S S  ---------------

Java Threads: ( => current thread )
  0x000000000a836800 JavaThread "pool-2-thread-4" [_thread_in_Java, id=7296, stack(0x000000000af30000,0x000000000b030000)]
  0x000000000a880800 JavaThread "pool-2-thread-3" [_thread_in_vm, id=6336, stack(0x000000000ae30000,0x000000000af30000)]
  0x000000000a7f5000 JavaThread "pool-2-thread-2" [_thread_in_Java, id=13576, stack(0x000000000ad30000,0x000000000ae30000)]
  0x000000000a7ed800 JavaThread "pool-3-thread-1" [_thread_blocked, id=10940, stack(0x000000000ac30000,0x000000000ad30000)]
  0x000000000a7c9800 JavaThread "pool-2-thread-1" [_thread_in_Java, id=14536, stack(0x000000000ab30000,0x000000000ac30000)]
  0x0000000008ddf800 JavaThread "Service Thread" daemon [_thread_blocked, id=8308, stack(0x000000000a530000,0x000000000a630000)]
  0x0000000008ddb800 JavaThread "C2 CompilerThread1" daemon [_thread_in_native, id=10368, stack(0x000000000a430000,0x000000000a530000)]
=>0x0000000008dcf000 JavaThread "C2 CompilerThread0" daemon [_thread_in_native, id=7280, stack(0x000000000a330000,0x000000000a430000)]
  0x0000000008dce000 JavaThread "Attach Listener" daemon [_thread_blocked, id=524, stack(0x000000000a230000,0x000000000a330000)]
  0x0000000008da8000 JavaThread "Signal Dispatcher" daemon [_thread_blocked, id=7928, stack(0x000000000a130000,0x000000000a230000)]
  0x0000000008d8e800 JavaThread "Finalizer" daemon [_thread_blocked, id=5460, stack(0x000000000a030000,0x000000000a130000)]
  0x0000000008d83800 JavaThread "Reference Handler" daemon [_thread_blocked, id=11920, stack(0x0000000009f30000,0x000000000a030000)]
  0x0000000002eee000 JavaThread "main" [_thread_in_Java, id=15228, stack(0x0000000002cf0000,0x0000000002df0000)]

Other Threads:
  0x0000000008d81800 VMThread [stack: 0x0000000009e30000,0x0000000009f30000] [id=12252]
  0x0000000008ded800 WatcherThread [stack: 0x000000000a630000,0x000000000a730000] [id=12808]

VM state:not at safepoint (normal execution)

VM Mutex/Monitor currently owned by a thread: None

Heap
 PSYoungGen      total 18944K, used 11029K [0x00000000eaa80000, 0x00000000ebf80000, 0x0000000100000000)
  eden space 16384K, 67% used [0x00000000eaa80000,0x00000000eb545658,0x00000000eba80000)
  from space 2560K, 0% used [0x00000000ebd00000,0x00000000ebd00000,0x00000000ebf80000)
  to   space 2560K, 0% used [0x00000000eba80000,0x00000000eba80000,0x00000000ebd00000)
 ParOldGen       total 41984K, used 0K [0x00000000c0000000, 0x00000000c2900000, 0x00000000eaa80000)
  object space 41984K, 0% used [0x00000000c0000000,0x00000000c0000000,0x00000000c2900000)
 PSPermGen       total 21504K, used 5118K [0x00000000bae00000, 0x00000000bc300000, 0x00000000c0000000)
  object space 21504K, 23% used [0x00000000bae00000,0x00000000bb2ffaa0,0x00000000bc300000)

Card table byte_map: [0x0000000005ff0000,0x0000000006220000] byte_map_base: 0x0000000005a19000

Polling page: 0x00000000013c0000

Code Cache  [0x0000000002ff0000, 0x0000000003260000, 0x0000000005ff0000)
 total_blobs=265 nmethods=50 adapters=167 free_code_cache=48701Kb largest_free_block=49852032

Compilation events (10 events):
Event: 2.012 Thread 0x0000000008dcf000   46             com.android.dx.ssa.SsaBasicBlock::forEachInsn (37 bytes)
Event: 2.013 Thread 0x0000000008ddb800   47             com.android.dx.rop.code.Rop::getBranchingness (5 bytes)
Event: 2.013 Thread 0x0000000008ddb800 nmethod 47 0x0000000003061890 code [0x00000000030619c0, 0x0000000003061a18]
Event: 2.016 Thread 0x0000000008ddb800   48             java.util.BitSet::nextSetBit (102 bytes)
Event: 2.018 Thread 0x0000000008ddb800 nmethod 48 0x0000000003061510 code [0x0000000003061660, 0x0000000003061778]
Event: 2.018 Thread 0x0000000008ddb800   49             java.util.ArrayList::ensureExplicitCapacity (26 bytes)
Event: 2.021 Thread 0x0000000008ddb800 nmethod 49 0x0000000003060fd0 code [0x0000000003061120, 0x0000000003061368]
Event: 2.021 Thread 0x0000000008ddb800   50             com.android.dx.util.IntList::size (5 bytes)
Event: 2.022 Thread 0x0000000008ddb800 nmethod 50 0x0000000003060d10 code [0x0000000003060e40, 0x0000000003060e98]
Event: 2.022 Thread 0x0000000008ddb800   51             java.util.ArrayList::ensureCapacityInternal (23 bytes)

GC Heap History (0 events):
No events

Deoptimization events (0 events):
No events

Internal exceptions (10 events):
Event: 1.902 Thread 0x000000000a7c9800 Threw 0x00000000eb1e93a8 at C:\re\jdk7u51\527\hotspot\src\share\vm\prims\jvm.cpp:1244
Event: 1.907 Thread 0x000000000a836800 Threw 0x00000000eb18b830 at C:\re\jdk7u51\527\hotspot\src\share\vm\prims\jvm.cpp:1244
Event: 1.907 Thread 0x000000000a836800 Threw 0x00000000eb191870 at C:\re\jdk7u51\527\hotspot\src\share\vm\prims\jvm.cpp:1244
Event: 1.908 Thread 0x000000000a836800 Threw 0x00000000eb195d90 at C:\re\jdk7u51\527\hotspot\src\share\vm\prims\jvm.cpp:1244
Event: 1.909 Thread 0x000000000a836800 Threw 0x00000000eb19b5c0 at C:\re\jdk7u51\527\hotspot\src\share\vm\prims\jvm.cpp:1244
Event: 1.911 Thread 0x000000000a836800 Threw 0x00000000eb1a4090 at C:\re\jdk7u51\527\hotspot\src\share\vm\prims\jvm.cpp:1244
Event: 1.911 Thread 0x000000000a836800 Threw 0x00000000eb1a92c8 at C:\re\jdk7u51\527\hotspot\src\share\vm\prims\jvm.cpp:1244
Event: 1.912 Thread 0x000000000a836800 Threw 0x00000000eb1ac3e8 at C:\re\jdk7u51\527\hotspot\src\share\vm\prims\jvm.cpp:1244
Event: 1.912 Thread 0x000000000a836800 Threw 0x00000000eb1afb08 at C:\re\jdk7u51\527\hotspot\src\share\vm\prims\jvm.cpp:1244
Event: 2.012 Thread 0x000000000a836800 Threw 0x00000000eb395490 at C:\re\jdk7u51\527\hotspot\src\share\vm\prims\jvm.cpp:1244

Events (10 events):
Event: 1.911 loading class 0x0000000008e3cf10
Event: 1.911 loading class 0x0000000008e3cf10 done
Event: 1.912 loading class 0x000000000a7f0000
Event: 1.912 loading class 0x000000000a7f0000 done
Event: 1.912 loading class 0x000000000a7bf710
Event: 1.912 loading class 0x000000000a7bf710 done
Event: 2.012 loading class 0x000000000a890580
Event: 2.012 loading class 0x000000000a890580 done
Event: 2.019 loading class 0x0000000002f6ad10
Event: 2.019 loading class 0x0000000002f6ad10 done


Dynamic libraries:
0x00007ff7746c0000 - 0x00007ff7746f3000 	C:\Program Files\Java\jdk1.7.0_51\bin\java.exe
0x00007fffe5e90000 - 0x00007fffe603d000 	C:\WINDOWS\SYSTEM32\ntdll.dll
0x00007fffe3890000 - 0x00007fffe39ce000 	C:\WINDOWS\system32\KERNEL32.DLL
0x00007fffe3400000 - 0x00007fffe3515000 	C:\WINDOWS\system32\KERNELBASE.dll
0x00007fffe19e0000 - 0x00007fffe1a6e000 	C:\WINDOWS\system32\apphelp.dll
0x00007fffd26e0000 - 0x00007fffd2733000 	C:\WINDOWS\AppPatch\AppPatch64\AcGenral.DLL
0x00007fffe40b0000 - 0x00007fffe415a000 	C:\WINDOWS\system32\msvcrt.dll
0x00007fffe3090000 - 0x00007fffe30be000 	C:\WINDOWS\system32\SspiCli.dll
0x00007fffe3830000 - 0x00007fffe3884000 	C:\WINDOWS\system32\SHLWAPI.dll
0x00007fffe3d30000 - 0x00007fffe3ea7000 	C:\WINDOWS\system32\USER32.dll
0x00007fffe3690000 - 0x00007fffe3824000 	C:\WINDOWS\system32\ole32.dll
0x00007fffe4890000 - 0x00007fffe5dba000 	C:\WINDOWS\system32\SHELL32.dll
0x00007fffe2590000 - 0x00007fffe25b1000 	C:\WINDOWS\SYSTEM32\USERENV.dll
0x00007fffe35e0000 - 0x00007fffe368a000 	C:\WINDOWS\system32\ADVAPI32.dll
0x00007fffd4650000 - 0x00007fffd466e000 	C:\WINDOWS\SYSTEM32\MPR.dll
0x00007fffe4310000 - 0x00007fffe4450000 	C:\WINDOWS\system32\RPCRT4.dll
0x00007fffe5e30000 - 0x00007fffe5e89000 	C:\WINDOWS\SYSTEM32\sechost.dll
0x00007fffe3b00000 - 0x00007fffe3d11000 	C:\WINDOWS\SYSTEM32\combase.dll
0x00007fffe4160000 - 0x00007fffe42af000 	C:\WINDOWS\system32\GDI32.dll
0x00007fffe2f50000 - 0x00007fffe2f65000 	C:\WINDOWS\SYSTEM32\profapi.dll
0x00007fffe0f40000 - 0x00007fffe0ff2000 	C:\WINDOWS\SYSTEM32\SHCORE.dll
0x00007fffe4690000 - 0x00007fffe46c6000 	C:\WINDOWS\system32\IMM32.DLL
0x00007fffe4460000 - 0x00007fffe45b2000 	C:\WINDOWS\system32\MSCTF.dll
0x00007fffdf830000 - 0x00007fffdfaab000 	C:\WINDOWS\WinSxS\amd64_microsoft.windows.common-controls_6595b64144ccf1df_6.0.9600.18006_none_623f33d3ecbe86e8\COMCTL32.dll
0x0000000072e80000 - 0x0000000072f52000 	C:\Program Files\Java\jdk1.7.0_51\jre\bin\msvcr100.dll
0x00000000726b0000 - 0x0000000072e79000 	C:\Program Files\Java\jdk1.7.0_51\jre\bin\server\jvm.dll
0x00007fffd78b0000 - 0x00007fffd78b9000 	C:\WINDOWS\SYSTEM32\WSOCK32.dll
0x00007fffd78f0000 - 0x00007fffd7912000 	C:\WINDOWS\SYSTEM32\WINMM.dll
0x00007fffe4880000 - 0x00007fffe4887000 	C:\WINDOWS\system32\PSAPI.DLL
0x00007fffe39d0000 - 0x00007fffe3a2a000 	C:\WINDOWS\system32\WS2_32.dll
0x00007fffd78c0000 - 0x00007fffd78ea000 	C:\WINDOWS\SYSTEM32\WINMMBASE.dll
0x00007fffe3a30000 - 0x00007fffe3a39000 	C:\WINDOWS\system32\NSI.dll
0x00007fffe33b0000 - 0x00007fffe33ff000 	C:\WINDOWS\SYSTEM32\cfgmgr32.dll
0x00007fffe1de0000 - 0x00007fffe1e08000 	C:\WINDOWS\SYSTEM32\DEVOBJ.dll
0x00000000726a0000 - 0x00000000726af000 	C:\Program Files\Java\jdk1.7.0_51\jre\bin\verify.dll
0x0000000072670000 - 0x0000000072698000 	C:\Program Files\Java\jdk1.7.0_51\jre\bin\java.dll
0x0000000072650000 - 0x0000000072665000 	C:\Program Files\Java\jdk1.7.0_51\jre\bin\zip.dll

VM Arguments:
jvm_args: -Djava.awt.headless=true -Xmx1024M -Dfile.encoding=windows-31j -Duser.country=JP -Duser.language=ja -Duser.variant 
java_command: com.android.dx.command.Main --dex --force-jumbo --num-threads=4 --multi-dex --output C:\AndroidStudioProject\OpenGLESUtil\app\build\intermediates\transforms\dex\debug\folders\1000\5\slice_2 C:\AndroidStudioProject\OpenGLESUtil\app\build\intermediates\transforms\instantRunSlicer\debug\folders\1\5\slice_2
Launcher Type: SUN_STANDARD

Environment Variables:
JAVA_HOME=C:\Program Files\Java\jdk1.8.0_45
CLASSPATH=.;C:\Program Files (x86)\QuickTime\QTSystem\QTJava.zip
PATH=C:\Program Files\Haskell\bin;C:\Program Files\Haskell Platform\2014.2.0.0\lib\extralibs\bin;C:\Program Files\Haskell Platform\2014.2.0.0\bin;C:\ProgramData\Oracle\Java\javapath;C:\Program Files\Java\jdk1.7.0_45\bin;C:\Program Files (x86)\Intel\iCLS Client\;C:\Program Files\Intel\iCLS Client\;C:\WINDOWS\system32;C:\WINDOWS;C:\WINDOWS\System32\Wbem;C:\WINDOWS\System32\WindowsPowerShell\v1.0\;C:\Program Files (x86)\Intel\OpenCL SDK\2.0\bin\x86;C:\Program Files (x86)\Intel\OpenCL SDK\2.0\bin\x64;C:\Program Files\Intel\Intel(R) Management Engine Components\DAL;C:\Program Files\Intel\Intel(R) Management Engine Components\IPT;C:\Program Files (x86)\Intel\Intel(R) Management Engine Components\DAL;C:\Program Files (x86)\Intel\Intel(R) Management Engine Components\IPT;C:\Program Files (x86)\Symantec\VIP Access Client\;C:\Program Files\Intel\WiFi\bin\;C:\Program Files\Common Files\Intel\WirelessCommon\;C:\Program Files\Microsoft SQL Server\110\Tools\Binn\;c:\Program Files (x86)\Microsoft SQL Server\100\Tools\Binn\;c:\Program Files\Microsoft SQL Server\100\Tools\Binn\;c:\Program Files\Microsoft SQL Server\100\DTS\Binn\;C:\Program Files (x86)\QuickTime\QTSystem\;C:\adt-bundle-windows-x86_64-20140702\sdk\platform-tools;C:\Program Files (x86)\Toshiba\Bluetooth Toshiba Stack\sys\;C:\Program Files (x86)\Toshiba\Bluetooth Toshiba Stack\sys\x64\;C:\Program Files\Haskell Platform\2014.2.0.0\mingw\bin;C:\Program Files\Microsoft\Web Platform Installer\;C:\Users\テツヤ\.dnx\bin;C:\Program Files\Microsoft DNX\Dnvm\;C:\Program Files (x86)\Windows Kits\8.1\Windows Performance Toolkit\;C:\Program Files (x86)\Skype\Phone\;C:\Users\テツヤ\AppData\Roaming\cabal\bin;C:\GNUstep\bin;C:\GNUstep\GNUstep\System\Tools;C:\Program Files (x86)\Vim\vim74;C:\Program Files\Haskell Platform\2014.2.0.0\bin;C:\common files\Util\tools\tpad090;C:\nasm\nasm-2.11.08
USERNAME=テツヤ
OS=Windows_NT
PROCESSOR_IDENTIFIER=Intel64 Family 6 Model 58 Stepping 9, GenuineIntel



---------------  S Y S T E M  ---------------

OS: Windows 8 , 64 bit Build 9200 

CPU:total 4 (2 cores per cpu, 2 threads per core) family 6 model 58 stepping 9, cmov, cx8, fxsr, mmx, sse, sse2, sse3, ssse3, sse4.1, sse4.2, popcnt, avx, aes, erms, ht, tsc, tscinvbit, tscinv

Memory: 4k page, physical 4053208k(236780k free), swap 7198936k(5044k free)

vm_info: Java HotSpot(TM) 64-Bit Server VM (24.51-b03) for windows-amd64 JRE (1.7.0_51-b13), built on Dec 18 2013 18:40:56 by "java_re" with unknown MS VC++:1600

time: Sat Jul 09 02:14:06 2016
elapsed time: 2 seconds

