#
# There is insufficient memory for the Java Runtime Environment to continue.
# Native memory allocation (malloc) failed to allocate 771056 bytes for Chunk::new
# Possible reasons:
#   The system is out of physical RAM or swap space
#   In 32 bit mode, the process size limit was hit
# Possible solutions:
#   Reduce memory load on the system
#   Increase physical memory or swap space
#   Check if swap backing store is full
#   Use 64 bit Java on a 64 bit OS
#   Decrease Java heap size (-Xmx/-Xms)
#   Decrease number of Java threads
#   Decrease Java thread stack sizes (-Xss)
#   Set larger code cache with -XX:ReservedCodeCacheSize=
# This output file may be truncated or incomplete.
#
#  Out of Memory Error (allocation.cpp:323), pid=15640, tid=5200
#
# JRE version: Java(TM) SE Runtime Environment (7.0_51-b13) (build 1.7.0_51-b13)
# Java VM: Java HotSpot(TM) 64-Bit Server VM (24.51-b03 mixed mode windows-amd64 compressed oops)
# Failed to write core dump. Minidumps are not enabled by default on client versions of Windows
#

---------------  T H R E A D  ---------------

Current thread (0x0000000008778000):  JavaThread "C2 CompilerThread0" daemon [_thread_in_native, id=5200, stack(0x0000000009d00000,0x0000000009e00000)]

Stack: [0x0000000009d00000,0x0000000009e00000]

Current CompileTask:
C2:   2469  182             com.android.dx.ssa.Dominators::run (506 bytes)


---------------  P R O C E S S  ---------------

Java Threads: ( => current thread )
  0x000000000a2d6000 JavaThread "pool-2-thread-4" [_thread_in_Java, id=9252, stack(0x000000000a900000,0x000000000aa00000)]
  0x000000000a2d4800 JavaThread "pool-2-thread-3" [_thread_in_Java, id=15436, stack(0x000000000a800000,0x000000000a900000)]
  0x000000000a2cd000 JavaThread "pool-2-thread-2" [_thread_in_vm, id=1520, stack(0x000000000a700000,0x000000000a800000)]
  0x000000000a1df800 JavaThread "pool-3-thread-1" [_thread_blocked, id=10680, stack(0x000000000a600000,0x000000000a700000)]
  0x000000000a16a800 JavaThread "pool-2-thread-1" [_thread_in_Java, id=1268, stack(0x000000000a500000,0x000000000a600000)]
  0x00000000087af800 JavaThread "Service Thread" daemon [_thread_blocked, id=8360, stack(0x0000000009f00000,0x000000000a000000)]
  0x00000000087ab800 JavaThread "C2 CompilerThread1" daemon [_thread_in_native, id=9020, stack(0x0000000009e00000,0x0000000009f00000)]
=>0x0000000008778000 JavaThread "C2 CompilerThread0" daemon [_thread_in_native, id=5200, stack(0x0000000009d00000,0x0000000009e00000)]
  0x000000000879f000 JavaThread "Attach Listener" daemon [_thread_blocked, id=14820, stack(0x0000000009c00000,0x0000000009d00000)]
  0x000000000879c000 JavaThread "Signal Dispatcher" daemon [_thread_blocked, id=15268, stack(0x0000000009b00000,0x0000000009c00000)]
  0x000000000875f800 JavaThread "Finalizer" daemon [_thread_blocked, id=16280, stack(0x0000000009a00000,0x0000000009b00000)]
  0x0000000008753800 JavaThread "Reference Handler" daemon [_thread_blocked, id=16296, stack(0x0000000009900000,0x0000000009a00000)]
  0x000000000247e000 JavaThread "main" [_thread_blocked, id=15992, stack(0x00000000027a0000,0x00000000028a0000)]

Other Threads:
  0x0000000008751800 VMThread [stack: 0x0000000009800000,0x0000000009900000] [id=9692]
  0x00000000087bd000 WatcherThread [stack: 0x000000000a000000,0x000000000a100000] [id=15524]

VM state:not at safepoint (normal execution)

VM Mutex/Monitor currently owned by a thread: None

Heap
 PSYoungGen      total 18944K, used 11152K [0x00000000eaa80000, 0x00000000ebf80000, 0x0000000100000000)
  eden space 16384K, 52% used [0x00000000eaa80000,0x00000000eb2eaaa8,0x00000000eba80000)
  from space 2560K, 98% used [0x00000000eba80000,0x00000000ebcf9638,0x00000000ebd00000)
  to   space 2560K, 0% used [0x00000000ebd00000,0x00000000ebd00000,0x00000000ebf80000)
 ParOldGen       total 41984K, used 1967K [0x00000000c0000000, 0x00000000c2900000, 0x00000000eaa80000)
  object space 41984K, 4% used [0x00000000c0000000,0x00000000c01ebcf8,0x00000000c2900000)
 PSPermGen       total 21504K, used 5333K [0x00000000bae00000, 0x00000000bc300000, 0x00000000c0000000)
  object space 21504K, 24% used [0x00000000bae00000,0x00000000bb335480,0x00000000bc300000)

Card table byte_map: [0x00000000059a0000,0x0000000005bd0000] byte_map_base: 0x00000000053c9000

Polling page: 0x0000000000c40000

Code Cache  [0x00000000029a0000, 0x0000000002c10000, 0x00000000059a0000)
 total_blobs=400 nmethods=185 adapters=167 free_code_cache=48409Kb largest_free_block=49546432

Compilation events (10 events):
Event: 2.341 Thread 0x0000000008778000 nmethod 181 0x0000000002a4cbd0 code [0x0000000002a4cd00, 0x0000000002a4cd58]
Event: 2.382 Thread 0x00000000087ab800 nmethod 178 0x0000000002a5bed0 code [0x0000000002a5c1a0, 0x0000000002a5d2d8]
Event: 2.392 Thread 0x0000000008778000  182             com.android.dx.ssa.Dominators::run (506 bytes)
Event: 2.396 Thread 0x00000000087ab800  183             com.android.dx.ssa.SsaMethod::getUseListCopy (56 bytes)
Event: 2.403 Thread 0x00000000087ab800 nmethod 183 0x0000000002a5b510 code [0x0000000002a5b680, 0x0000000002a5bb28]
Event: 2.407 Thread 0x00000000087ab800  184             com.android.dx.util.FixedSizeList::getOrNull0 (7 bytes)
Event: 2.408 Thread 0x00000000087ab800 nmethod 184 0x0000000002a4c950 code [0x0000000002a4ca80, 0x0000000002a4cb18]
Event: 2.415 Thread 0x00000000087ab800  185             com.android.dx.util.Bits::clear (21 bytes)
Event: 2.416 Thread 0x00000000087ab800 nmethod 185 0x0000000002a4c6d0 code [0x0000000002a4c800, 0x0000000002a4c898]
Event: 2.416 Thread 0x00000000087ab800  186             com.android.dx.ssa.SsaBasicBlock::newFromRop (183 bytes)

GC Heap History (2 events):
Event: 2.147 GC heap before
{Heap before GC invocations=1 (full 0):
 PSYoungGen      total 18944K, used 16384K [0x00000000eaa80000, 0x00000000ebf80000, 0x0000000100000000)
  eden space 16384K, 100% used [0x00000000eaa80000,0x00000000eba80000,0x00000000eba80000)
  from space 2560K, 0% used [0x00000000ebd00000,0x00000000ebd00000,0x00000000ebf80000)
  to   space 2560K, 0% used [0x00000000eba80000,0x00000000eba80000,0x00000000ebd00000)
 ParOldGen       total 41984K, used 0K [0x00000000c0000000, 0x00000000c2900000, 0x00000000eaa80000)
  object space 41984K, 0% used [0x00000000c0000000,0x00000000c0000000,0x00000000c2900000)
 PSPermGen       total 21504K, used 5243K [0x00000000bae00000, 0x00000000bc300000, 0x00000000c0000000)
  object space 21504K, 24% used [0x00000000bae00000,0x00000000bb31eea0,0x00000000bc300000)
Event: 2.165 GC heap after
Heap after GC invocations=1 (full 0):
 PSYoungGen      total 18944K, used 2533K [0x00000000eaa80000, 0x00000000ebf80000, 0x0000000100000000)
  eden space 16384K, 0% used [0x00000000eaa80000,0x00000000eaa80000,0x00000000eba80000)
  from space 2560K, 98% used [0x00000000eba80000,0x00000000ebcf9638,0x00000000ebd00000)
  to   space 2560K, 0% used [0x00000000ebd00000,0x00000000ebd00000,0x00000000ebf80000)
 ParOldGen       total 41984K, used 1967K [0x00000000c0000000, 0x00000000c2900000, 0x00000000eaa80000)
  object space 41984K, 4% used [0x00000000c0000000,0x00000000c01ebcf8,0x00000000c2900000)
 PSPermGen       total 21504K, used 5243K [0x00000000bae00000, 0x00000000bc300000, 0x00000000c0000000)
  object space 21504K, 24% used [0x00000000bae00000,0x00000000bb31eea0,0x00000000bc300000)
}

Deoptimization events (3 events):
Event: 1.649 Thread 0x000000000a16a800 Uncommon trap: reason=null_check action=make_not_entrant pc=0x0000000002a142ec method=com.android.dx.rop.code.LocalItem.equals(Ljava/lang/Object;)Z @ 1
Event: 1.863 Thread 0x000000000a16a800 Uncommon trap: reason=class_check action=maybe_recompile pc=0x0000000002a1dfe4 method=com.android.dx.ssa.NormalSsaInsn.accept(Lcom/android/dx/ssa/SsaInsn$Visitor;)V @ 9
Event: 1.956 Thread 0x000000000a16a800 Uncommon trap: reason=null_check action=make_not_entrant pc=0x0000000002a1e264 method=com.android.dx.ssa.SsaRenamer.getLocalForNewReg(I)Lcom/android/dx/rop/code/LocalItem; @ 19

Internal exceptions (10 events):
Event: 1.767 Thread 0x000000000a2d4800 Threw 0x00000000eb53cdc0 at C:\re\jdk7u51\527\hotspot\src\share\vm\prims\jvm.cpp:1244
Event: 1.768 Thread 0x000000000a2d4800 Threw 0x00000000eb542e00 at C:\re\jdk7u51\527\hotspot\src\share\vm\prims\jvm.cpp:1244
Event: 1.768 Thread 0x000000000a2d4800 Threw 0x00000000eb5472e0 at C:\re\jdk7u51\527\hotspot\src\share\vm\prims\jvm.cpp:1244
Event: 1.770 Thread 0x000000000a2d4800 Threw 0x00000000eb54cb10 at C:\re\jdk7u51\527\hotspot\src\share\vm\prims\jvm.cpp:1244
Event: 1.771 Thread 0x000000000a2d4800 Threw 0x00000000eb5555e0 at C:\re\jdk7u51\527\hotspot\src\share\vm\prims\jvm.cpp:1244
Event: 1.772 Thread 0x000000000a2d4800 Threw 0x00000000eb55a818 at C:\re\jdk7u51\527\hotspot\src\share\vm\prims\jvm.cpp:1244
Event: 1.772 Thread 0x000000000a2d4800 Threw 0x00000000eb55d938 at C:\re\jdk7u51\527\hotspot\src\share\vm\prims\jvm.cpp:1244
Event: 1.786 Thread 0x000000000a2d4800 Threw 0x00000000eb589810 at C:\re\jdk7u51\527\hotspot\src\share\vm\prims\jvm.cpp:1244
Event: 1.938 Thread 0x000000000a2d6000 Threw 0x00000000eb6d5210 at C:\re\jdk7u51\527\hotspot\src\share\vm\prims\jvm.cpp:1244
Event: 1.956 Thread 0x000000000a16a800 Implicit null exception at 0x0000000002a1d79f to 0x0000000002a1e249

Events (10 events):
Event: 1.938 loading class 0x000000000a322df0 done
Event: 1.956 Thread 0x000000000a16a800 Uncommon trap: trap_request=0xfffffff4 fr.pc=0x0000000002a1e264
Event: 1.956 Thread 0x000000000a16a800 DEOPT PACKING pc=0x0000000002a1e264 sp=0x000000000a5fe930
Event: 1.956 Thread 0x000000000a16a800 DEOPT UNPACKING pc=0x00000000029d75a4 sp=0x000000000a5fe728 mode 2
Event: 1.963 loading class 0x0000000002914d50
Event: 1.963 loading class 0x0000000002914d50 done
Event: 2.147 Executing VM operation: ParallelGCFailedAllocation
Event: 2.165 Executing VM operation: ParallelGCFailedAllocation done
Event: 2.181 loading class 0x000000000290e610
Event: 2.181 loading class 0x000000000290e610 done


Dynamic libraries:
0x00007ff76e6d0000 - 0x00007ff76e703000 	C:\Program Files\Java\jdk1.7.0_51\bin\java.exe
0x00007ffc84cb0000 - 0x00007ffc84e5d000 	C:\WINDOWS\SYSTEM32\ntdll.dll
0x00007ffc84140000 - 0x00007ffc8427e000 	C:\WINDOWS\system32\KERNEL32.DLL
0x00007ffc81f00000 - 0x00007ffc82015000 	C:\WINDOWS\system32\KERNELBASE.dll
0x00007ffc809b0000 - 0x00007ffc80a3e000 	C:\WINDOWS\system32\apphelp.dll
0x00007ffc6eb10000 - 0x00007ffc6eb63000 	C:\WINDOWS\AppPatch\AppPatch64\AcGenral.DLL
0x00007ffc84280000 - 0x00007ffc8432a000 	C:\WINDOWS\system32\msvcrt.dll
0x00007ffc82130000 - 0x00007ffc8215e000 	C:\WINDOWS\system32\SspiCli.dll
0x00007ffc843a0000 - 0x00007ffc843f4000 	C:\WINDOWS\system32\SHLWAPI.dll
0x00007ffc827b0000 - 0x00007ffc82927000 	C:\WINDOWS\system32\USER32.dll
0x00007ffc82a10000 - 0x00007ffc82ba4000 	C:\WINDOWS\system32\ole32.dll
0x00007ffc82bb0000 - 0x00007ffc840d9000 	C:\WINDOWS\system32\SHELL32.dll
0x00007ffc813b0000 - 0x00007ffc813d1000 	C:\WINDOWS\SYSTEM32\USERENV.dll
0x00007ffc84400000 - 0x00007ffc844aa000 	C:\WINDOWS\system32\ADVAPI32.dll
0x00007ffc73520000 - 0x00007ffc7353e000 	C:\WINDOWS\SYSTEM32\MPR.dll
0x00007ffc824f0000 - 0x00007ffc82630000 	C:\WINDOWS\system32\RPCRT4.dll
0x00007ffc84330000 - 0x00007ffc84389000 	C:\WINDOWS\SYSTEM32\sechost.dll
0x00007ffc845e0000 - 0x00007ffc847f1000 	C:\WINDOWS\SYSTEM32\combase.dll
0x00007ffc84b60000 - 0x00007ffc84caf000 	C:\WINDOWS\system32\GDI32.dll
0x00007ffc81d70000 - 0x00007ffc81d85000 	C:\WINDOWS\SYSTEM32\profapi.dll
0x00007ffc80380000 - 0x00007ffc80432000 	C:\WINDOWS\SYSTEM32\SHCORE.dll
0x00007ffc826a0000 - 0x00007ffc826d6000 	C:\WINDOWS\system32\IMM32.DLL
0x00007ffc84800000 - 0x00007ffc84952000 	C:\WINDOWS\system32\MSCTF.dll
0x00007ffc7eec0000 - 0x00007ffc7f13b000 	C:\WINDOWS\WinSxS\amd64_microsoft.windows.common-controls_6595b64144ccf1df_6.0.9600.18006_none_623f33d3ecbe86e8\COMCTL32.dll
0x0000000071240000 - 0x0000000071312000 	C:\Program Files\Java\jdk1.7.0_51\jre\bin\msvcr100.dll
0x0000000070a70000 - 0x0000000071239000 	C:\Program Files\Java\jdk1.7.0_51\jre\bin\server\jvm.dll
0x00007ffc78d00000 - 0x00007ffc78d09000 	C:\WINDOWS\SYSTEM32\WSOCK32.dll
0x00007ffc76670000 - 0x00007ffc76692000 	C:\WINDOWS\SYSTEM32\WINMM.dll
0x00007ffc82630000 - 0x00007ffc82637000 	C:\WINDOWS\system32\PSAPI.DLL
0x00007ffc840e0000 - 0x00007ffc8413a000 	C:\WINDOWS\system32\WS2_32.dll
0x00007ffc76510000 - 0x00007ffc7653a000 	C:\WINDOWS\SYSTEM32\WINMMBASE.dll
0x00007ffc84390000 - 0x00007ffc84399000 	C:\WINDOWS\system32\NSI.dll
0x00007ffc81eb0000 - 0x00007ffc81eff000 	C:\WINDOWS\SYSTEM32\cfgmgr32.dll
0x00007ffc80ad0000 - 0x00007ffc80af8000 	C:\WINDOWS\SYSTEM32\DEVOBJ.dll
0x0000000070a60000 - 0x0000000070a6f000 	C:\Program Files\Java\jdk1.7.0_51\jre\bin\verify.dll
0x0000000070a30000 - 0x0000000070a58000 	C:\Program Files\Java\jdk1.7.0_51\jre\bin\java.dll
0x0000000070a10000 - 0x0000000070a25000 	C:\Program Files\Java\jdk1.7.0_51\jre\bin\zip.dll

VM Arguments:
jvm_args: -Djava.awt.headless=true -Xmx1024M -Dfile.encoding=windows-31j -Duser.country=JP -Duser.language=ja -Duser.variant 
java_command: com.android.dx.command.Main --dex --force-jumbo --num-threads=4 --multi-dex --output C:\AndroidStudioProject\OpenGLESUtil\app\build\intermediates\transforms\dex\debug\folders\1000\5\slice_8 C:\AndroidStudioProject\OpenGLESUtil\app\build\intermediates\transforms\instantRunSlicer\debug\folders\1\5\slice_8
Launcher Type: SUN_STANDARD

Environment Variables:
JAVA_HOME=C:\Program Files\Java\jdk1.8.0_45
CLASSPATH=.;C:\Program Files (x86)\QuickTime\QTSystem\QTJava.zip
PATH=C:\Program Files\Haskell\bin;C:\Program Files\Haskell Platform\2014.2.0.0\lib\extralibs\bin;C:\Program Files\Haskell Platform\2014.2.0.0\bin;C:\ProgramData\Oracle\Java\javapath;C:\Program Files\Java\jdk1.7.0_45\bin;C:\Program Files (x86)\Intel\iCLS Client\;C:\Program Files\Intel\iCLS Client\;C:\WINDOWS\system32;C:\WINDOWS;C:\WINDOWS\System32\Wbem;C:\WINDOWS\System32\WindowsPowerShell\v1.0\;C:\Program Files (x86)\Intel\OpenCL SDK\2.0\bin\x86;C:\Program Files (x86)\Intel\OpenCL SDK\2.0\bin\x64;C:\Program Files\Intel\Intel(R) Management Engine Components\DAL;C:\Program Files\Intel\Intel(R) Management Engine Components\IPT;C:\Program Files (x86)\Intel\Intel(R) Management Engine Components\DAL;C:\Program Files (x86)\Intel\Intel(R) Management Engine Components\IPT;C:\Program Files (x86)\Symantec\VIP Access Client\;C:\Program Files\Intel\WiFi\bin\;C:\Program Files\Common Files\Intel\WirelessCommon\;C:\Program Files\Microsoft SQL Server\110\Tools\Binn\;c:\Program Files (x86)\Microsoft SQL Server\100\Tools\Binn\;c:\Program Files\Microsoft SQL Server\100\Tools\Binn\;c:\Program Files\Microsoft SQL Server\100\DTS\Binn\;C:\Program Files (x86)\QuickTime\QTSystem\;C:\adt-bundle-windows-x86_64-20140702\sdk\platform-tools;C:\Program Files (x86)\Toshiba\Bluetooth Toshiba Stack\sys\;C:\Program Files (x86)\Toshiba\Bluetooth Toshiba Stack\sys\x64\;C:\Program Files\Haskell Platform\2014.2.0.0\mingw\bin;C:\Program Files\Microsoft\Web Platform Installer\;C:\Users\テツヤ\.dnx\bin;C:\Program Files\Microsoft DNX\Dnvm\;C:\Program Files (x86)\Windows Kits\8.1\Windows Performance Toolkit\;C:\Program Files (x86)\Skype\Phone\;C:\Users\テツヤ\AppData\Roaming\cabal\bin;C:\GNUstep\bin;C:\GNUstep\GNUstep\System\Tools;C:\Program Files (x86)\Vim\vim74;C:\Program Files\Haskell Platform\2014.2.0.0\bin;C:\common files\Util\tools\tpad090;C:\nasm\nasm-2.11.08
USERNAME=テツヤ
OS=Windows_NT
PROCESSOR_IDENTIFIER=Intel64 Family 6 Model 58 Stepping 9, GenuineIntel



---------------  S Y S T E M  ---------------

OS: Windows 8 , 64 bit Build 9200 

CPU:total 4 (2 cores per cpu, 2 threads per core) family 6 model 58 stepping 9, cmov, cx8, fxsr, mmx, sse, sse2, sse3, ssse3, sse4.1, sse4.2, popcnt, avx, aes, erms, ht, tsc, tscinvbit, tscinv

Memory: 4k page, physical 4053208k(727956k free), swap 7198936k(5628k free)

vm_info: Java HotSpot(TM) 64-Bit Server VM (24.51-b03) for windows-amd64 JRE (1.7.0_51-b13), built on Dec 18 2013 18:40:56 by "java_re" with unknown MS VC++:1600

time: Sun Sep 11 19:26:48 2016
elapsed time: 2 seconds

