#
# There is insufficient memory for the Java Runtime Environment to continue.
# Native memory allocation (malloc) failed to allocate 268816 bytes for Chunk::new
# Possible reasons:
#   The system is out of physical RAM or swap space
#   In 32 bit mode, the process size limit was hit
# Possible solutions:
#   Reduce memory load on the system
#   Increase physical memory or swap space
#   Check if swap backing store is full
#   Use 64 bit Java on a 64 bit OS
#   Decrease Java heap size (-Xmx/-Xms)
#   Decrease number of Java threads
#   Decrease Java thread stack sizes (-Xss)
#   Set larger code cache with -XX:ReservedCodeCacheSize=
# This output file may be truncated or incomplete.
#
#  Out of Memory Error (allocation.cpp:323), pid=12244, tid=15184
#
# JRE version: Java(TM) SE Runtime Environment (7.0_51-b13) (build 1.7.0_51-b13)
# Java VM: Java HotSpot(TM) 64-Bit Server VM (24.51-b03 mixed mode windows-amd64 compressed oops)
# Failed to write core dump. Minidumps are not enabled by default on client versions of Windows
#

---------------  T H R E A D  ---------------

Current thread (0x000000000864c800):  JavaThread "C2 CompilerThread1" daemon [_thread_in_native, id=15184, stack(0x0000000009cd0000,0x0000000009dd0000)]

Stack: [0x0000000009cd0000,0x0000000009dd0000]

Current CompileTask:
C2:   3582  257   !         com.android.dx.cf.code.BytecodeArray::parseInstruction (2764 bytes)


---------------  P R O C E S S  ---------------

Java Threads: ( => current thread )
  0x000000000a19f000 JavaThread "pool-2-thread-4" [_thread_in_vm, id=12652, stack(0x000000000a7d0000,0x000000000a8d0000)]
  0x000000000a19c800 JavaThread "pool-2-thread-3" [_thread_blocked, id=15168, stack(0x000000000a6d0000,0x000000000a7d0000)]
  0x000000000a040800 JavaThread "pool-2-thread-2" [_thread_in_Java, id=13020, stack(0x000000000a5d0000,0x000000000a6d0000)]
  0x000000000a043000 JavaThread "pool-3-thread-1" [_thread_blocked, id=9496, stack(0x000000000a4d0000,0x000000000a5d0000)]
  0x000000000a055000 JavaThread "pool-2-thread-1" [_thread_blocked, id=15944, stack(0x000000000a3d0000,0x000000000a4d0000)]
  0x0000000008650800 JavaThread "Service Thread" daemon [_thread_blocked, id=1060, stack(0x0000000009dd0000,0x0000000009ed0000)]
=>0x000000000864c800 JavaThread "C2 CompilerThread1" daemon [_thread_in_native, id=15184, stack(0x0000000009cd0000,0x0000000009dd0000)]
  0x0000000008641000 JavaThread "C2 CompilerThread0" daemon [_thread_in_native, id=16116, stack(0x0000000009bd0000,0x0000000009cd0000)]
  0x0000000008640000 JavaThread "Attach Listener" daemon [_thread_blocked, id=7344, stack(0x0000000009ad0000,0x0000000009bd0000)]
  0x0000000008619800 JavaThread "Signal Dispatcher" daemon [_thread_blocked, id=6368, stack(0x00000000099d0000,0x0000000009ad0000)]
  0x00000000085fe800 JavaThread "Finalizer" daemon [_thread_blocked, id=12796, stack(0x00000000098d0000,0x00000000099d0000)]
  0x00000000085f3800 JavaThread "Reference Handler" daemon [_thread_blocked, id=15076, stack(0x00000000097d0000,0x00000000098d0000)]
  0x00000000009fe000 JavaThread "main" [_thread_in_native, id=10436, stack(0x0000000002540000,0x0000000002640000)]

Other Threads:
  0x00000000085f1800 VMThread [stack: 0x00000000096d0000,0x00000000097d0000] [id=10744]
  0x000000000865e800 WatcherThread [stack: 0x0000000009ed0000,0x0000000009fd0000] [id=11928]

VM state:not at safepoint (normal execution)

VM Mutex/Monitor currently owned by a thread: None

Heap
 PSYoungGen      total 35328K, used 7096K [0x00000000eaa80000, 0x00000000ecf80000, 0x0000000100000000)
  eden space 32768K, 13% used [0x00000000eaa80000,0x00000000eaef0ad0,0x00000000eca80000)
  from space 2560K, 99% used [0x00000000ecd00000,0x00000000ecf7d628,0x00000000ecf80000)
  to   space 2560K, 0% used [0x00000000eca80000,0x00000000eca80000,0x00000000ecd00000)
 ParOldGen       total 41984K, used 4050K [0x00000000c0000000, 0x00000000c2900000, 0x00000000eaa80000)
  object space 41984K, 9% used [0x00000000c0000000,0x00000000c03f48a8,0x00000000c2900000)
 PSPermGen       total 21504K, used 5385K [0x00000000bae00000, 0x00000000bc300000, 0x00000000c0000000)
  object space 21504K, 25% used [0x00000000bae00000,0x00000000bb342690,0x00000000bc300000)

Card table byte_map: [0x0000000005810000,0x0000000005a40000] byte_map_base: 0x0000000005239000

Polling page: 0x00000000009e0000

Code Cache  [0x0000000002750000, 0x00000000029c0000, 0x0000000005750000)
 total_blobs=483 nmethods=267 adapters=168 free_code_cache=48150Kb largest_free_block=49267136

Compilation events (10 events):
Event: 3.531 Thread 0x0000000008641000 nmethod 263 0x000000000283dad0 code [0x000000000283dc00, 0x000000000283dc98]
Event: 3.531 Thread 0x0000000008641000  264             com.android.dx.ssa.SsaBasicBlock::getCountPhiInsns (45 bytes)
Event: 3.534 Thread 0x0000000008641000 nmethod 264 0x000000000283bd10 code [0x000000000283be60, 0x000000000283c058]
Event: 3.534 Thread 0x0000000008641000  265             com.android.dx.cf.code.BaseMachine::storeResults (90 bytes)
Event: 3.556 Thread 0x0000000008641000 nmethod 265 0x000000000284f850 code [0x000000000284fae0, 0x0000000002850658]
Event: 3.557 Thread 0x0000000008641000  266             java.util.Collections$UnmodifiableCollection$1::<init> (26 bytes)
Event: 3.561 Thread 0x0000000008641000 nmethod 266 0x000000000284d910 code [0x000000000284da80, 0x000000000284dcb8]
Event: 3.561 Thread 0x0000000008641000  267             com.android.dx.ssa.SsaMethod::getUseListForRegister (18 bytes)
Event: 3.562 Thread 0x0000000008641000 nmethod 267 0x000000000284d610 code [0x000000000284d760, 0x000000000284d828]
Event: 3.562 Thread 0x0000000008641000  268             com.android.dx.ssa.SsaConverter::edgeSplitSuccessors (98 bytes)

GC Heap History (4 events):
Event: 2.622 GC heap before
{Heap before GC invocations=1 (full 0):
 PSYoungGen      total 18944K, used 16384K [0x00000000eaa80000, 0x00000000ebf80000, 0x0000000100000000)
  eden space 16384K, 100% used [0x00000000eaa80000,0x00000000eba80000,0x00000000eba80000)
  from space 2560K, 0% used [0x00000000ebd00000,0x00000000ebd00000,0x00000000ebf80000)
  to   space 2560K, 0% used [0x00000000eba80000,0x00000000eba80000,0x00000000ebd00000)
 ParOldGen       total 41984K, used 0K [0x00000000c0000000, 0x00000000c2900000, 0x00000000eaa80000)
  object space 41984K, 0% used [0x00000000c0000000,0x00000000c0000000,0x00000000c2900000)
 PSPermGen       total 21504K, used 5240K [0x00000000bae00000, 0x00000000bc300000, 0x00000000c0000000)
  object space 21504K, 24% used [0x00000000bae00000,0x00000000bb31e3f0,0x00000000bc300000)
Event: 2.705 GC heap after
Heap after GC invocations=1 (full 0):
 PSYoungGen      total 18944K, used 2533K [0x00000000eaa80000, 0x00000000ecf80000, 0x0000000100000000)
  eden space 16384K, 0% used [0x00000000eaa80000,0x00000000eaa80000,0x00000000eba80000)
  from space 2560K, 98% used [0x00000000eba80000,0x00000000ebcf9638,0x00000000ebd00000)
  to   space 2560K, 0% used [0x00000000ecd00000,0x00000000ecd00000,0x00000000ecf80000)
 ParOldGen       total 41984K, used 1812K [0x00000000c0000000, 0x00000000c2900000, 0x00000000eaa80000)
  object space 41984K, 4% used [0x00000000c0000000,0x00000000c01c52b8,0x00000000c2900000)
 PSPermGen       total 21504K, used 5240K [0x00000000bae00000, 0x00000000bc300000, 0x00000000c0000000)
  object space 21504K, 24% used [0x00000000bae00000,0x00000000bb31e3f0,0x00000000bc300000)
}
Event: 3.466 GC heap before
{Heap before GC invocations=2 (full 0):
 PSYoungGen      total 18944K, used 18917K [0x00000000eaa80000, 0x00000000ecf80000, 0x0000000100000000)
  eden space 16384K, 100% used [0x00000000eaa80000,0x00000000eba80000,0x00000000eba80000)
  from space 2560K, 98% used [0x00000000eba80000,0x00000000ebcf9638,0x00000000ebd00000)
  to   space 2560K, 0% used [0x00000000ecd00000,0x00000000ecd00000,0x00000000ecf80000)
 ParOldGen       total 41984K, used 1812K [0x00000000c0000000, 0x00000000c2900000, 0x00000000eaa80000)
  object space 41984K, 4% used [0x00000000c0000000,0x00000000c01c52b8,0x00000000c2900000)
 PSPermGen       total 21504K, used 5379K [0x00000000bae00000, 0x00000000bc300000, 0x00000000c0000000)
  object space 21504K, 25% used [0x00000000bae00000,0x00000000bb340f78,0x00000000bc300000)
Event: 3.515 GC heap after
Heap after GC invocations=2 (full 0):
 PSYoungGen      total 35328K, used 2549K [0x00000000eaa80000, 0x00000000ecf80000, 0x0000000100000000)
  eden space 32768K, 0% used [0x00000000eaa80000,0x00000000eaa80000,0x00000000eca80000)
  from space 2560K, 99% used [0x00000000ecd00000,0x00000000ecf7d628,0x00000000ecf80000)
  to   space 2560K, 0% used [0x00000000eca80000,0x00000000eca80000,0x00000000ecd00000)
 ParOldGen       total 41984K, used 4050K [0x00000000c0000000, 0x00000000c2900000, 0x00000000eaa80000)
  object space 41984K, 9% used [0x00000000c0000000,0x00000000c03f48a8,0x00000000c2900000)
 PSPermGen       total 21504K, used 5379K [0x00000000bae00000, 0x00000000bc300000, 0x00000000c0000000)
  object space 21504K, 25% used [0x00000000bae00000,0x00000000bb340f78,0x00000000bc300000)
}

Deoptimization events (9 events):
Event: 1.673 Thread 0x000000000a19f000 Uncommon trap: reason=null_check action=make_not_entrant pc=0x00000000027c41b4 method=com.android.dx.rop.code.LocalItem.equals(Ljava/lang/Object;)Z @ 1
Event: 1.984 Thread 0x000000000a040800 Uncommon trap: reason=null_check action=make_not_entrant pc=0x00000000027cb1f8 method=com.android.dx.ssa.SsaRenamer.getLocalForNewReg(I)Lcom/android/dx/rop/code/LocalItem; @ 19
Event: 2.376 Thread 0x000000000a040800 Uncommon trap: reason=class_check action=maybe_recompile pc=0x00000000027d71f8 method=com.android.dx.ssa.NormalSsaInsn.accept(Lcom/android/dx/ssa/SsaInsn$Visitor;)V @ 9
Event: 2.416 Thread 0x000000000a19c800 Uncommon trap: reason=class_check action=maybe_recompile pc=0x00000000027d71f8 method=com.android.dx.ssa.NormalSsaInsn.accept(Lcom/android/dx/ssa/SsaInsn$Visitor;)V @ 9
Event: 2.435 Thread 0x000000000a040800 Uncommon trap: reason=class_check action=maybe_recompile pc=0x00000000027d71f8 method=com.android.dx.ssa.NormalSsaInsn.accept(Lcom/android/dx/ssa/SsaInsn$Visitor;)V @ 9
Event: 2.726 Thread 0x000000000a19f000 Uncommon trap: reason=class_check action=maybe_recompile pc=0x00000000027d71f8 method=com.android.dx.ssa.NormalSsaInsn.accept(Lcom/android/dx/ssa/SsaInsn$Visitor;)V @ 9
Event: 3.024 Thread 0x000000000a040800 Uncommon trap: reason=unreached action=reinterpret pc=0x00000000027ee044 method=com.android.dx.rop.cst.Constant.compareTo(Lcom/android/dx/rop/cst/Constant;)I @ 12
Event: 3.464 Thread 0x000000000a040800 Uncommon trap: reason=unreached action=reinterpret pc=0x0000000002836740 method=com.android.dx.cf.code.Ropper.addExceptionSetupBlocks()V @ 21
Event: 3.543 Thread 0x000000000a040800 Uncommon trap: reason=unreached action=reinterpret pc=0x0000000002836bb8 method=com.android.dx.util.LabeledList.set(ILcom/android/dx/util/LabeledItem;)V @ 16

Internal exceptions (10 events):
Event: 1.643 Thread 0x000000000a040800 Threw 0x00000000eb3b0b98 at C:\re\jdk7u51\527\hotspot\src\share\vm\prims\jvm.cpp:1244
Event: 1.645 Thread 0x000000000a19f000 Threw 0x00000000eb2b1f50 at C:\re\jdk7u51\527\hotspot\src\share\vm\prims\jvm.cpp:1244
Event: 1.645 Thread 0x000000000a19f000 Threw 0x00000000eb2b7188 at C:\re\jdk7u51\527\hotspot\src\share\vm\prims\jvm.cpp:1244
Event: 1.646 Thread 0x000000000a19f000 Threw 0x00000000eb2b9f88 at C:\re\jdk7u51\527\hotspot\src\share\vm\prims\jvm.cpp:1244
Event: 1.673 Thread 0x000000000a19f000 Implicit null exception at 0x00000000027c3e6d to 0x00000000027c41a1
Event: 1.945 Thread 0x00000000009fe000 Threw 0x00000000eb0e25c0 at C:\re\jdk7u51\527\hotspot\src\share\vm\prims\jvm.cpp:1244
Event: 1.969 Thread 0x00000000009fe000 Threw 0x00000000eb5adca0 at C:\re\jdk7u51\527\hotspot\src\share\vm\prims\jvm.cpp:1244
Event: 1.984 Thread 0x000000000a040800 Implicit null exception at 0x00000000027ca75b to 0x00000000027cb1dd
Event: 2.363 Thread 0x000000000a055000 Threw 0x00000000eb547fc8 at C:\re\jdk7u51\527\hotspot\src\share\vm\prims\jvm.cpp:1244
Event: 2.976 Thread 0x000000000a19c800 Threw 0x00000000eaf154c8 at C:\re\jdk7u51\527\hotspot\src\share\vm\prims\jvm.cpp:1244

Events (10 events):
Event: 3.025 Thread 0x000000000a040800 DEOPT PACKING pc=0x00000000027ee044 sp=0x000000000a6ce710
Event: 3.025 Thread 0x000000000a040800 DEOPT UNPACKING pc=0x00000000027875a4 sp=0x000000000a6ce6b0 mode 2
Event: 3.464 Thread 0x000000000a040800 Uncommon trap: trap_request=0xffffffad fr.pc=0x0000000002836740
Event: 3.464 Thread 0x000000000a040800 DEOPT PACKING pc=0x0000000002836740 sp=0x000000000a6cecb0
Event: 3.464 Thread 0x000000000a040800 DEOPT UNPACKING pc=0x00000000027875a4 sp=0x000000000a6cec18 mode 2
Event: 3.465 Executing VM operation: ParallelGCFailedAllocation
Event: 3.515 Executing VM operation: ParallelGCFailedAllocation done
Event: 3.543 Thread 0x000000000a040800 Uncommon trap: trap_request=0xffffffad fr.pc=0x0000000002836bb8
Event: 3.543 Thread 0x000000000a040800 DEOPT PACKING pc=0x0000000002836bb8 sp=0x000000000a6cea10
Event: 3.543 Thread 0x000000000a040800 DEOPT UNPACKING pc=0x00000000027875a4 sp=0x000000000a6ce9d0 mode 2


Dynamic libraries:
0x00007ff76e6d0000 - 0x00007ff76e703000 	C:\Program Files\Java\jdk1.7.0_51\bin\java.exe
0x00007ffc84cb0000 - 0x00007ffc84e5d000 	C:\WINDOWS\SYSTEM32\ntdll.dll
0x00007ffc84140000 - 0x00007ffc8427e000 	C:\WINDOWS\system32\KERNEL32.DLL
0x00007ffc81f00000 - 0x00007ffc82015000 	C:\WINDOWS\system32\KERNELBASE.dll
0x00007ffc809b0000 - 0x00007ffc80a3e000 	C:\WINDOWS\system32\apphelp.dll
0x00007ffc6eb10000 - 0x00007ffc6eb63000 	C:\WINDOWS\AppPatch\AppPatch64\AcGenral.DLL
0x00007ffc84280000 - 0x00007ffc8432a000 	C:\WINDOWS\system32\msvcrt.dll
0x00007ffc82130000 - 0x00007ffc8215e000 	C:\WINDOWS\system32\SspiCli.dll
0x00007ffc843a0000 - 0x00007ffc843f4000 	C:\WINDOWS\system32\SHLWAPI.dll
0x00007ffc827b0000 - 0x00007ffc82927000 	C:\WINDOWS\system32\USER32.dll
0x00007ffc82a10000 - 0x00007ffc82ba4000 	C:\WINDOWS\system32\ole32.dll
0x00007ffc82bb0000 - 0x00007ffc840d9000 	C:\WINDOWS\system32\SHELL32.dll
0x00007ffc813b0000 - 0x00007ffc813d1000 	C:\WINDOWS\SYSTEM32\USERENV.dll
0x00007ffc84400000 - 0x00007ffc844aa000 	C:\WINDOWS\system32\ADVAPI32.dll
0x00007ffc73520000 - 0x00007ffc7353e000 	C:\WINDOWS\SYSTEM32\MPR.dll
0x00007ffc824f0000 - 0x00007ffc82630000 	C:\WINDOWS\system32\RPCRT4.dll
0x00007ffc84330000 - 0x00007ffc84389000 	C:\WINDOWS\SYSTEM32\sechost.dll
0x00007ffc845e0000 - 0x00007ffc847f1000 	C:\WINDOWS\SYSTEM32\combase.dll
0x00007ffc84b60000 - 0x00007ffc84caf000 	C:\WINDOWS\system32\GDI32.dll
0x00007ffc81d70000 - 0x00007ffc81d85000 	C:\WINDOWS\SYSTEM32\profapi.dll
0x00007ffc80380000 - 0x00007ffc80432000 	C:\WINDOWS\SYSTEM32\SHCORE.dll
0x00007ffc826a0000 - 0x00007ffc826d6000 	C:\WINDOWS\system32\IMM32.DLL
0x00007ffc84800000 - 0x00007ffc84952000 	C:\WINDOWS\system32\MSCTF.dll
0x00007ffc7eec0000 - 0x00007ffc7f13b000 	C:\WINDOWS\WinSxS\amd64_microsoft.windows.common-controls_6595b64144ccf1df_6.0.9600.18006_none_623f33d3ecbe86e8\COMCTL32.dll
0x0000000071240000 - 0x0000000071312000 	C:\Program Files\Java\jdk1.7.0_51\jre\bin\msvcr100.dll
0x0000000070a70000 - 0x0000000071239000 	C:\Program Files\Java\jdk1.7.0_51\jre\bin\server\jvm.dll
0x00007ffc78d00000 - 0x00007ffc78d09000 	C:\WINDOWS\SYSTEM32\WSOCK32.dll
0x00007ffc76670000 - 0x00007ffc76692000 	C:\WINDOWS\SYSTEM32\WINMM.dll
0x00007ffc82630000 - 0x00007ffc82637000 	C:\WINDOWS\system32\PSAPI.DLL
0x00007ffc840e0000 - 0x00007ffc8413a000 	C:\WINDOWS\system32\WS2_32.dll
0x00007ffc76510000 - 0x00007ffc7653a000 	C:\WINDOWS\SYSTEM32\WINMMBASE.dll
0x00007ffc84390000 - 0x00007ffc84399000 	C:\WINDOWS\system32\NSI.dll
0x00007ffc81eb0000 - 0x00007ffc81eff000 	C:\WINDOWS\SYSTEM32\cfgmgr32.dll
0x00007ffc80ad0000 - 0x00007ffc80af8000 	C:\WINDOWS\SYSTEM32\DEVOBJ.dll
0x0000000070a60000 - 0x0000000070a6f000 	C:\Program Files\Java\jdk1.7.0_51\jre\bin\verify.dll
0x0000000070a30000 - 0x0000000070a58000 	C:\Program Files\Java\jdk1.7.0_51\jre\bin\java.dll
0x0000000070a10000 - 0x0000000070a25000 	C:\Program Files\Java\jdk1.7.0_51\jre\bin\zip.dll

VM Arguments:
jvm_args: -Djava.awt.headless=true -Xmx1024M -Dfile.encoding=windows-31j -Duser.country=JP -Duser.language=ja -Duser.variant 
java_command: com.android.dx.command.Main --dex --force-jumbo --num-threads=4 --multi-dex --output C:\AndroidStudioProject\OpenGLESUtil\app\build\intermediates\transforms\dex\debug\folders\1000\5\slice_9 C:\AndroidStudioProject\OpenGLESUtil\app\build\intermediates\transforms\instantRunSlicer\debug\folders\1\5\slice_9
Launcher Type: SUN_STANDARD

Environment Variables:
JAVA_HOME=C:\Program Files\Java\jdk1.8.0_45
CLASSPATH=.;C:\Program Files (x86)\QuickTime\QTSystem\QTJava.zip
PATH=C:\Program Files\Haskell\bin;C:\Program Files\Haskell Platform\2014.2.0.0\lib\extralibs\bin;C:\Program Files\Haskell Platform\2014.2.0.0\bin;C:\ProgramData\Oracle\Java\javapath;C:\Program Files\Java\jdk1.7.0_45\bin;C:\Program Files (x86)\Intel\iCLS Client\;C:\Program Files\Intel\iCLS Client\;C:\WINDOWS\system32;C:\WINDOWS;C:\WINDOWS\System32\Wbem;C:\WINDOWS\System32\WindowsPowerShell\v1.0\;C:\Program Files (x86)\Intel\OpenCL SDK\2.0\bin\x86;C:\Program Files (x86)\Intel\OpenCL SDK\2.0\bin\x64;C:\Program Files\Intel\Intel(R) Management Engine Components\DAL;C:\Program Files\Intel\Intel(R) Management Engine Components\IPT;C:\Program Files (x86)\Intel\Intel(R) Management Engine Components\DAL;C:\Program Files (x86)\Intel\Intel(R) Management Engine Components\IPT;C:\Program Files (x86)\Symantec\VIP Access Client\;C:\Program Files\Intel\WiFi\bin\;C:\Program Files\Common Files\Intel\WirelessCommon\;C:\Program Files\Microsoft SQL Server\110\Tools\Binn\;c:\Program Files (x86)\Microsoft SQL Server\100\Tools\Binn\;c:\Program Files\Microsoft SQL Server\100\Tools\Binn\;c:\Program Files\Microsoft SQL Server\100\DTS\Binn\;C:\Program Files (x86)\QuickTime\QTSystem\;C:\adt-bundle-windows-x86_64-20140702\sdk\platform-tools;C:\Program Files (x86)\Toshiba\Bluetooth Toshiba Stack\sys\;C:\Program Files (x86)\Toshiba\Bluetooth Toshiba Stack\sys\x64\;C:\Program Files\Haskell Platform\2014.2.0.0\mingw\bin;C:\Program Files\Microsoft\Web Platform Installer\;C:\Users\テツヤ\.dnx\bin;C:\Program Files\Microsoft DNX\Dnvm\;C:\Program Files (x86)\Windows Kits\8.1\Windows Performance Toolkit\;C:\Program Files (x86)\Skype\Phone\;C:\Users\テツヤ\AppData\Roaming\cabal\bin;C:\GNUstep\bin;C:\GNUstep\GNUstep\System\Tools;C:\Program Files (x86)\Vim\vim74;C:\Program Files\Haskell Platform\2014.2.0.0\bin;C:\common files\Util\tools\tpad090;C:\nasm\nasm-2.11.08
USERNAME=テツヤ
OS=Windows_NT
PROCESSOR_IDENTIFIER=Intel64 Family 6 Model 58 Stepping 9, GenuineIntel



---------------  S Y S T E M  ---------------

OS: Windows 8 , 64 bit Build 9200 

CPU:total 4 (2 cores per cpu, 2 threads per core) family 6 model 58 stepping 9, cmov, cx8, fxsr, mmx, sse, sse2, sse3, ssse3, sse4.1, sse4.2, popcnt, avx, aes, erms, ht, tsc, tscinvbit, tscinv

Memory: 4k page, physical 4053208k(686620k free), swap 7198936k(5248k free)

vm_info: Java HotSpot(TM) 64-Bit Server VM (24.51-b03) for windows-amd64 JRE (1.7.0_51-b13), built on Dec 18 2013 18:40:56 by "java_re" with unknown MS VC++:1600

time: Sun Sep 11 19:24:19 2016
elapsed time: 3 seconds

