#
# There is insufficient memory for the Java Runtime Environment to continue.
# Native memory allocation (malloc) failed to allocate 283040 bytes for Chunk::new
# Possible reasons:
#   The system is out of physical RAM or swap space
#   In 32 bit mode, the process size limit was hit
# Possible solutions:
#   Reduce memory load on the system
#   Increase physical memory or swap space
#   Check if swap backing store is full
#   Use 64 bit Java on a 64 bit OS
#   Decrease Java heap size (-Xmx/-Xms)
#   Decrease number of Java threads
#   Decrease Java thread stack sizes (-Xss)
#   Set larger code cache with -XX:ReservedCodeCacheSize=
# This output file may be truncated or incomplete.
#
#  Out of Memory Error (allocation.cpp:323), pid=10960, tid=16508
#
# JRE version: Java(TM) SE Runtime Environment (7.0_51-b13) (build 1.7.0_51-b13)
# Java VM: Java HotSpot(TM) 64-Bit Server VM (24.51-b03 mixed mode windows-amd64 compressed oops)
# Failed to write core dump. Minidumps are not enabled by default on client versions of Windows
#

---------------  T H R E A D  ---------------

Current thread (0x0000000008d52800):  JavaThread "C2 CompilerThread1" daemon [_thread_in_native, id=16508, stack(0x000000000a3d0000,0x000000000a4d0000)]

Stack: [0x000000000a3d0000,0x000000000a4d0000]

Current CompileTask:
C2:   4271  120             com.android.dx.ssa.SsaConverter::placePhiFunctions (394 bytes)


---------------  P R O C E S S  ---------------

Java Threads: ( => current thread )
  0x000000000a878800 JavaThread "pool-2-thread-4" [_thread_in_vm, id=1524, stack(0x000000000aed0000,0x000000000afd0000)]
  0x000000000a872800 JavaThread "pool-2-thread-3" [_thread_in_Java, id=15996, stack(0x000000000add0000,0x000000000aed0000)]
  0x000000000a80a800 JavaThread "pool-2-thread-2" [_thread_in_Java, id=7120, stack(0x000000000acd0000,0x000000000add0000)]
  0x000000000a773000 JavaThread "pool-3-thread-1" [_thread_blocked, id=7644, stack(0x000000000abd0000,0x000000000acd0000)]
  0x000000000a75c800 JavaThread "pool-2-thread-1" [_thread_in_Java, id=2992, stack(0x000000000aad0000,0x000000000abd0000)]
  0x0000000008d63800 JavaThread "Service Thread" daemon [_thread_blocked, id=9500, stack(0x000000000a4d0000,0x000000000a5d0000)]
=>0x0000000008d52800 JavaThread "C2 CompilerThread1" daemon [_thread_in_native, id=16508, stack(0x000000000a3d0000,0x000000000a4d0000)]
  0x0000000008d4f000 JavaThread "C2 CompilerThread0" daemon [_thread_blocked, id=420, stack(0x000000000a2d0000,0x000000000a3d0000)]
  0x0000000008d4e000 JavaThread "Attach Listener" daemon [_thread_blocked, id=12116, stack(0x000000000a1d0000,0x000000000a2d0000)]
  0x0000000008d28000 JavaThread "Signal Dispatcher" daemon [_thread_blocked, id=15352, stack(0x000000000a0d0000,0x000000000a1d0000)]
  0x0000000008d09000 JavaThread "Finalizer" daemon [_thread_blocked, id=17156, stack(0x0000000009fd0000,0x000000000a0d0000)]
  0x0000000008d03800 JavaThread "Reference Handler" daemon [_thread_blocked, id=17288, stack(0x0000000009ed0000,0x0000000009fd0000)]
  0x000000000295e000 JavaThread "main" [_thread_blocked, id=15216, stack(0x0000000002d20000,0x0000000002e20000)]

Other Threads:
  0x0000000008d01800 VMThread [stack: 0x0000000009dd0000,0x0000000009ed0000] [id=16564]
  0x0000000008d6d000 WatcherThread [stack: 0x000000000a5d0000,0x000000000a6d0000] [id=16836]

VM state:not at safepoint (normal execution)

VM Mutex/Monitor currently owned by a thread: None

Heap
 PSYoungGen      total 18944K, used 15866K [0x00000000eaa80000, 0x00000000ebf80000, 0x0000000100000000)
  eden space 16384K, 96% used [0x00000000eaa80000,0x00000000eb9fe808,0x00000000eba80000)
  from space 2560K, 0% used [0x00000000ebd00000,0x00000000ebd00000,0x00000000ebf80000)
  to   space 2560K, 0% used [0x00000000eba80000,0x00000000eba80000,0x00000000ebd00000)
 ParOldGen       total 41984K, used 0K [0x00000000c0000000, 0x00000000c2900000, 0x00000000eaa80000)
  object space 41984K, 0% used [0x00000000c0000000,0x00000000c0000000,0x00000000c2900000)
 PSPermGen       total 21504K, used 5217K [0x00000000bae00000, 0x00000000bc300000, 0x00000000c0000000)
  object space 21504K, 24% used [0x00000000bae00000,0x00000000bb318510,0x00000000bc300000)

Card table byte_map: [0x0000000005f20000,0x0000000006150000] byte_map_base: 0x0000000005949000

Polling page: 0x00000000010f0000

Code Cache  [0x0000000002f20000, 0x0000000003190000, 0x0000000005f20000)
 total_blobs=343 nmethods=128 adapters=167 free_code_cache=48540Kb largest_free_block=49677504

Compilation events (10 events):
Event: 4.237 Thread 0x0000000008d4f000  125             com.android.dx.rop.code.BasicBlockList::get (9 bytes)
Event: 4.238 Thread 0x0000000008d4f000 nmethod 125 0x0000000002fac890 code [0x0000000002fac9e0, 0x0000000002faca98]
Event: 4.238 Thread 0x0000000008d4f000  126             com.android.dx.rop.code.RegisterSpec::makeLocalOptional (7 bytes)
Event: 4.238 Thread 0x0000000008d4f000 nmethod 126 0x0000000002fac650 code [0x0000000002fac7a0, 0x0000000002fac808]
Event: 4.238 Thread 0x0000000008d4f000  127             com.android.dx.util.LabeledList::indexOfLabel (22 bytes)
Event: 4.239 Thread 0x0000000008d4f000 nmethod 127 0x0000000002fac390 code [0x0000000002fac4c0, 0x0000000002fac558]
Event: 4.239 Thread 0x0000000008d4f000  128             com.android.dx.rop.code.Insn::getResult (5 bytes)
Event: 4.240 Thread 0x0000000008d4f000 nmethod 128 0x0000000002fac190 code [0x0000000002fac2c0, 0x0000000002fac318]
Event: 4.240 Thread 0x0000000008d4f000  129             com.android.dx.ssa.SsaBasicBlock::getPredecessors (5 bytes)
Event: 4.240 Thread 0x0000000008d4f000 nmethod 129 0x0000000002fabf90 code [0x0000000002fac0c0, 0x0000000002fac118]

GC Heap History (0 events):
No events

Deoptimization events (3 events):
Event: 3.597 Thread 0x000000000a80a800 Uncommon trap: reason=null_check action=make_not_entrant pc=0x0000000002f9350c method=com.android.dx.rop.code.LocalItem.equals(Ljava/lang/Object;)Z @ 1
Event: 3.871 Thread 0x000000000a75c800 Uncommon trap: reason=class_check action=maybe_recompile pc=0x0000000002f9fee8 method=com.android.dx.ssa.NormalSsaInsn.accept(Lcom/android/dx/ssa/SsaInsn$Visitor;)V @ 9
Event: 4.071 Thread 0x000000000a80a800 Uncommon trap: reason=null_check action=make_not_entrant pc=0x0000000002fa016c method=com.android.dx.ssa.SsaRenamer.getLocalForNewReg(I)Lcom/android/dx/rop/code/LocalItem; @ 19

Internal exceptions (10 events):
Event: 3.812 Thread 0x000000000a878800 Threw 0x00000000eb4f3688 at C:\re\jdk7u51\527\hotspot\src\share\vm\prims\jvm.cpp:1244
Event: 3.822 Thread 0x000000000a878800 Threw 0x00000000eb4f96c8 at C:\re\jdk7u51\527\hotspot\src\share\vm\prims\jvm.cpp:1244
Event: 3.823 Thread 0x000000000a878800 Threw 0x00000000eb4fdba8 at C:\re\jdk7u51\527\hotspot\src\share\vm\prims\jvm.cpp:1244
Event: 3.824 Thread 0x000000000a878800 Threw 0x00000000eb5033d8 at C:\re\jdk7u51\527\hotspot\src\share\vm\prims\jvm.cpp:1244
Event: 3.825 Thread 0x000000000a878800 Threw 0x00000000eb50bea8 at C:\re\jdk7u51\527\hotspot\src\share\vm\prims\jvm.cpp:1244
Event: 3.826 Thread 0x000000000a878800 Threw 0x00000000eb5110e0 at C:\re\jdk7u51\527\hotspot\src\share\vm\prims\jvm.cpp:1244
Event: 3.826 Thread 0x000000000a878800 Threw 0x00000000eb514200 at C:\re\jdk7u51\527\hotspot\src\share\vm\prims\jvm.cpp:1244
Event: 3.912 Thread 0x000000000a878800 Threw 0x00000000eb618940 at C:\re\jdk7u51\527\hotspot\src\share\vm\prims\jvm.cpp:1244
Event: 3.918 Thread 0x000000000a872800 Threw 0x00000000eb631bc8 at C:\re\jdk7u51\527\hotspot\src\share\vm\prims\jvm.cpp:1244
Event: 4.071 Thread 0x000000000a80a800 Implicit null exception at 0x0000000002f9f6a0 to 0x0000000002fa0151

Events (10 events):
Event: 3.912 loading class 0x000000000a7a1a00 done
Event: 3.918 loading class 0x000000000a809cf0
Event: 3.918 loading class 0x000000000a809cf0 done
Event: 4.071 Thread 0x000000000a80a800 Uncommon trap: trap_request=0xfffffff4 fr.pc=0x0000000002fa016c
Event: 4.071 Thread 0x000000000a80a800 DEOPT PACKING pc=0x0000000002fa016c sp=0x000000000adce7d0
Event: 4.071 Thread 0x000000000a80a800 DEOPT UNPACKING pc=0x0000000002f575a4 sp=0x000000000adce5c8 mode 2
Event: 4.136 loading class 0x0000000002e94d50
Event: 4.136 loading class 0x0000000002e94d50 done
Event: 4.193 loading class 0x0000000002e9ad30
Event: 4.193 loading class 0x0000000002e9ad30 done


Dynamic libraries:
0x00007ff765be0000 - 0x00007ff765c13000 	C:\Program Files\Java\jdk1.7.0_51\bin\java.exe
0x00007ffc84cb0000 - 0x00007ffc84e5d000 	C:\WINDOWS\SYSTEM32\ntdll.dll
0x00007ffc84140000 - 0x00007ffc8427e000 	C:\WINDOWS\system32\KERNEL32.DLL
0x00007ffc81f00000 - 0x00007ffc82015000 	C:\WINDOWS\system32\KERNELBASE.dll
0x00007ffc809b0000 - 0x00007ffc80a3e000 	C:\WINDOWS\system32\apphelp.dll
0x00007ffc727a0000 - 0x00007ffc727f3000 	C:\WINDOWS\AppPatch\AppPatch64\AcGenral.DLL
0x00007ffc84280000 - 0x00007ffc8432a000 	C:\WINDOWS\system32\msvcrt.dll
0x00007ffc82130000 - 0x00007ffc8215e000 	C:\WINDOWS\system32\SspiCli.dll
0x00007ffc843a0000 - 0x00007ffc843f4000 	C:\WINDOWS\system32\SHLWAPI.dll
0x00007ffc827b0000 - 0x00007ffc82927000 	C:\WINDOWS\system32\USER32.dll
0x00007ffc82a10000 - 0x00007ffc82ba4000 	C:\WINDOWS\system32\ole32.dll
0x00007ffc82bb0000 - 0x00007ffc840d9000 	C:\WINDOWS\system32\SHELL32.dll
0x00007ffc813b0000 - 0x00007ffc813d1000 	C:\WINDOWS\SYSTEM32\USERENV.dll
0x00007ffc84400000 - 0x00007ffc844aa000 	C:\WINDOWS\system32\ADVAPI32.dll
0x00007ffc73520000 - 0x00007ffc7353e000 	C:\WINDOWS\SYSTEM32\MPR.dll
0x00007ffc824f0000 - 0x00007ffc82630000 	C:\WINDOWS\system32\RPCRT4.dll
0x00007ffc84330000 - 0x00007ffc84389000 	C:\WINDOWS\SYSTEM32\sechost.dll
0x00007ffc845e0000 - 0x00007ffc847f1000 	C:\WINDOWS\SYSTEM32\combase.dll
0x00007ffc84b60000 - 0x00007ffc84caf000 	C:\WINDOWS\system32\GDI32.dll
0x00007ffc81d70000 - 0x00007ffc81d85000 	C:\WINDOWS\SYSTEM32\profapi.dll
0x00007ffc80380000 - 0x00007ffc80432000 	C:\WINDOWS\SYSTEM32\SHCORE.dll
0x00007ffc826a0000 - 0x00007ffc826d6000 	C:\WINDOWS\system32\IMM32.DLL
0x00007ffc84800000 - 0x00007ffc84952000 	C:\WINDOWS\system32\MSCTF.dll
0x00007ffc7eec0000 - 0x00007ffc7f13b000 	C:\WINDOWS\WinSxS\amd64_microsoft.windows.common-controls_6595b64144ccf1df_6.0.9600.18006_none_623f33d3ecbe86e8\COMCTL32.dll
0x0000000071290000 - 0x0000000071362000 	C:\Program Files\Java\jdk1.7.0_51\jre\bin\msvcr100.dll
0x0000000070ac0000 - 0x0000000071289000 	C:\Program Files\Java\jdk1.7.0_51\jre\bin\server\jvm.dll
0x00007ffc78d00000 - 0x00007ffc78d09000 	C:\WINDOWS\SYSTEM32\WSOCK32.dll
0x00007ffc76670000 - 0x00007ffc76692000 	C:\WINDOWS\SYSTEM32\WINMM.dll
0x00007ffc82630000 - 0x00007ffc82637000 	C:\WINDOWS\system32\PSAPI.DLL
0x00007ffc840e0000 - 0x00007ffc8413a000 	C:\WINDOWS\system32\WS2_32.dll
0x00007ffc76510000 - 0x00007ffc7653a000 	C:\WINDOWS\SYSTEM32\WINMMBASE.dll
0x00007ffc84390000 - 0x00007ffc84399000 	C:\WINDOWS\system32\NSI.dll
0x00007ffc81eb0000 - 0x00007ffc81eff000 	C:\WINDOWS\SYSTEM32\cfgmgr32.dll
0x00007ffc80ad0000 - 0x00007ffc80af8000 	C:\WINDOWS\SYSTEM32\DEVOBJ.dll
0x0000000070ab0000 - 0x0000000070abf000 	C:\Program Files\Java\jdk1.7.0_51\jre\bin\verify.dll
0x0000000070a80000 - 0x0000000070aa8000 	C:\Program Files\Java\jdk1.7.0_51\jre\bin\java.dll
0x0000000070a60000 - 0x0000000070a75000 	C:\Program Files\Java\jdk1.7.0_51\jre\bin\zip.dll

VM Arguments:
jvm_args: -Djava.awt.headless=true -Xmx1024M -Dfile.encoding=windows-31j -Duser.country=JP -Duser.language=ja -Duser.variant 
java_command: com.android.dx.command.Main --dex --force-jumbo --num-threads=4 --multi-dex --output C:\AndroidStudioProject\OpenGLESUtil\app\build\intermediates\transforms\dex\debug\folders\1000\5\slice_8 C:\AndroidStudioProject\OpenGLESUtil\app\build\intermediates\transforms\instantRunSlicer\debug\folders\1\5\slice_8
Launcher Type: SUN_STANDARD

Environment Variables:
JAVA_HOME=C:\Program Files\Java\jdk1.8.0_45
CLASSPATH=.;C:\Program Files (x86)\QuickTime\QTSystem\QTJava.zip
PATH=C:\Program Files\Haskell\bin;C:\Program Files\Haskell Platform\2014.2.0.0\lib\extralibs\bin;C:\Program Files\Haskell Platform\2014.2.0.0\bin;C:\ProgramData\Oracle\Java\javapath;C:\Program Files\Java\jdk1.7.0_45\bin;C:\Program Files (x86)\Intel\iCLS Client\;C:\Program Files\Intel\iCLS Client\;C:\WINDOWS\system32;C:\WINDOWS;C:\WINDOWS\System32\Wbem;C:\WINDOWS\System32\WindowsPowerShell\v1.0\;C:\Program Files (x86)\Intel\OpenCL SDK\2.0\bin\x86;C:\Program Files (x86)\Intel\OpenCL SDK\2.0\bin\x64;C:\Program Files\Intel\Intel(R) Management Engine Components\DAL;C:\Program Files\Intel\Intel(R) Management Engine Components\IPT;C:\Program Files (x86)\Intel\Intel(R) Management Engine Components\DAL;C:\Program Files (x86)\Intel\Intel(R) Management Engine Components\IPT;C:\Program Files (x86)\Symantec\VIP Access Client\;C:\Program Files\Intel\WiFi\bin\;C:\Program Files\Common Files\Intel\WirelessCommon\;C:\Program Files\Microsoft SQL Server\110\Tools\Binn\;c:\Program Files (x86)\Microsoft SQL Server\100\Tools\Binn\;c:\Program Files\Microsoft SQL Server\100\Tools\Binn\;c:\Program Files\Microsoft SQL Server\100\DTS\Binn\;C:\Program Files (x86)\QuickTime\QTSystem\;C:\adt-bundle-windows-x86_64-20140702\sdk\platform-tools;C:\Program Files (x86)\Toshiba\Bluetooth Toshiba Stack\sys\;C:\Program Files (x86)\Toshiba\Bluetooth Toshiba Stack\sys\x64\;C:\Program Files\Haskell Platform\2014.2.0.0\mingw\bin;C:\Program Files\Microsoft\Web Platform Installer\;C:\Users\テツヤ\.dnx\bin;C:\Program Files\Microsoft DNX\Dnvm\;C:\Program Files (x86)\Windows Kits\8.1\Windows Performance Toolkit\;C:\Program Files (x86)\Skype\Phone\;C:\Users\テツヤ\AppData\Roaming\cabal\bin;C:\GNUstep\bin;C:\GNUstep\GNUstep\System\Tools;C:\Program Files (x86)\Vim\vim74;C:\Program Files\Haskell Platform\2014.2.0.0\bin;C:\common files\Util\tools\tpad090;C:\nasm\nasm-2.11.08
USERNAME=テツヤ
OS=Windows_NT
PROCESSOR_IDENTIFIER=Intel64 Family 6 Model 58 Stepping 9, GenuineIntel



---------------  S Y S T E M  ---------------

OS: Windows 8 , 64 bit Build 9200 

CPU:total 4 (2 cores per cpu, 2 threads per core) family 6 model 58 stepping 9, cmov, cx8, fxsr, mmx, sse, sse2, sse3, ssse3, sse4.1, sse4.2, popcnt, avx, aes, erms, ht, tsc, tscinvbit, tscinv

Memory: 4k page, physical 4053208k(467252k free), swap 7198936k(5124k free)

vm_info: Java HotSpot(TM) 64-Bit Server VM (24.51-b03) for windows-amd64 JRE (1.7.0_51-b13), built on Dec 18 2013 18:40:56 by "java_re" with unknown MS VC++:1600

time: Mon Sep 12 23:53:14 2016
elapsed time: 4 seconds

