#
# There is insufficient memory for the Java Runtime Environment to continue.
# Native memory allocation (malloc) failed to allocate 207856 bytes for Chunk::new
# Possible reasons:
#   The system is out of physical RAM or swap space
#   In 32 bit mode, the process size limit was hit
# Possible solutions:
#   Reduce memory load on the system
#   Increase physical memory or swap space
#   Check if swap backing store is full
#   Use 64 bit Java on a 64 bit OS
#   Decrease Java heap size (-Xmx/-Xms)
#   Decrease number of Java threads
#   Decrease Java thread stack sizes (-Xss)
#   Set larger code cache with -XX:ReservedCodeCacheSize=
# This output file may be truncated or incomplete.
#
#  Out of Memory Error (allocation.cpp:323), pid=8976, tid=9584
#
# JRE version: Java(TM) SE Runtime Environment (7.0_51-b13) (build 1.7.0_51-b13)
# Java VM: Java HotSpot(TM) 64-Bit Server VM (24.51-b03 mixed mode windows-amd64 compressed oops)
# Failed to write core dump. Minidumps are not enabled by default on client versions of Windows
#

---------------  T H R E A D  ---------------

Current thread (0x0000000008a4b800):  JavaThread "C2 CompilerThread1" daemon [_thread_in_native, id=9584, stack(0x000000000a0a0000,0x000000000a1a0000)]

Stack: [0x000000000a0a0000,0x000000000a1a0000]

Current CompileTask:
C2:   1401   92             com.android.dx.rop.code.RopMethod::calcPredecessors (227 bytes)


---------------  P R O C E S S  ---------------

Java Threads: ( => current thread )
  0x000000000a58a800 JavaThread "pool-2-thread-4" [_thread_in_Java, id=8424, stack(0x000000000aba0000,0x000000000aca0000)]
  0x000000000a587800 JavaThread "pool-2-thread-3" [_thread_in_Java, id=8820, stack(0x000000000aaa0000,0x000000000aba0000)]
  0x000000000a583800 JavaThread "pool-2-thread-2" [_thread_in_Java, id=7072, stack(0x000000000a9a0000,0x000000000aaa0000)]
  0x000000000a57c800 JavaThread "pool-3-thread-1" [_thread_blocked, id=13988, stack(0x000000000a8a0000,0x000000000a9a0000)]
  0x000000000a57b800 JavaThread "pool-2-thread-1" [_thread_in_Java, id=14664, stack(0x000000000a7a0000,0x000000000a8a0000)]
  0x0000000008a4f800 JavaThread "Service Thread" daemon [_thread_blocked, id=16320, stack(0x000000000a1a0000,0x000000000a2a0000)]
=>0x0000000008a4b800 JavaThread "C2 CompilerThread1" daemon [_thread_in_native, id=9584, stack(0x000000000a0a0000,0x000000000a1a0000)]
  0x0000000008a3f000 JavaThread "C2 CompilerThread0" daemon [_thread_in_native, id=8072, stack(0x0000000009fa0000,0x000000000a0a0000)]
  0x0000000008a3e000 JavaThread "Attach Listener" daemon [_thread_blocked, id=8372, stack(0x0000000009ea0000,0x0000000009fa0000)]
  0x0000000008a18000 JavaThread "Signal Dispatcher" daemon [_thread_blocked, id=2676, stack(0x0000000009da0000,0x0000000009ea0000)]
  0x00000000089fe800 JavaThread "Finalizer" daemon [_thread_blocked, id=14944, stack(0x0000000009ca0000,0x0000000009da0000)]
  0x00000000089f5800 JavaThread "Reference Handler" daemon [_thread_blocked, id=15332, stack(0x0000000009ba0000,0x0000000009ca0000)]
  0x000000000105e000 JavaThread "main" [_thread_in_Java, id=14588, stack(0x0000000000f20000,0x0000000001020000)]

Other Threads:
  0x00000000089f1800 VMThread [stack: 0x0000000009aa0000,0x0000000009ba0000] [id=15988]
  0x0000000008a5d800 WatcherThread [stack: 0x000000000a2a0000,0x000000000a3a0000] [id=5388]

VM state:not at safepoint (normal execution)

VM Mutex/Monitor currently owned by a thread: None

Heap
 PSYoungGen      total 18944K, used 13491K [0x00000000eaa80000, 0x00000000ecf80000, 0x0000000100000000)
  eden space 16384K, 73% used [0x00000000eaa80000,0x00000000eb6353d0,0x00000000eba80000)
  from space 2560K, 58% used [0x00000000eba80000,0x00000000ebbf79f8,0x00000000ebd00000)
  to   space 2560K, 0% used [0x00000000ecd00000,0x00000000ecd00000,0x00000000ecf80000)
 ParOldGen       total 41984K, used 8K [0x00000000c0000000, 0x00000000c2900000, 0x00000000eaa80000)
  object space 41984K, 0% used [0x00000000c0000000,0x00000000c0002000,0x00000000c2900000)
 PSPermGen       total 21504K, used 5648K [0x00000000bae00000, 0x00000000bc300000, 0x00000000c0000000)
  object space 21504K, 26% used [0x00000000bae00000,0x00000000bb3843f0,0x00000000bc300000)

Card table byte_map: [0x0000000005c40000,0x0000000005e70000] byte_map_base: 0x0000000005669000

Polling page: 0x0000000000de0000

Code Cache  [0x0000000002b80000, 0x0000000002df0000, 0x0000000005b80000)
 total_blobs=331 nmethods=92 adapters=191 free_code_cache=48629Kb largest_free_block=49772800

Compilation events (10 events):
Event: 1.391 Thread 0x0000000008a4b800   89             com.android.dx.rop.code.BasicBlockList::get (9 bytes)
Event: 1.391 Thread 0x0000000008a3f000   90             java.util.ArrayList$Itr::<init> (26 bytes)
Event: 1.391 Thread 0x0000000008a3f000 nmethod 90 0x0000000002c084d0 code [0x0000000002c08600, 0x0000000002c08678]
Event: 1.391 Thread 0x0000000008a3f000   91             java.util.ArrayList$Itr::<init> (6 bytes)
Event: 1.392 Thread 0x0000000008a4b800 nmethod 89 0x0000000002c08190 code [0x0000000002c082e0, 0x0000000002c08398]
Event: 1.392 Thread 0x0000000008a4b800   92             com.android.dx.rop.code.RopMethod::calcPredecessors (227 bytes)
Event: 1.392 Thread 0x0000000008a3f000 nmethod 91 0x0000000002c07f50 code [0x0000000002c08080, 0x0000000002c080f8]
Event: 1.392 Thread 0x0000000008a3f000   93             java.util.ArrayList::iterator (10 bytes)
Event: 1.393 Thread 0x0000000008a3f000 nmethod 93 0x0000000002c07c90 code [0x0000000002c07de0, 0x0000000002c07e98]
Event: 1.393 Thread 0x0000000008a3f000   94             com.android.dx.ssa.SsaMethod::computeReachability (131 bytes)

GC Heap History (2 events):
Event: 0.543 GC heap before
{Heap before GC invocations=1 (full 0):
 PSYoungGen      total 18944K, used 16384K [0x00000000eaa80000, 0x00000000ebf80000, 0x0000000100000000)
  eden space 16384K, 100% used [0x00000000eaa80000,0x00000000eba80000,0x00000000eba80000)
  from space 2560K, 0% used [0x00000000ebd00000,0x00000000ebd00000,0x00000000ebf80000)
  to   space 2560K, 0% used [0x00000000eba80000,0x00000000eba80000,0x00000000ebd00000)
 ParOldGen       total 41984K, used 0K [0x00000000c0000000, 0x00000000c2900000, 0x00000000eaa80000)
  object space 41984K, 0% used [0x00000000c0000000,0x00000000c0000000,0x00000000c2900000)
 PSPermGen       total 21504K, used 4053K [0x00000000bae00000, 0x00000000bc300000, 0x00000000c0000000)
  object space 21504K, 18% used [0x00000000bae00000,0x00000000bb1f55d0,0x00000000bc300000)
Event: 0.636 GC heap after
Heap after GC invocations=1 (full 0):
 PSYoungGen      total 18944K, used 1502K [0x00000000eaa80000, 0x00000000ecf80000, 0x0000000100000000)
  eden space 16384K, 0% used [0x00000000eaa80000,0x00000000eaa80000,0x00000000eba80000)
  from space 2560K, 58% used [0x00000000eba80000,0x00000000ebbf79f8,0x00000000ebd00000)
  to   space 2560K, 0% used [0x00000000ecd00000,0x00000000ecd00000,0x00000000ecf80000)
 ParOldGen       total 41984K, used 8K [0x00000000c0000000, 0x00000000c2900000, 0x00000000eaa80000)
  object space 41984K, 0% used [0x00000000c0000000,0x00000000c0002000,0x00000000c2900000)
 PSPermGen       total 21504K, used 4053K [0x00000000bae00000, 0x00000000bc300000, 0x00000000c0000000)
  object space 21504K, 18% used [0x00000000bae00000,0x00000000bb1f55d0,0x00000000bc300000)
}

Deoptimization events (1 events):
Event: 1.171 Thread 0x000000000a58a800 Uncommon trap: reason=class_check action=maybe_recompile pc=0x0000000002bfbcf4 method=com.android.dx.ssa.NormalSsaInsn.accept(Lcom/android/dx/ssa/SsaInsn$Visitor;)V @ 9

Internal exceptions (10 events):
Event: 0.983 Thread 0x000000000105e000 Threw 0x00000000eaed86b8 at C:\re\jdk7u51\527\hotspot\src\share\vm\prims\jvm.cpp:1244
Event: 0.994 Thread 0x000000000a58a800 Threw 0x00000000eb16de10 at C:\re\jdk7u51\527\hotspot\src\share\vm\prims\jvm.cpp:1244
Event: 0.994 Thread 0x000000000105e000 Threw 0x00000000eb14bb98 at C:\re\jdk7u51\527\hotspot\src\share\vm\prims\jvm.cpp:1244
Event: 0.996 Thread 0x000000000a58a800 Threw 0x00000000eb174b08 at C:\re\jdk7u51\527\hotspot\src\share\vm\prims\jvm.cpp:1244
Event: 1.014 Thread 0x000000000a583800 Threw 0x00000000eb048620 at C:\re\jdk7u51\527\hotspot\src\share\vm\prims\jvm.cpp:1244
Event: 1.025 Thread 0x000000000a587800 Threw 0x00000000eb1c8288 at C:\re\jdk7u51\527\hotspot\src\share\vm\prims\jvm.cpp:1244
Event: 1.112 Thread 0x000000000a587800 Threw 0x00000000eb1cd100 at C:\re\jdk7u51\527\hotspot\src\share\vm\prims\jvm.cpp:1244
Event: 1.113 Thread 0x000000000a587800 Threw 0x00000000eb1d2630 at C:\re\jdk7u51\527\hotspot\src\share\vm\prims\jvm.cpp:1244
Event: 1.163 Thread 0x000000000105e000 Threw 0x00000000eb27cd98 at C:\re\jdk7u51\527\hotspot\src\share\vm\prims\jvm.cpp:1244
Event: 1.164 Thread 0x000000000105e000 Threw 0x00000000eb27f178 at C:\re\jdk7u51\527\hotspot\src\share\vm\prims\jvm.cpp:1244

Events (10 events):
Event: 1.163 loading class 0x000000000a41a1e0 done
Event: 1.164 loading class 0x000000000a42dff0
Event: 1.164 loading class 0x000000000a42dff0 done
Event: 1.171 Thread 0x000000000a58a800 Uncommon trap: trap_request=0xffffffde fr.pc=0x0000000002bfbcf4
Event: 1.171 Thread 0x000000000a58a800 DEOPT PACKING pc=0x0000000002bfbcf4 sp=0x000000000ac9e840
Event: 1.171 Thread 0x000000000a58a800 DEOPT UNPACKING pc=0x0000000002bb75a4 sp=0x000000000ac9e790 mode 2
Event: 1.276 loading class 0x0000000002afaac0
Event: 1.276 loading class 0x0000000002afaac0 done
Event: 1.349 loading class 0x0000000002af4ae0
Event: 1.349 loading class 0x0000000002af4ae0 done


Dynamic libraries:
0x00007ff76e6d0000 - 0x00007ff76e703000 	C:\Program Files\Java\jdk1.7.0_51\bin\java.exe
0x00007ffc84cb0000 - 0x00007ffc84e5d000 	C:\WINDOWS\SYSTEM32\ntdll.dll
0x00007ffc84140000 - 0x00007ffc8427e000 	C:\WINDOWS\system32\KERNEL32.DLL
0x00007ffc81f00000 - 0x00007ffc82015000 	C:\WINDOWS\system32\KERNELBASE.dll
0x00007ffc809b0000 - 0x00007ffc80a3e000 	C:\WINDOWS\system32\apphelp.dll
0x00007ffc6eb10000 - 0x00007ffc6eb63000 	C:\WINDOWS\AppPatch\AppPatch64\AcGenral.DLL
0x00007ffc84280000 - 0x00007ffc8432a000 	C:\WINDOWS\system32\msvcrt.dll
0x00007ffc82130000 - 0x00007ffc8215e000 	C:\WINDOWS\system32\SspiCli.dll
0x00007ffc843a0000 - 0x00007ffc843f4000 	C:\WINDOWS\system32\SHLWAPI.dll
0x00007ffc827b0000 - 0x00007ffc82927000 	C:\WINDOWS\system32\USER32.dll
0x00007ffc82a10000 - 0x00007ffc82ba4000 	C:\WINDOWS\system32\ole32.dll
0x00007ffc82bb0000 - 0x00007ffc840d9000 	C:\WINDOWS\system32\SHELL32.dll
0x00007ffc813b0000 - 0x00007ffc813d1000 	C:\WINDOWS\SYSTEM32\USERENV.dll
0x00007ffc84400000 - 0x00007ffc844aa000 	C:\WINDOWS\system32\ADVAPI32.dll
0x00007ffc73520000 - 0x00007ffc7353e000 	C:\WINDOWS\SYSTEM32\MPR.dll
0x00007ffc824f0000 - 0x00007ffc82630000 	C:\WINDOWS\system32\RPCRT4.dll
0x00007ffc84330000 - 0x00007ffc84389000 	C:\WINDOWS\SYSTEM32\sechost.dll
0x00007ffc845e0000 - 0x00007ffc847f1000 	C:\WINDOWS\SYSTEM32\combase.dll
0x00007ffc84b60000 - 0x00007ffc84caf000 	C:\WINDOWS\system32\GDI32.dll
0x00007ffc81d70000 - 0x00007ffc81d85000 	C:\WINDOWS\SYSTEM32\profapi.dll
0x00007ffc80380000 - 0x00007ffc80432000 	C:\WINDOWS\SYSTEM32\SHCORE.dll
0x00007ffc826a0000 - 0x00007ffc826d6000 	C:\WINDOWS\system32\IMM32.DLL
0x00007ffc84800000 - 0x00007ffc84952000 	C:\WINDOWS\system32\MSCTF.dll
0x00007ffc7eec0000 - 0x00007ffc7f13b000 	C:\WINDOWS\WinSxS\amd64_microsoft.windows.common-controls_6595b64144ccf1df_6.0.9600.18006_none_623f33d3ecbe86e8\COMCTL32.dll
0x0000000071240000 - 0x0000000071312000 	C:\Program Files\Java\jdk1.7.0_51\jre\bin\msvcr100.dll
0x0000000070a70000 - 0x0000000071239000 	C:\Program Files\Java\jdk1.7.0_51\jre\bin\server\jvm.dll
0x00007ffc78d00000 - 0x00007ffc78d09000 	C:\WINDOWS\SYSTEM32\WSOCK32.dll
0x00007ffc76670000 - 0x00007ffc76692000 	C:\WINDOWS\SYSTEM32\WINMM.dll
0x00007ffc82630000 - 0x00007ffc82637000 	C:\WINDOWS\system32\PSAPI.DLL
0x00007ffc840e0000 - 0x00007ffc8413a000 	C:\WINDOWS\system32\WS2_32.dll
0x00007ffc76510000 - 0x00007ffc7653a000 	C:\WINDOWS\SYSTEM32\WINMMBASE.dll
0x00007ffc84390000 - 0x00007ffc84399000 	C:\WINDOWS\system32\NSI.dll
0x00007ffc81eb0000 - 0x00007ffc81eff000 	C:\WINDOWS\SYSTEM32\cfgmgr32.dll
0x00007ffc80ad0000 - 0x00007ffc80af8000 	C:\WINDOWS\SYSTEM32\DEVOBJ.dll
0x0000000070a60000 - 0x0000000070a6f000 	C:\Program Files\Java\jdk1.7.0_51\jre\bin\verify.dll
0x0000000070a30000 - 0x0000000070a58000 	C:\Program Files\Java\jdk1.7.0_51\jre\bin\java.dll
0x0000000070a10000 - 0x0000000070a25000 	C:\Program Files\Java\jdk1.7.0_51\jre\bin\zip.dll
0x00000000709f0000 - 0x0000000070a09000 	C:\Program Files\Java\jdk1.7.0_51\jre\bin\net.dll
0x00007ffc81620000 - 0x00007ffc81679000 	C:\WINDOWS\system32\mswsock.dll
0x00000000709d0000 - 0x00000000709e1000 	C:\Program Files\Java\jdk1.7.0_51\jre\bin\nio.dll

VM Arguments:
jvm_args: -Djava.awt.headless=true -Xmx1024M -Dfile.encoding=windows-31j -Duser.country=JP -Duser.language=ja -Duser.variant 
java_command: com.android.dx.command.Main --dex --force-jumbo --num-threads=4 --multi-dex --output C:\AndroidStudioProject\OpenGLESUtil\app\build\intermediates\transforms\dex\debug\folders\1000\10\com.android.support-support-v4-23.2.1_c6ebe0d326cf9f7e8fbf122d434f217833d75dbc C:\AndroidStudioProject\OpenGLESUtil\app\build\intermediates\exploded-aar\com.android.support\support-v4\23.2.1\jars\classes.jar
Launcher Type: SUN_STANDARD

Environment Variables:
JAVA_HOME=C:\Program Files\Java\jdk1.8.0_45
CLASSPATH=.;C:\Program Files (x86)\QuickTime\QTSystem\QTJava.zip
PATH=C:\Program Files\Haskell\bin;C:\Program Files\Haskell Platform\2014.2.0.0\lib\extralibs\bin;C:\Program Files\Haskell Platform\2014.2.0.0\bin;C:\ProgramData\Oracle\Java\javapath;C:\Program Files\Java\jdk1.7.0_45\bin;C:\Program Files (x86)\Intel\iCLS Client\;C:\Program Files\Intel\iCLS Client\;C:\WINDOWS\system32;C:\WINDOWS;C:\WINDOWS\System32\Wbem;C:\WINDOWS\System32\WindowsPowerShell\v1.0\;C:\Program Files (x86)\Intel\OpenCL SDK\2.0\bin\x86;C:\Program Files (x86)\Intel\OpenCL SDK\2.0\bin\x64;C:\Program Files\Intel\Intel(R) Management Engine Components\DAL;C:\Program Files\Intel\Intel(R) Management Engine Components\IPT;C:\Program Files (x86)\Intel\Intel(R) Management Engine Components\DAL;C:\Program Files (x86)\Intel\Intel(R) Management Engine Components\IPT;C:\Program Files (x86)\Symantec\VIP Access Client\;C:\Program Files\Intel\WiFi\bin\;C:\Program Files\Common Files\Intel\WirelessCommon\;C:\Program Files\Microsoft SQL Server\110\Tools\Binn\;c:\Program Files (x86)\Microsoft SQL Server\100\Tools\Binn\;c:\Program Files\Microsoft SQL Server\100\Tools\Binn\;c:\Program Files\Microsoft SQL Server\100\DTS\Binn\;C:\Program Files (x86)\QuickTime\QTSystem\;C:\adt-bundle-windows-x86_64-20140702\sdk\platform-tools;C:\Program Files (x86)\Toshiba\Bluetooth Toshiba Stack\sys\;C:\Program Files (x86)\Toshiba\Bluetooth Toshiba Stack\sys\x64\;C:\Program Files\Haskell Platform\2014.2.0.0\mingw\bin;C:\Program Files\Microsoft\Web Platform Installer\;C:\Users\テツヤ\.dnx\bin;C:\Program Files\Microsoft DNX\Dnvm\;C:\Program Files (x86)\Windows Kits\8.1\Windows Performance Toolkit\;C:\Program Files (x86)\Skype\Phone\;C:\Users\テツヤ\AppData\Roaming\cabal\bin;C:\GNUstep\bin;C:\GNUstep\GNUstep\System\Tools;C:\Program Files (x86)\Vim\vim74;C:\Program Files\Haskell Platform\2014.2.0.0\bin;C:\common files\Util\tools\tpad090;C:\nasm\nasm-2.11.08
USERNAME=テツヤ
OS=Windows_NT
PROCESSOR_IDENTIFIER=Intel64 Family 6 Model 58 Stepping 9, GenuineIntel



---------------  S Y S T E M  ---------------

OS: Windows 8 , 64 bit Build 9200 

CPU:total 4