#
# There is insufficient memory for the Java Runtime Environment to continue.
# Native memory allocation (malloc) failed to allocate 336480 bytes for Chunk::new
# Possible reasons:
#   The system is out of physical RAM or swap space
#   In 32 bit mode, the process size limit was hit
# Possible solutions:
#   Reduce memory load on the system
#   Increase physical memory or swap space
#   Check if swap backing store is full
#   Use 64 bit Java on a 64 bit OS
#   Decrease Java heap size (-Xmx/-Xms)
#   Decrease number of Java threads
#   Decrease Java thread stack sizes (-Xss)
#   Set larger code cache with -XX:ReservedCodeCacheSize=
# This output file may be truncated or incomplete.
#
#  Out of Memory Error (allocation.cpp:323), pid=9308, tid=15712
#
# JRE version: Java(TM) SE Runtime Environment (7.0_51-b13) (build 1.7.0_51-b13)
# Java VM: Java HotSpot(TM) 64-Bit Server VM (24.51-b03 mixed mode windows-amd64 compressed oops)
# Failed to write core dump. Minidumps are not enabled by default on client versions of Windows
#

---------------  T H R E A D  ---------------

Current thread (0x0000000008aeb000):  JavaThread "C2 CompilerThread1" daemon [_thread_in_native, id=15712, stack(0x000000000a150000,0x000000000a250000)]

Stack: [0x000000000a150000,0x000000000a250000]

Current CompileTask:
C2:   1373  198             com.android.dx.ssa.SCCP::run (298 bytes)


---------------  P R O C E S S  ---------------

Java Threads: ( => current thread )
  0x000000000a663800 JavaThread "pool-2-thread-4" [_thread_blocked, id=5896, stack(0x000000000ac50000,0x000000000ad50000)]
  0x000000000a583800 JavaThread "pool-2-thread-3" [_thread_blocked, id=15176, stack(0x000000000ab50000,0x000000000ac50000)]
  0x000000000a506800 JavaThread "pool-2-thread-2" [_thread_blocked, id=10448, stack(0x000000000aa50000,0x000000000ab50000)]
  0x000000000a4b7800 JavaThread "pool-3-thread-1" [_thread_blocked, id=15324, stack(0x000000000a950000,0x000000000aa50000)]
  0x000000000a4b3800 JavaThread "pool-2-thread-1" [_thread_blocked, id=13716, stack(0x000000000a850000,0x000000000a950000)]
  0x0000000008af1000 JavaThread "Service Thread" daemon [_thread_blocked, id=15120, stack(0x000000000a250000,0x000000000a350000)]
=>0x0000000008aeb000 JavaThread "C2 CompilerThread1" daemon [_thread_in_native, id=15712, stack(0x000000000a150000,0x000000000a250000)]
  0x0000000008ade800 JavaThread "C2 CompilerThread0" daemon [_thread_in_native, id=13544, stack(0x000000000a050000,0x000000000a150000)]
  0x0000000008ab8800 JavaThread "Attach Listener" daemon [_thread_blocked, id=14984, stack(0x0000000009f50000,0x000000000a050000)]
  0x0000000008adc000 JavaThread "Signal Dispatcher" daemon [_thread_blocked, id=7868, stack(0x0000000009e50000,0x0000000009f50000)]
  0x0000000008a9f800 JavaThread "Finalizer" daemon [_thread_blocked, id=7328, stack(0x0000000009d50000,0x0000000009e50000)]
  0x0000000008a93800 JavaThread "Reference Handler" daemon [_thread_blocked, id=13040, stack(0x0000000009c50000,0x0000000009d50000)]
  0x00000000026ce000 JavaThread "main" [_thread_in_Java, id=6456, stack(0x0000000002a40000,0x0000000002b40000)]

Other Threads:
  0x0000000008a91800 VMThread [stack: 0x0000000009b50000,0x0000000009c50000] [id=16008]
  0x0000000008aff000 WatcherThread [stack: 0x000000000a350000,0x000000000a450000] [id=14400]

VM state:not at safepoint (normal execution)

VM Mutex/Monitor currently owned by a thread: None

Heap
 PSYoungGen      total 18944K, used 15195K [0x00000000eaa80000, 0x00000000ecf80000, 0x0000000100000000)
  eden space 16384K, 77% used [0x00000000eaa80000,0x00000000eb6d9810,0x00000000eba80000)
  from space 2560K, 99% used [0x00000000eba80000,0x00000000ebcfd628,0x00000000ebd00000)
  to   space 2560K, 0% used [0x00000000ecd00000,0x00000000ecd00000,0x00000000ecf80000)
 ParOldGen       total 41984K, used 1551K [0x00000000c0000000, 0x00000000c2900000, 0x00000000eaa80000)
  object space 41984K, 3% used [0x00000000c0000000,0x00000000c0183ce0,0x00000000c2900000)
 PSPermGen       total 21504K, used 5357K [0x00000000bae00000, 0x00000000bc300000, 0x00000000c0000000)
  object space 21504K, 24% used [0x00000000bae00000,0x00000000bb33b5c8,0x00000000bc300000)

Card table byte_map: [0x0000000005d00000,0x0000000005f30000] byte_map_base: 0x0000000005729000

Polling page: 0x0000000002620000

Code Cache  [0x0000000002c40000, 0x0000000002eb0000, 0x0000000005c40000)
 total_blobs=418 nmethods=202 adapters=168 free_code_cache=48331Kb largest_free_block=49454848

Compilation events (10 events):
Event: 1.244 Thread 0x0000000008ade800 nmethod 197 0x0000000002d0d050 code [0x0000000002d0d2e0, 0x0000000002d0e4c0]
Event: 1.244 Thread 0x0000000008ade800  199             com.android.dx.ssa.DeadCodeRemover::pruneDeadInstructions (246 bytes)
Event: 1.265 Thread 0x0000000008ade800 nmethod 199 0x0000000002cfed50 code [0x0000000002cfef80, 0x0000000002cff7c0]
Event: 1.265 Thread 0x0000000008ade800  200             com.android.dx.rop.code.LocalVariableExtractor::processBlock (327 bytes)
Event: 1.306 Thread 0x0000000008ade800 nmethod 200 0x0000000002d12590 code [0x0000000002d12840, 0x0000000002d13c68]
Event: 1.306 Thread 0x0000000008ade800  201             com.android.dx.util.Bits::makeBitSet (11 bytes)
Event: 1.307 Thread 0x0000000008ade800 nmethod 201 0x0000000002cf8e50 code [0x0000000002cf8fa0, 0x0000000002cf9098]
Event: 1.307 Thread 0x0000000008ade800  202             java.util.ArrayList$SubList::checkForComodification (23 bytes)
Event: 1.308 Thread 0x0000000008ade800 nmethod 202 0x0000000002cfead0 code [0x0000000002cfec00, 0x0000000002cfec78]
Event: 1.308 Thread 0x0000000008ade800  203   !         com.android.dx.cf.code.Ropper::processBlock (1101 bytes)

GC Heap History (2 events):
Event: 0.855 GC heap before
{Heap before GC invocations=1 (full 0):
 PSYoungGen      total 18944K, used 16384K [0x00000000eaa80000, 0x00000000ebf80000, 0x0000000100000000)
  eden space 16384K, 100% used [0x00000000eaa80000,0x00000000eba80000,0x00000000eba80000)
  from space 2560K, 0% used [0x00000000ebd00000,0x00000000ebd00000,0x00000000ebf80000)
  to   space 2560K, 0% used [0x00000000eba80000,0x00000000eba80000,0x00000000ebd00000)
 ParOldGen       total 41984K, used 0K [0x00000000c0000000, 0x00000000c2900000, 0x00000000eaa80000)
  object space 41984K, 0% used [0x00000000c0000000,0x00000000c0000000,0x00000000c2900000)
 PSPermGen       total 21504K, used 5157K [0x00000000bae00000, 0x00000000bc300000, 0x00000000c0000000)
  object space 21504K, 23% used [0x00000000bae00000,0x00000000bb309728,0x00000000bc300000)
Event: 0.866 GC heap after
Heap after GC invocations=1 (full 0):
 PSYoungGen      total 18944K, used 2549K [0x00000000eaa80000, 0x00000000ecf80000, 0x0000000100000000)
  eden space 16384K, 0% used [0x00000000eaa80000,0x00000000eaa80000,0x00000000eba80000)
  from space 2560K, 99% used [0x00000000eba80000,0x00000000ebcfd628,0x00000000ebd00000)
  to   space 2560K, 0% used [0x00000000ecd00000,0x00000000ecd00000,0x00000000ecf80000)
 ParOldGen       total 41984K, used 1551K [0x00000000c0000000, 0x00000000c2900000, 0x00000000eaa80000)
  object space 41984K, 3% used [0x00000000c0000000,0x00000000c0183ce0,0x00000000c2900000)
 PSPermGen       total 21504K, used 5157K [0x00000000bae00000, 0x00000000bc300000, 0x00000000c0000000)
  object space 21504K, 23% used [0x00000000bae00000,0x00000000bb309728,0x00000000bc300000)
}

Deoptimization events (10 events):
Event: 0.566 Thread 0x000000000a663800 Uncommon trap: reason=null_check action=make_not_entrant pc=0x0000000002caaff4 method=com.android.dx.rop.code.LocalItem.equals(Ljava/lang/Object;)Z @ 1
Event: 0.601 Thread 0x00000000026ce000 Uncommon trap: reason=null_check action=make_not_entrant pc=0x0000000002cb7e74 method=com.android.dx.rop.code.LocalItem.equals(Ljava/lang/Object;)Z @ 1
Event: 0.914 Thread 0x000000000a4b3800 Uncommon trap: reason=class_check action=maybe_recompile pc=0x0000000002cd4f04 method=java.util.Collections$UnmodifiableCollection$1.hasNext()Z @ 4
Event: 0.917 Thread 0x000000000a4b3800 Uncommon trap: reason=class_check action=maybe_recompile pc=0x0000000002cd4f04 method=java.util.Collections$UnmodifiableCollection$1.hasNext()Z @ 4
Event: 0.918 Thread 0x000000000a4b3800 Uncommon trap: reason=class_check action=maybe_recompile pc=0x0000000002cd4f04 method=java.util.Collections$UnmodifiableCollection$1.hasNext()Z @ 4
Event: 0.918 Thread 0x000000000a4b3800 Uncommon trap: reason=class_check action=maybe_recompile pc=0x0000000002cd4f04 method=java.util.Collections$UnmodifiableCollection$1.hasNext()Z @ 4
Event: 1.053 Thread 0x000000000a583800 Uncommon trap: reason=class_check action=maybe_recompile pc=0x0000000002cce9a0 method=com.android.dx.rop.type.Type.equals(Ljava/lang/Object;)Z @ 8
Event: 1.055 Thread 0x000000000a583800 Uncommon trap: reason=class_check action=maybe_recompile pc=0x0000000002cce9a0 method=com.android.dx.rop.type.Type.equals(Ljava/lang/Object;)Z @ 8
Event: 1.055 Thread 0x000000000a583800 Uncommon trap: reason=class_check action=maybe_recompile pc=0x0000000002cce9a0 method=com.android.dx.rop.type.Type.equals(Ljava/lang/Object;)Z @ 8
Event: 1.222 Thread 0x000000000a583800 Uncommon trap: reason=class_check action=maybe_recompile pc=0x0000000002cce9a0 method=com.android.dx.rop.type.Type.equals(Ljava/lang/Object;)Z @ 8

Internal exceptions (10 events):
Event: 0.912 Thread 0x000000000a4b3800 Threw 0x00000000eab36940 at C:\re\jdk7u51\527\hotspot\src\share\vm\prims\jvm.cpp:1244
Event: 0.913 Thread 0x000000000a4b3800 Threw 0x00000000eab39960 at C:\re\jdk7u51\527\hotspot\src\share\vm\prims\jvm.cpp:1244
Event: 0.913 Thread 0x000000000a4b3800 Threw 0x00000000eab3cc10 at C:\re\jdk7u51\527\hotspot\src\share\vm\prims\jvm.cpp:1244
Event: 0.915 Thread 0x000000000a4b3800 Threw 0x00000000eab42bb8 at C:\re\jdk7u51\527\hotspot\src\share\vm\prims\jvm.cpp:1244
Event: 0.915 Thread 0x000000000a4b3800 Threw 0x00000000eab457e0 at C:\re\jdk7u51\527\hotspot\src\share\vm\prims\jvm.cpp:1244
Event: 0.916 Thread 0x000000000a4b3800 Threw 0x00000000eae30de8 at C:\re\jdk7u51\527\hotspot\src\share\vm\prims\jvm.cpp:1244
Event: 0.917 Thread 0x000000000a4b3800 Threw 0x00000000eae39e38 at C:\re\jdk7u51\527\hotspot\src\share\vm\prims\jvm.cpp:1244
Event: 0.917 Thread 0x000000000a4b3800 Threw 0x00000000eae3e1f8 at C:\re\jdk7u51\527\hotspot\src\share\vm\prims\jvm.cpp:1244
Event: 0.918 Thread 0x000000000a4b3800 Threw 0x00000000eae41f78 at C:\re\jdk7u51\527\hotspot\src\share\vm\prims\jvm.cpp:1244
Event: 1.226 Thread 0x000000000a583800 Threw 0x00000000eb3564b8 at C:\re\jdk7u51\527\hotspot\src\share\vm\prims\jvm.cpp:1244

Events (10 events):
Event: 1.055 Thread 0x000000000a583800 DEOPT PACKING pc=0x0000000002cce9a0 sp=0x000000000ac4e9a0
Event: 1.055 Thread 0x000000000a583800 DEOPT UNPACKING pc=0x0000000002c775a4 sp=0x000000000ac4e938 mode 2
Event: 1.055 Thread 0x000000000a583800 Uncommon trap: trap_request=0xffffffde fr.pc=0x0000000002cce9a0
Event: 1.055 Thread 0x000000000a583800 DEOPT PACKING pc=0x0000000002cce9a0 sp=0x000000000ac4e920
Event: 1.055 Thread 0x000000000a583800 DEOPT UNPACKING pc=0x0000000002c775a4 sp=0x000000000ac4e8b8 mode 2
Event: 1.222 Thread 0x000000000a583800 Uncommon trap: trap_request=0xffffffde fr.pc=0x0000000002cce9a0
Event: 1.222 Thread 0x000000000a583800 DEOPT PACKING pc=0x0000000002cce9a0 sp=0x000000000ac4e620
Event: 1.222 Thread 0x000000000a583800 DEOPT UNPACKING pc=0x0000000002c775a4 sp=0x000000000ac4e5b8 mode 2
Event: 1.226 loading class 0x000000000a506780
Event: 1.226 loading class 0x000000000a506780 done


Dynamic libraries:
0x00007ff76e6d0000 - 0x00007ff76e703000 	C:\Program Files\Java\jdk1.7.0_51\bin\java.exe
0x00007ffc84cb0000 - 0x00007ffc84e5d000 	C:\WINDOWS\SYSTEM32\ntdll.dll
0x00007ffc84140000 - 0x00007ffc8427e000 	C:\WINDOWS\system32\KERNEL32.DLL
0x00007ffc81f00000 - 0x00007ffc82015000 	C:\WINDOWS\system32\KERNELBASE.dll
0x00007ffc809b0000 - 0x00007ffc80a3e000 	C:\WINDOWS\system32\apphelp.dll
0x00007ffc6eb10000 - 0x00007ffc6eb63000 	C:\WINDOWS\AppPatch\AppPatch64\AcGenral.DLL
0x00007ffc84280000 - 0x00007ffc8432a000 	C:\WINDOWS\system32\msvcrt.dll
0x00007ffc82130000 - 0x00007ffc8215e000 	C:\WINDOWS\system32\SspiCli.dll
0x00007ffc843a0000 - 0x00007ffc843f4000 	C:\WINDOWS\system32\SHLWAPI.dll
0x00007ffc827b0000 - 0x00007ffc82927000 	C:\WINDOWS\system32\USER32.dll
0x00007ffc82a10000 - 0x00007ffc82ba4000 	C:\WINDOWS\system32\ole32.dll
0x00007ffc82bb0000 - 0x00007ffc840d9000 	C:\WINDOWS\system32\SHELL32.dll
0x00007ffc813b0000 - 0x00007ffc813d1000 	C:\WINDOWS\SYSTEM32\USERENV.dll
0x00007ffc84400000 - 0x00007ffc844aa000 	C:\WINDOWS\system32\ADVAPI32.dll
0x00007ffc73520000 - 0x00007ffc7353e000 	C:\WINDOWS\SYSTEM32\MPR.dll
0x00007ffc824f0000 - 0x00007ffc82630000 	C:\WINDOWS\system32\RPCRT4.dll
0x00007ffc84330000 - 0x00007ffc84389000 	C:\WINDOWS\SYSTEM32\sechost.dll
0x00007ffc845e0000 - 0x00007ffc847f1000 	C:\WINDOWS\SYSTEM32\combase.dll
0x00007ffc84b60000 - 0x00007ffc84caf000 	C:\WINDOWS\system32\GDI32.dll
0x00007ffc81d70000 - 0x00007ffc81d85000 	C:\WINDOWS\SYSTEM32\profapi.dll
0x00007ffc80380000 - 0x00007ffc80432000 	C:\WINDOWS\SYSTEM32\SHCORE.dll
0x00007ffc826a0000 - 0x00007ffc826d6000 	C:\WINDOWS\system32\IMM32.DLL
0x00007ffc84800000 - 0x00007ffc84952000 	C:\WINDOWS\system32\MSCTF.dll
0x00007ffc7eec0000 - 0x00007ffc7f13b000 	C:\WINDOWS\WinSxS\amd64_microsoft.windows.common-controls_6595b64144ccf1df_6.0.9600.18006_none_623f33d3ecbe86e8\COMCTL32.dll
0x0000000071240000 - 0x0000000071312000 	C:\Program Files\Java\jdk1.7.0_51\jre\bin\msvcr100.dll
0x0000000070a70000 - 0x0000000071239000 	C:\Program Files\Java\jdk1.7.0_51\jre\bin\server\jvm.dll
0x00007ffc78d00000 - 0x00007ffc78d09000 	C:\WINDOWS\SYSTEM32\WSOCK32.dll
0x00007ffc76670000 - 0x00007ffc76692000 	C:\WINDOWS\SYSTEM32\WINMM.dll
0x00007ffc82630000 - 0x00007ffc82637000 	C:\WINDOWS\system32\PSAPI.DLL
0x00007ffc840e0000 - 0x00007ffc8413a000 	C:\WINDOWS\system32\WS2_32.dll
0x00007ffc76510000 - 0x00007ffc7653a000 	C:\WINDOWS\SYSTEM32\WINMMBASE.dll
0x00007ffc84390000 - 0x00007ffc84399000 	C:\WINDOWS\system32\NSI.dll
0x00007ffc81eb0000 - 0x00007ffc81eff000 	C:\WINDOWS\SYSTEM32\cfgmgr32.dll
0x00007ffc80ad0000 - 0x00007ffc80af8000 	C:\WINDOWS\SYSTEM32\DEVOBJ.dll
0x0000000070a60000 - 0x0000000070a6f000 	C:\Program Files\Java\jdk1.7.0_51\jre\bin\verify.dll
0x0000000070a30000 - 0x0000000070a58000 	C:\Program Files\Java\jdk1.7.0_51\jre\bin\java.dll
0x0000000070a10000 - 0x0000000070a25000 	C:\Program Files\Java\jdk1.7.0_51\jre\bin\zip.dll

VM Arguments:
jvm_args: -Djava.awt.headless=true -Xmx1024M -Dfile.encoding=windows-31j -Duser.country=JP -Duser.language=ja -Duser.variant 
java_command: com.android.dx.command.Main --dex --force-jumbo --num-threads=4 --multi-dex --output C:\AndroidStudioProject\OpenGLESUtil\app\build\intermediates\transforms\dex\debug\folders\1000\5\slice_1 C:\AndroidStudioProject\OpenGLESUtil\app\build\intermediates\transforms\instantRunSlicer\debug\folders\1\5\slice_1
Launcher Type: SUN_STANDARD

Environment Variables:
JAVA_HOME=C:\Program Files\Java\jdk1.8.0_45
CLASSPATH=.;C:\Program Files (x86)\QuickTime\QTSystem\QTJava.zip
PATH=C:\Program Files\Haskell\bin;C:\Program Files\Haskell Platform\2014.2.0.0\lib\extralibs\bin;C:\Program Files\Haskell Platform\2014.2.0.0\bin;C:\ProgramData\Oracle\Java\javapath;C:\Program Files\Java\jdk1.7.0_45\bin;C:\Program Files (x86)\Intel\iCLS Client\;C:\Program Files\Intel\iCLS Client\;C:\WINDOWS\system32;C:\WINDOWS;C:\WINDOWS\System32\Wbem;C:\WINDOWS\System32\WindowsPowerShell\v1.0\;C:\Program Files (x86)\Intel\OpenCL SDK\2.0\bin\x86;C:\Program Files (x86)\Intel\OpenCL SDK\2.0\bin\x64;C:\Program Files\Intel\Intel(R) Management Engine Components\DAL;C:\Program Files\Intel\Intel(R) Management Engine Components\IPT;C:\Program Files (x86)\Intel\Intel(R) Management Engine Components\DAL;C:\Program Files (x86)\Intel\Intel(R) Management Engine Components\IPT;C:\Program Files (x86)\Symantec\VIP Access Client\;C:\Program Files\Intel\WiFi\bin\;C:\Program Files\Common Files\Intel\WirelessCommon\;C:\Program Files\Microsoft SQL Server\110\Tools\Binn\;c:\Program Files (x86)\Microsoft SQL Server\100\Tools\Binn\;c:\Program Files\Microsoft SQL Server\100\Tools\Binn\;c:\Program Files\Microsoft SQL Server\100\DTS\Binn\;C:\Program Files (x86)\QuickTime\QTSystem\;C:\adt-bundle-windows-x86_64-20140702\sdk\platform-tools;C:\Program Files (x86)\Toshiba\Bluetooth Toshiba Stack\sys\;C:\Program Files (x86)\Toshiba\Bluetooth Toshiba Stack\sys\x64\;C:\Program Files\Haskell Platform\2014.2.0.0\mingw\bin;C:\Program Files\Microsoft\Web Platform Installer\;C:\Users\テツヤ\.dnx\bin;C:\Program Files\Microsoft DNX\Dnvm\;C:\Program Files (x86)\Windows Kits\8.1\Windows Performance Toolkit\;C:\Program Files (x86)\Skype\Phone\;C:\Users\テツヤ\AppData\Roaming\cabal\bin;C:\GNUstep\bin;C:\GNUstep\GNUstep\System\Tools;C:\Program Files (x86)\Vim\vim74;C:\Program Files\Haskell Platform\2014.2.0.0\bin;C:\common files\Util\tools\tpad090;C:\nasm\nasm-2.11.08
USERNAME=テツヤ
OS=Windows_NT
PROCESSOR_IDENTIFIER=Intel64 Family 6 Model 58 Stepping 9, GenuineIntel



---------------  S Y S T E M  ---------------

OS: Windows 8 , 64 bit Build 9200 

CPU:total 4 (2 cores per cpu, 2 threads per core) family 6 model 58 stepping 9, cmov, cx8, fxsr, mmx, sse, sse2, sse3, ssse3, sse4.1, sse4.2, popcnt, avx, aes, erms, ht, tsc, tscinvbit, tscinv

Memory: 4k page, physical 4053208k(772576k free), swap 7198936k(5232k free)

vm_info: Java HotSpot(TM) 64-Bit Server VM (24.51-b03) for windows-amd64 JRE (1.7.0_51-b13), built on Dec 18 2013 18:40:56 by "java_re" with unknown MS VC++:1600

time: Sun Sep 11 19:22:19 2016
elapsed time: 1 seconds

