#
# There is insufficient memory for the Java Runtime Environment to continue.
# Native memory allocation (malloc) failed to allocate 285456 bytes for Chunk::new
# Possible reasons:
#   The system is out of physical RAM or swap space
#   In 32 bit mode, the process size limit was hit
# Possible solutions:
#   Reduce memory load on the system
#   Increase physical memory or swap space
#   Check if swap backing store is full
#   Use 64 bit Java on a 64 bit OS
#   Decrease Java heap size (-Xmx/-Xms)
#   Decrease number of Java threads
#   Decrease Java thread stack sizes (-Xss)
#   Set larger code cache with -XX:ReservedCodeCacheSize=
# This output file may be truncated or incomplete.
#
#  Out of Memory Error (allocation.cpp:323), pid=6416, tid=9984
#
# JRE version: Java(TM) SE Runtime Environment (7.0_51-b13) (build 1.7.0_51-b13)
# Java VM: Java HotSpot(TM) 64-Bit Server VM (24.51-b03 mixed mode windows-amd64 compressed oops)
# Failed to write core dump. Minidumps are not enabled by default on client versions of Windows
#

---------------  T H R E A D  ---------------

Current thread (0x0000000008b1f000):  JavaThread "C2 CompilerThread0" daemon [_thread_in_native, id=9984, stack(0x000000000a090000,0x000000000a190000)]

Stack: [0x000000000a090000,0x000000000a190000]

Current CompileTask:
C2:   2047  158             com.android.dx.ssa.back.LivenessAnalyzer::run (231 bytes)


---------------  P R O C E S S  ---------------

Java Threads: ( => current thread )
  0x000000000a5e1000 JavaThread "pool-2-thread-4" [_thread_in_Java, id=4964, stack(0x000000000ac90000,0x000000000ad90000)]
  0x000000000a5e0000 JavaThread "pool-2-thread-3" [_thread_in_Java, id=1296, stack(0x000000000ab90000,0x000000000ac90000)]
  0x000000000a5db800 JavaThread "pool-2-thread-2" [_thread_in_Java, id=4896, stack(0x000000000aa90000,0x000000000ab90000)]
  0x000000000a5d7800 JavaThread "pool-3-thread-1" [_thread_blocked, id=13492, stack(0x000000000a990000,0x000000000aa90000)]
  0x000000000a5f4000 JavaThread "pool-2-thread-1" [_thread_blocked, id=8524, stack(0x000000000a890000,0x000000000a990000)]
  0x0000000008b2f800 JavaThread "Service Thread" daemon [_thread_blocked, id=14660, stack(0x000000000a290000,0x000000000a390000)]
  0x0000000008b2b800 JavaThread "C2 CompilerThread1" daemon [_thread_in_native, id=15060, stack(0x000000000a190000,0x000000000a290000)]
=>0x0000000008b1f000 JavaThread "C2 CompilerThread0" daemon [_thread_in_native, id=9984, stack(0x000000000a090000,0x000000000a190000)]
  0x0000000008b1e000 JavaThread "Attach Listener" daemon [_thread_blocked, id=13996, stack(0x0000000009f90000,0x000000000a090000)]
  0x0000000008af8800 JavaThread "Signal Dispatcher" daemon [_thread_blocked, id=11588, stack(0x0000000009e90000,0x0000000009f90000)]
  0x0000000008ade800 JavaThread "Finalizer" daemon [_thread_blocked, id=14672, stack(0x0000000009d90000,0x0000000009e90000)]
  0x0000000008ad3800 JavaThread "Reference Handler" daemon [_thread_blocked, id=6444, stack(0x0000000009c90000,0x0000000009d90000)]
  0x0000000002c3e000 JavaThread "main" [_thread_blocked, id=4368, stack(0x0000000002a90000,0x0000000002b90000)]

Other Threads:
  0x0000000008ad1800 VMThread [stack: 0x0000000009b90000,0x0000000009c90000] [id=14816]
  0x0000000008b3d800 WatcherThread [stack: 0x000000000a390000,0x000000000a490000] [id=3252]

VM state:not at safepoint (normal execution)

VM Mutex/Monitor currently owned by a thread: None

Heap
 PSYoungGen      total 18944K, used 6294K [0x00000000eaa80000, 0x00000000ecf80000, 0x0000000100000000)
  eden space 16384K, 22% used [0x00000000eaa80000,0x00000000eae2c598,0x00000000eba80000)
  from space 2560K, 98% used [0x00000000eba80000,0x00000000ebcf9638,0x00000000ebd00000)
  to   space 2560K, 0% used [0x00000000ecd00000,0x00000000ecd00000,0x00000000ecf80000)
 ParOldGen       total 41984K, used 2235K [0x00000000c0000000, 0x00000000c2900000, 0x00000000eaa80000)
  object space 41984K, 5% used [0x00000000c0000000,0x00000000c022ec08,0x00000000c2900000)
 PSPermGen       total 21504K, used 5737K [0x00000000bae00000, 0x00000000bc300000, 0x00000000c0000000)
  object space 21504K, 26% used [0x00000000bae00000,0x00000000bb39a428,0x00000000bc300000)

Card table byte_map: [0x0000000005d40000,0x0000000005f70000] byte_map_base: 0x0000000005769000

Polling page: 0x00000000026b0000

Code Cache  [0x0000000002d40000, 0x0000000002fb0000, 0x0000000005d40000)
 total_blobs=400 nmethods=159 adapters=191 free_code_cache=48481Kb largest_free_block=49616128

Compilation events (10 events):
Event: 1.837 Thread 0x0000000008b1f000 nmethod 154 0x0000000002dde990 code [0x0000000002ddeb40, 0x0000000002ddf318]
Event: 1.870 Thread 0x0000000008b2b800 nmethod 133 0x0000000002de96d0 code [0x0000000002de9a00, 0x0000000002debdc0]
Event: 1.987 Thread 0x0000000008b1f000  155             java.util.ArrayList::ensureCapacity (28 bytes)
Event: 1.988 Thread 0x0000000008b1f000 nmethod 155 0x0000000002dde5d0 code [0x0000000002dde720, 0x0000000002dde838]
Event: 1.993 Thread 0x0000000008b2b800  156             java.lang.Math::max (11 bytes)
Event: 1.993 Thread 0x0000000008b1f000  157             com.android.dx.rop.code.BasicBlock::getSuccessors (5 bytes)
Event: 1.994 Thread 0x0000000008b1f000 nmethod 157 0x0000000002ddd090 code [0x0000000002ddd1c0, 0x0000000002ddd218]
Event: 1.994 Thread 0x0000000008b2b800 nmethod 156 0x0000000002ddce90 code [0x0000000002ddcfc0, 0x0000000002ddd018]
Event: 2.038 Thread 0x0000000008b1f000  158             com.android.dx.ssa.back.LivenessAnalyzer::run (231 bytes)
Event: 2.044 Thread 0x0000000008b2b800  159  s          java.util.Vector::elementAt (48 bytes)

GC Heap History (2 events):
Event: 1.588 GC heap before
{Heap before GC invocations=1 (full 0):
 PSYoungGen      total 18944K, used 16384K [0x00000000eaa80000, 0x00000000ebf80000, 0x0000000100000000)
  eden space 16384K, 100% used [0x00000000eaa80000,0x00000000eba80000,0x00000000eba80000)
  from space 2560K, 0% used [0x00000000ebd00000,0x00000000ebd00000,0x00000000ebf80000)
  to   space 2560K, 0% used [0x00000000eba80000,0x00000000eba80000,0x00000000ebd00000)
 ParOldGen       total 41984K, used 0K [0x00000000c0000000, 0x00000000c2900000, 0x00000000eaa80000)
  object space 41984K, 0% used [0x00000000c0000000,0x00000000c0000000,0x00000000c2900000)
 PSPermGen       total 21504K, used 5679K [0x00000000bae00000, 0x00000000bc300000, 0x00000000c0000000)
  object space 21504K, 26% used [0x00000000bae00000,0x00000000bb38bfb0,0x00000000bc300000)
Event: 1.718 GC heap after
Heap after GC invocations=1 (full 0):
 PSYoungGen      total 18944K, used 2533K [0x00000000eaa80000, 0x00000000ecf80000, 0x0000000100000000)
  eden space 16384K, 0% used [0x00000000eaa80000,0x00000000eaa80000,0x00000000eba80000)
  from space 2560K, 98% used [0x00000000eba80000,0x00000000ebcf9638,0x00000000ebd00000)
  to   space 2560K, 0% used [0x00000000ecd00000,0x00000000ecd00000,0x00000000ecf80000)
 ParOldGen       total 41984K, used 2235K [0x00000000c0000000, 0x00000000c2900000, 0x00000000eaa80000)
  object space 41984K, 5% used [0x00000000c0000000,0x00000000c022ec08,0x00000000c2900000)
 PSPermGen       total 21504K, used 5679K [0x00000000bae00000, 0x00000000bc300000, 0x00000000c0000000)
  object space 21504K, 26% used [0x00000000bae00000,0x00000000bb38bfb0,0x00000000bc300000)
}

Deoptimization events (10 events):
Event: 0.870 Thread 0x000000000a5e0000 Uncommon trap: reason=class_check action=maybe_recompile pc=0x0000000002db5d98 method=com.android.dx.ssa.NormalSsaInsn.accept(Lcom/android/dx/ssa/SsaInsn$Visitor;)V @ 9
Event: 0.870 Thread 0x000000000a5e0000 Uncommon trap: reason=class_check action=maybe_recompile pc=0x0000000002db5d98 method=com.android.dx.ssa.NormalSsaInsn.accept(Lcom/android/dx/ssa/SsaInsn$Visitor;)V @ 9
Event: 0.874 Thread 0x000000000a5e0000 Uncommon trap: reason=class_check action=maybe_recompile pc=0x0000000002db5d98 method=com.android.dx.ssa.NormalSsaInsn.accept(Lcom/android/dx/ssa/SsaInsn$Visitor;)V @ 9
Event: 0.914 Thread 0x000000000a5f4000 Uncommon trap: reason=null_check action=make_not_entrant pc=0x0000000002dbc8f4 method=com.android.dx.rop.code.LocalItem.equals(Ljava/lang/Object;)Z @ 1
Event: 1.024 Thread 0x000000000a5e1000 Uncommon trap: reason=null_check action=make_not_entrant pc=0x0000000002dc1748 method=com.android.dx.rop.code.LocalItem.equals(Ljava/lang/Object;)Z @ 1
Event: 1.192 Thread 0x000000000a5e0000 Uncommon trap: reason=class_check action=maybe_recompile pc=0x0000000002dc95e8 method=com.android.dx.rop.type.Type.equals(Ljava/lang/Object;)Z @ 8
Event: 1.194 Thread 0x000000000a5e0000 Uncommon trap: reason=class_check action=maybe_recompile pc=0x0000000002dc95e8 method=com.android.dx.rop.type.Type.equals(Ljava/lang/Object;)Z @ 8
Event: 1.722 Thread 0x000000000a5e0000 Uncommon trap: reason=class_check action=maybe_recompile pc=0x0000000002dc95e8 method=com.android.dx.rop.type.Type.equals(Ljava/lang/Object;)Z @ 8
Event: 1.726 Thread 0x000000000a5e0000 Uncommon trap: reason=class_check action=maybe_recompile pc=0x0000000002dc95e8 method=com.android.dx.rop.type.Type.equals(Ljava/lang/Object;)Z @ 8
Event: 1.737 Thread 0x000000000a5e0000 Uncommon trap: reason=class_check action=maybe_recompile pc=0x0000000002dc9d50 method=com.android.dx.rop.type.Type.equals(Ljava/lang/Object;)Z @ 8

Internal exceptions (10 events):
Event: 0.728 Thread 0x000000000a5e1000 Threw 0x00000000eb3b2bf0 at C:\re\jdk7u51\527\hotspot\src\share\vm\prims\jvm.cpp:1244
Event: 0.741 Thread 0x000000000a5e0000 Threw 0x00000000eb450638 at C:\re\jdk7u51\527\hotspot\src\share\vm\prims\jvm.cpp:1244
Event: 0.822 Thread 0x000000000a5db800 Threw 0x00000000eb4c5680 at C:\re\jdk7u51\527\hotspot\src\share\vm\prims\jvm.cpp:1244
Event: 0.844 Thread 0x000000000a5e1000 Threw 0x00000000eb573e08 at C:\re\jdk7u51\527\hotspot\src\share\vm\prims\jvm.cpp:1244
Event: 0.845 Thread 0x000000000a5e1000 Threw 0x00000000eb579668 at C:\re\jdk7u51\527\hotspot\src\share\vm\prims\jvm.cpp:1244
Event: 0.846 Thread 0x000000000a5e1000 Threw 0x00000000eb57ec60 at C:\re\jdk7u51\527\hotspot\src\share\vm\prims\jvm.cpp:1244
Event: 0.914 Thread 0x000000000a5f4000 Implicit null exception at 0x0000000002dbc59b to 0x0000000002dbc8e1
Event: 1.024 Thread 0x000000000a5e1000 Implicit null exception at 0x0000000002dc0f60 to 0x0000000002dc172d
Event: 1.719 Thread 0x000000000a5e0000 Threw 0x00000000eaa83350 at C:\re\jdk7u51\527\hotspot\src\share\vm\prims\jvm.cpp:1244
Event: 1.983 Thread 0x000000000a5e0000 Threw 0x00000000eacf4960 at C:\re\jdk7u51\527\hotspot\src\share\vm\prims\jvm.cpp:1244

Events (10 events):
Event: 1.737 Thread 0x000000000a5e0000 DEOPT PACKING pc=0x0000000002dc9d50 sp=0x000000000ac8eac0
Event: 1.737 Thread 0x000000000a5e0000 DEOPT UNPACKING pc=0x0000000002d775a4 sp=0x000000000ac8ea68 mode 2
Event: 1.983 loading class 0x000000000a545cc0
Event: 1.983 loading class 0x000000000a545cc0 done
Event: 1.998 loading class 0x0000000002cc1770
Event: 1.998 loading class 0x0000000002cc1770 done
Event: 1.998 loading class 0x0000000002cc1740
Event: 1.999 loading class 0x0000000002cc1740 done
Event: 1.999 Executing VM operation: Deoptimize
Event: 2.037 Executing VM operation: Deoptimize done


Dynamic libraries:
0x00007ff7746c0000 - 0x00007ff7746f3000 	C:\Program Files\Java\jdk1.7.0_51\bin\java.exe
0x00007fffe5e90000 - 0x00007fffe603d000 	C:\WINDOWS\SYSTEM32\ntdll.dll
0x00007fffe3890000 - 0x00007fffe39ce000 	C:\WINDOWS\system32\KERNEL32.DLL
0x00007fffe3400000 - 0x00007fffe3515000 	C:\WINDOWS\system32\KERNELBASE.dll
0x00007fffe19e0000 - 0x00007fffe1a6e000 	C:\WINDOWS\system32\apphelp.dll
0x00007fffd26e0000 - 0x00007fffd2733000 	C:\WINDOWS\AppPatch\AppPatch64\AcGenral.DLL
0x00007fffe40b0000 - 0x00007fffe415a000 	C:\WINDOWS\system32\msvcrt.dll
0x00007fffe3090000 - 0x00007fffe30be000 	C:\WINDOWS\system32\SspiCli.dll
0x00007fffe3830000 - 0x00007fffe3884000 	C:\WINDOWS\system32\SHLWAPI.dll
0x00007fffe3d30000 - 0x00007fffe3ea7000 	C:\WINDOWS\system32\USER32.dll
0x00007fffe3690000 - 0x00007fffe3824000 	C:\WINDOWS\system32\ole32.dll
0x00007fffe4890000 - 0x00007fffe5dba000 	C:\WINDOWS\system32\SHELL32.dll
0x00007fffe2590000 - 0x00007fffe25b1000 	C:\WINDOWS\SYSTEM32\USERENV.dll
0x00007fffe35e0000 - 0x00007fffe368a000 	C:\WINDOWS\system32\ADVAPI32.dll
0x00007fffd4650000 - 0x00007fffd466e000 	C:\WINDOWS\SYSTEM32\MPR.dll
0x00007fffe4310000 - 0x00007fffe4450000 	C:\WINDOWS\system32\RPCRT4.dll
0x00007fffe5e30000 - 0x00007fffe5e89000 	C:\WINDOWS\SYSTEM32\sechost.dll
0x00007fffe3b00000 - 0x00007fffe3d11000 	C:\WINDOWS\SYSTEM32\combase.dll
0x00007fffe4160000 - 0x00007fffe42af000 	C:\WINDOWS\system32\GDI32.dll
0x00007fffe2f50000 - 0x00007fffe2f65000 	C:\WINDOWS\SYSTEM32\profapi.dll
0x00007fffe0f40000 - 0x00007fffe0ff2000 	C:\WINDOWS\SYSTEM32\SHCORE.dll
0x00007fffe4690000 - 0x00007fffe46c6000 	C:\WINDOWS\system32\IMM32.DLL
0x00007fffe4460000 - 0x00007fffe45b2000 	C:\WINDOWS\system32\MSCTF.dll
0x00007fffdf830000 - 0x00007fffdfaab000 	C:\WINDOWS\WinSxS\amd64_microsoft.windows.common-controls_6595b64144ccf1df_6.0.9600.18006_none_623f33d3ecbe86e8\COMCTL32.dll
0x0000000072e80000 - 0x0000000072f52000 	C:\Program Files\Java\jdk1.7.0_51\jre\bin\msvcr100.dll
0x00000000726b0000 - 0x0000000072e79000 	C:\Program Files\Java\jdk1.7.0_51\jre\bin\server\jvm.dll
0x00007fffd78b0000 - 0x00007fffd78b9000 	C:\WINDOWS\SYSTEM32\WSOCK32.dll
0x00007fffd78f0000 - 0x00007fffd7912000 	C:\WINDOWS\SYSTEM32\WINMM.dll
0x00007fffe4880000 - 0x00007fffe4887000 	C:\WINDOWS\system32\PSAPI.DLL
0x00007fffe39d0000 - 0x00007fffe3a2a000 	C:\WINDOWS\system32\WS2_32.dll
0x00007fffd78c0000 - 0x00007fffd78ea000 	C:\WINDOWS\SYSTEM32\WINMMBASE.dll
0x00007fffe3a30000 - 0x00007fffe3a39000 	C:\WINDOWS\system32\NSI.dll
0x00007fffe33b0000 - 0x00007fffe33ff000 	C:\WINDOWS\SYSTEM32\cfgmgr32.dll
0x00007fffe1de0000 - 0x00007fffe1e08000 	C:\WINDOWS\SYSTEM32\DEVOBJ.dll
0x00000000726a0000 - 0x00000000726af000 	C:\Program Files\Java\jdk1.7.0_51\jre\bin\verify.dll
0x0000000072670000 - 0x0000000072698000 	C:\Program Files\Java\jdk1.7.0_51\jre\bin\java.dll
0x0000000072650000 - 0x0000000072665000 	C:\Program Files\Java\jdk1.7.0_51\jre\bin\zip.dll
0x0000000072630000 - 0x0000000072649000 	C:\Program Files\Java\jdk1.7.0_51\jre\bin\net.dll
0x00007fffe2800000 - 0x00007fffe2859000 	C:\WINDOWS\system32\mswsock.dll
0x0000000072610000 - 0x0000000072621000 	C:\Program Files\Java\jdk1.7.0_51\jre\bin\nio.dll

VM Arguments:
jvm_args: -Djava.awt.headless=true -Xmx1024M -Dfile.encoding=windows-31j -Duser.country=JP -Duser.language=ja -Duser.variant 
java_command: com.android.dx.command.Main --dex --force-jumbo --num-threads=4 --multi-dex --output C:\AndroidStudioProject\OpenGLESUtil\app\build\intermediates\transforms\dex\debug\folders\1000\10\com.android.support-support-vector-drawable-23.2.1_db0156630e38efd36c6585543aa9dcc7383a2dfb C:\AndroidStudioProject\OpenGLESUtil\app\build\intermediates\exploded-aar\com.android.support\support-vector-drawable\23.2.1\jars\classes.jar
Launcher Type: SUN_STANDARD

Environment Variables:
JAVA_HOME=C:\Program Files\Java\jdk1.8.0_45
CLASSPATH=.;C:\Program Files (x86)\QuickTime\QTSystem\QTJava.zip
PATH=C:\Program Files\Haskell\bin;C:\Program Files\Haskell Platform\2014.2.0.0\lib\extralibs\bin;C:\Program Files\Haskell Platform\2014.2.0.0\bin;C:\ProgramData\Oracle\Java\javapath;C:\Program Files\Java\jdk1.7.0_45\bin;C:\Program Files (x86)\Intel\iCLS Client\;C:\Program Files\Intel\iCLS Client\;C:\WINDOWS\system32;C:\WINDOWS;C:\WINDOWS\System32\Wbem;C:\WINDOWS\System32\WindowsPowerShell\v1.0\;C:\Program Files (x86)\Intel\OpenCL SDK\2.0\bin\x86;C:\Program Files (x86)\Intel\OpenCL SDK\2.0\bin\x64;C:\Program Files\Intel\Intel(R) Management Engine Components\DAL;C:\Program Files\Intel\Intel(R) Management Engine Components\IPT;C:\Program Files (x86)\Intel\Intel(R) Management Engine Components\DAL;C:\Program Files (x86)\Intel\Intel(R) Management Engine Components\IPT;C:\Program Files (x86)\Symantec\VIP Access Client\;C:\Program Files\Intel\WiFi\bin\;C:\Program Files\Common Files\Intel\WirelessCommon\;C:\Program Files\Microsoft SQL Server\110\Tools\Binn\;c:\Program Files (x86)\Microsoft SQL Server\100\Tools\Binn\;c:\Program Files\Microsoft SQL Server\100\Tools\Binn\;c:\Program Files\Microsoft SQL Server\100\DTS\Binn\;C:\Program Files (x86)\QuickTime\QTSystem\;C:\adt-bundle-windows-x86_64-20140702\sdk\platform-tools;C:\Program Files (x86)\Toshiba\Bluetooth Toshiba Stack\sys\;C:\Program Files (x86)\Toshiba\Bluetooth Toshiba Stack\sys\x64\;C:\Program Files\Haskell Platform\2014.2.0.0\mingw\bin;C:\Program Files\Microsoft\Web Platform Installer\;C:\Users\テツヤ\.dnx\bin;C:\Program Files\Microsoft DNX\Dnvm\;C:\Program Files (x86)\Windows Kits\8.1\Windows Performance Toolkit\;C:\Program Files (x86)\Skype\Phone\;C:\Users\テツヤ\AppData\Roaming\cabal\bin;C:\GNUstep\bin;C:\GNUstep\GNUstep\System\Tools;C:\Program Files (x86)\Vim\vim74;C:\Program Files\Haskell Platform\2014.2.0.0\bin;C:\common files\Util\tools\tpad090;C:\nasm\nasm-2.11.08
USERNAME=テツヤ
OS=Windows_NT
PROCESSOR_IDENTIFIER=Intel64 Family 6 Model 58 Stepping 9, GenuineIntel



---------------  S Y S T E M  ---------------

OS: Windows 8 , 64 bit Build 9200 

CPU:total 4 (2 cores per cpu, 2 threads per core) family 6 model 58 stepping 9, cmov, cx8, fxsr, mmx, sse, sse2, sse3, ssse3, sse4.1, sse4.2, popcnt, avx, aes, erms, ht, tsc, tscinvbit, tscinv

Memory: 4k page, physical 4053208k(198392k free), swap 7198936k(5136k free)

vm_info: Java HotSpot(TM) 64-Bit Server VM (24.51-b03) for windows-amd64 JRE (1.7.0_51-b13), built on Dec 18 2013 18:40:56 by "java_re" with unknown MS VC++:1600

time: Sat Jul 09 02:13:54 2016
elapsed time: 2 seconds

