#
# There is insufficient memory for the Java Runtime Environment to continue.
# Native memory allocation (malloc) failed to allocate 192896 bytes for Chunk::new
# Possible reasons:
#   The system is out of physical RAM or swap space
#   In 32 bit mode, the process size limit was hit
# Possible solutions:
#   Reduce memory load on the system
#   Increase physical memory or swap space
#   Check if swap backing store is full
#   Use 64 bit Java on a 64 bit OS
#   Decrease Java heap size (-Xmx/-Xms)
#   Decrease number of Java threads
#   Decrease Java thread stack sizes (-Xss)
#   Set larger code cache with -XX:ReservedCodeCacheSize=
# This output file may be truncated or incomplete.
#
#  Out of Memory Error (allocation.cpp:323), pid=9048, tid=8112
#
# JRE version: Java(TM) SE Runtime Environment (7.0_51-b13) (build 1.7.0_51-b13)
# Java VM: Java HotSpot(TM) 64-Bit Server VM (24.51-b03 mixed mode windows-amd64 compressed oops)
# Failed to write core dump. Minidumps are not enabled by default on client versions of Windows
#

---------------  T H R E A D  ---------------

Current thread (0x0000000008022800):  JavaThread "C2 CompilerThread1" daemon [_thread_in_native, id=8112, stack(0x0000000009690000,0x0000000009790000)]

Stack: [0x0000000009690000,0x0000000009790000]

Current CompileTask:
C2:   4332  159             com.android.dx.ssa.SsaMethod::mapRegisters (87 bytes)


---------------  P R O C E S S  ---------------

Java Threads: ( => current thread )
  0x0000000009ad3800 JavaThread "pool-2-thread-4" [_thread_blocked, id=3040, stack(0x000000000a190000,0x000000000a290000)]
  0x0000000009b79800 JavaThread "pool-2-thread-3" [_thread_in_Java, id=3476, stack(0x000000000a090000,0x000000000a190000)]
  0x0000000009a42800 JavaThread "pool-2-thread-2" [_thread_in_vm, id=14020, stack(0x0000000009f90000,0x000000000a090000)]
  0x00000000099ef000 JavaThread "pool-3-thread-1" [_thread_blocked, id=15276, stack(0x0000000009e90000,0x0000000009f90000)]
  0x00000000099eb000 JavaThread "pool-2-thread-1" [_thread_in_Java, id=6860, stack(0x0000000009d90000,0x0000000009e90000)]
  0x0000000008033800 JavaThread "Service Thread" daemon [_thread_blocked, id=16036, stack(0x0000000009790000,0x0000000009890000)]
=>0x0000000008022800 JavaThread "C2 CompilerThread1" daemon [_thread_in_native, id=8112, stack(0x0000000009690000,0x0000000009790000)]
  0x000000000801f000 JavaThread "C2 CompilerThread0" daemon [_thread_in_native, id=16296, stack(0x0000000009590000,0x0000000009690000)]
  0x0000000007ff1800 JavaThread "Attach Listener" daemon [_thread_blocked, id=11684, stack(0x0000000009490000,0x0000000009590000)]
  0x000000000801e000 JavaThread "Signal Dispatcher" daemon [_thread_blocked, id=1048, stack(0x0000000009390000,0x0000000009490000)]
  0x0000000007fd9000 JavaThread "Finalizer" daemon [_thread_blocked, id=15520, stack(0x0000000009290000,0x0000000009390000)]
  0x0000000007fd3800 JavaThread "Reference Handler" daemon [_thread_blocked, id=2312, stack(0x0000000009190000,0x0000000009290000)]
  0x000000000213e000 JavaThread "main" [_thread_in_native, id=15688, stack(0x0000000001fe0000,0x00000000020e0000)]

Other Threads:
  0x0000000007fd1800 VMThread [stack: 0x0000000009090000,0x0000000009190000] [id=10388]
  0x000000000803d800 WatcherThread [stack: 0x0000000009890000,0x0000000009990000] [id=6932]

VM state:not at safepoint (normal execution)

VM Mutex/Monitor currently owned by a thread: None

Heap
 PSYoungGen      total 18944K, used 5731K [0x00000000eaa80000, 0x00000000ebf80000, 0x0000000100000000)
  eden space 16384K, 19% used [0x00000000eaa80000,0x00000000ead9b958,0x00000000eba80000)
  from space 2560K, 99% used [0x00000000eba80000,0x00000000ebcfd648,0x00000000ebd00000)
  to   space 2560K, 0% used [0x00000000ebd00000,0x00000000ebd00000,0x00000000ebf80000)
 ParOldGen       total 41984K, used 1564K [0x00000000c0000000, 0x00000000c2900000, 0x00000000eaa80000)
  object space 41984K, 3% used [0x00000000c0000000,0x00000000c0187148,0x00000000c2900000)
 PSPermGen       total 21504K, used 5259K [0x00000000bae00000, 0x00000000bc300000, 0x00000000c0000000)
  object space 21504K, 24% used [0x00000000bae00000,0x00000000bb322eb0,0x00000000bc300000)

Card table byte_map: [0x0000000005240000,0x0000000005470000] byte_map_base: 0x0000000004c69000

Polling page: 0x0000000000300000

Code Cache  [0x0000000002240000, 0x00000000024b0000, 0x0000000005240000)
 total_blobs=375 nmethods=159 adapters=168 free_code_cache=48510Kb largest_free_block=49651008

Compilation events (10 events):
Event: 4.313 Thread 0x0000000008022800 nmethod 156 0x00000000022e1a50 code [0x00000000022e1ba0, 0x00000000022e1e38]
Event: 4.313 Thread 0x0000000008022800  157  s          java.util.Vector::removeElementAt (115 bytes)
Event: 4.313 Thread 0x000000000801f000 nmethod 155 0x00000000022e0ed0 code [0x00000000022e1020, 0x00000000022e1408]
Event: 4.313 Thread 0x000000000801f000  158  s          java.util.Stack::pop (19 bytes)
Event: 4.316 Thread 0x0000000008022800 nmethod 157 0x00000000022e07d0 code [0x00000000022e0920, 0x00000000022e0d38]
Event: 4.317 Thread 0x000000000801f000 nmethod 158 0x00000000022e00d0 code [0x00000000022e0220, 0x00000000022e0518]
Event: 4.323 Thread 0x0000000008022800  159             com.android.dx.ssa.SsaMethod::mapRegisters (87 bytes)
Event: 4.325 Thread 0x000000000801f000  160             com.android.dx.util.MutabilityControl::throwIfMutable (18 bytes)
Event: 4.325 Thread 0x000000000801f000 nmethod 160 0x00000000022e1810 code [0x00000000022e1940, 0x00000000022e1998]
Event: 4.326 Thread 0x000000000801f000  161             com.android.dx.ssa.LocalVariableExtractor::processBlock (383 bytes)

GC Heap History (2 events):
Event: 3.979 GC heap before
{Heap before GC invocations=1 (full 0):
 PSYoungGen      total 18944K, used 16384K [0x00000000eaa80000, 0x00000000ebf80000, 0x0000000100000000)
  eden space 16384K, 100% used [0x00000000eaa80000,0x00000000eba80000,0x00000000eba80000)
  from space 2560K, 0% used [0x00000000ebd00000,0x00000000ebd00000,0x00000000ebf80000)
  to   space 2560K, 0% used [0x00000000eba80000,0x00000000eba80000,0x00000000ebd00000)
 ParOldGen       total 41984K, used 0K [0x00000000c0000000, 0x00000000c2900000, 0x00000000eaa80000)
  object space 41984K, 0% used [0x00000000c0000000,0x00000000c0000000,0x00000000c2900000)
 PSPermGen       total 21504K, used 5236K [0x00000000bae00000, 0x00000000bc300000, 0x00000000c0000000)
  object space 21504K, 24% used [0x00000000bae00000,0x00000000bb31d098,0x00000000bc300000)
Event: 4.286 GC heap after
Heap after GC invocations=1 (full 0):
 PSYoungGen      total 18944K, used 2549K [0x00000000eaa80000, 0x00000000ebf80000, 0x0000000100000000)
  eden space 16384K, 0% used [0x00000000eaa80000,0x00000000eaa80000,0x00000000eba80000)
  from space 2560K, 99% used [0x00000000eba80000,0x00000000ebcfd648,0x00000000ebd00000)
  to   space 2560K, 0% used [0x00000000ebd00000,0x00000000ebd00000,0x00000000ebf80000)
 ParOldGen       total 41984K, used 1564K [0x00000000c0000000, 0x00000000c2900000, 0x00000000eaa80000)
  object space 41984K, 3% used [0x00000000c0000000,0x00000000c0187148,0x00000000c2900000)
 PSPermGen       total 21504K, used 5236K [0x00000000bae00000, 0x00000000bc300000, 0x00000000c0000000)
  object space 21504K, 24% used [0x00000000bae00000,0x00000000bb31d098,0x00000000bc300000)
}

Deoptimization events (3 events):
Event: 2.306 Thread 0x00000000099eb000 Uncommon trap: reason=null_check action=make_not_entrant pc=0x00000000022aec38 method=com.android.dx.rop.code.LocalItem.equals(Ljava/lang/Object;)Z @ 1
Event: 2.901 Thread 0x0000000009ad3800 Uncommon trap: reason=class_check action=maybe_recompile pc=0x00000000022b9728 method=com.android.dx.ssa.NormalSsaInsn.accept(Lcom/android/dx/ssa/SsaInsn$Visitor;)V @ 9
Event: 3.109 Thread 0x0000000009ad3800 Uncommon trap: reason=null_check action=make_not_entrant pc=0x00000000022b99ac method=com.android.dx.ssa.SsaRenamer.getLocalForNewReg(I)Lcom/android/dx/rop/code/LocalItem; @ 19

Internal exceptions (10 events):
Event: 2.937 Thread 0x0000000009b79800 Threw 0x00000000eb4b0d58 at C:\re\jdk7u51\527\hotspot\src\share\vm\prims\jvm.cpp:1244
Event: 2.947 Thread 0x0000000009b79800 Threw 0x00000000eb4bd9b8 at C:\re\jdk7u51\527\hotspot\src\share\vm\prims\jvm.cpp:1244
Event: 2.949 Thread 0x0000000009b79800 Threw 0x00000000eb4c39f8 at C:\re\jdk7u51\527\hotspot\src\share\vm\prims\jvm.cpp:1244
Event: 2.950 Thread 0x0000000009b79800 Threw 0x00000000eb4c7ed8 at C:\re\jdk7u51\527\hotspot\src\share\vm\prims\jvm.cpp:1244
Event: 2.952 Thread 0x0000000009b79800 Threw 0x00000000eb4cd708 at C:\re\jdk7u51\527\hotspot\src\share\vm\prims\jvm.cpp:1244
Event: 2.954 Thread 0x0000000009b79800 Threw 0x00000000eb4d5fc8 at C:\re\jdk7u51\527\hotspot\src\share\vm\prims\jvm.cpp:1244
Event: 2.956 Thread 0x0000000009b79800 Threw 0x00000000eb4db410 at C:\re\jdk7u51\527\hotspot\src\share\vm\prims\jvm.cpp:1244
Event: 2.957 Thread 0x0000000009b79800 Threw 0x00000000eb4de210 at C:\re\jdk7u51\527\hotspot\src\share\vm\prims\jvm.cpp:1244
Event: 3.108 Thread 0x0000000009ad3800 Implicit null exception at 0x00000000022b8ee3 to 0x00000000022b9991
Event: 3.746 Thread 0x0000000009b79800 Threw 0x00000000eb9108b8 at C:\re\jdk7u51\527\hotspot\src\share\vm\prims\jvm.cpp:1244

Events (10 events):
Event: 3.109 Thread 0x0000000009ad3800 DEOPT PACKING pc=0x00000000022b99ac sp=0x000000000a28ea30
Event: 3.109 Thread 0x0000000009ad3800 DEOPT UNPACKING pc=0x00000000022775a4 sp=0x000000000a28e828 mode 2
Event: 3.336 loading class 0x00000000021b4d50
Event: 3.336 loading class 0x00000000021b4d50 done
Event: 3.746 loading class 0x0000000009a75ef0
Event: 3.746 loading class 0x0000000009a75ef0 done
Event: 3.792 Executing VM operation: ParallelGCFailedAllocation
Event: 4.286 Executing VM operation: ParallelGCFailedAllocation done
Event: 4.286 loading class 0x00000000021ae610
Event: 4.286 loading class 0x00000000021ae610 done


Dynamic libraries:
0x00007ff765be0000 - 0x00007ff765c13000 	C:\Program Files\Java\jdk1.7.0_51\bin\java.exe
0x00007ffc84cb0000 - 0x00007ffc84e5d000 	C:\WINDOWS\SYSTEM32\ntdll.dll
0x00007ffc84140000 - 0x00007ffc8427e000 	C:\WINDOWS\system32\KERNEL32.DLL
0x00007ffc81f00000 - 0x00007ffc82015000 	C:\WINDOWS\system32\KERNELBASE.dll
0x00007ffc809b0000 - 0x00007ffc80a3e000 	C:\WINDOWS\system32\apphelp.dll
0x00007ffc727a0000 - 0x00007ffc727f3000 	C:\WINDOWS\AppPatch\AppPatch64\AcGenral.DLL
0x00007ffc84280000 - 0x00007ffc8432a000 	C:\WINDOWS\system32\msvcrt.dll
0x00007ffc82130000 - 0x00007ffc8215e000 	C:\WINDOWS\system32\SspiCli.dll
0x00007ffc843a0000 - 0x00007ffc843f4000 	C:\WINDOWS\system32\SHLWAPI.dll
0x00007ffc827b0000 - 0x00007ffc82927000 	C:\WINDOWS\system32\USER32.dll
0x00007ffc82a10000 - 0x00007ffc82ba4000 	C:\WINDOWS\system32\ole32.dll
0x00007ffc82bb0000 - 0x00007ffc840d9000 	C:\WINDOWS\system32\SHELL32.dll
0x00007ffc813b0000 - 0x00007ffc813d1000 	C:\WINDOWS\SYSTEM32\USERENV.dll
0x00007ffc84400000 - 0x00007ffc844aa000 	C:\WINDOWS\system32\ADVAPI32.dll
0x00007ffc73520000 - 0x00007ffc7353e000 	C:\WINDOWS\SYSTEM32\MPR.dll
0x00007ffc824f0000 - 0x00007ffc82630000 	C:\WINDOWS\system32\RPCRT4.dll
0x00007ffc84330000 - 0x00007ffc84389000 	C:\WINDOWS\SYSTEM32\sechost.dll
0x00007ffc845e0000 - 0x00007ffc847f1000 	C:\WINDOWS\SYSTEM32\combase.dll
0x00007ffc84b60000 - 0x00007ffc84caf000 	C:\WINDOWS\system32\GDI32.dll
0x00007ffc81d70000 - 0x00007ffc81d85000 	C:\WINDOWS\SYSTEM32\profapi.dll
0x00007ffc80380000 - 0x00007ffc80432000 	C:\WINDOWS\SYSTEM32\SHCORE.dll
0x00007ffc826a0000 - 0x00007ffc826d6000 	C:\WINDOWS\system32\IMM32.DLL
0x00007ffc84800000 - 0x00007ffc84952000 	C:\WINDOWS\system32\MSCTF.dll
0x00007ffc7eec0000 - 0x00007ffc7f13b000 	C:\WINDOWS\WinSxS\amd64_microsoft.windows.common-controls_6595b64144ccf1df_6.0.9600.18006_none_623f33d3ecbe86e8\COMCTL32.dll
0x0000000071290000 - 0x0000000071362000 	C:\Program Files\Java\jdk1.7.0_51\jre\bin\msvcr100.dll
0x0000000070ac0000 - 0x0000000071289000 	C:\Program Files\Java\jdk1.7.0_51\jre\bin\server\jvm.dll
0x00007ffc78d00000 - 0x00007ffc78d09000 	C:\WINDOWS\SYSTEM32\WSOCK32.dll
0x00007ffc76670000 - 0x00007ffc76692000 	C:\WINDOWS\SYSTEM32\WINMM.dll
0x00007ffc82630000 - 0x00007ffc82637000 	C:\WINDOWS\system32\PSAPI.DLL
0x00007ffc840e0000 - 0x00007ffc8413a000 	C:\WINDOWS\system32\WS2_32.dll
0x00007ffc76510000 - 0x00007ffc7653a000 	C:\WINDOWS\SYSTEM32\WINMMBASE.dll
0x00007ffc84390000 - 0x00007ffc84399000 	C:\WINDOWS\system32\NSI.dll
0x00007ffc81eb0000 - 0x00007ffc81eff000 	C:\WINDOWS\SYSTEM32\cfgmgr32.dll
0x00007ffc80ad0000 - 0x00007ffc80af8000 	C:\WINDOWS\SYSTEM32\DEVOBJ.dll
0x0000000070ab0000 - 0x0000000070abf000 	C:\Program Files\Java\jdk1.7.0_51\jre\bin\verify.dll
0x0000000070a80000 - 0x0000000070aa8000 	C:\Program Files\Java\jdk1.7.0_51\jre\bin\java.dll
0x0000000070a60000 - 0x0000000070a75000 	C:\Program Files\Java\jdk1.7.0_51\jre\bin\zip.dll

VM Arguments:
jvm_args: -Djava.awt.headless=true -Xmx1024M -Dfile.encoding=windows-31j -Duser.country=JP -Duser.language=ja -Duser.variant 
java_command: com.android.dx.command.Main --dex --force-jumbo --num-threads=4 --multi-dex --output C:\AndroidStudioProject\OpenGLESUtil\app\build\intermediates\transforms\dex\debug\folders\1000\5\slice_0 C:\AndroidStudioProject\OpenGLESUtil\app\build\intermediates\transforms\instantRunSlicer\debug\folders\1\5\slice_0
Launcher Type: SUN_STANDARD

Environment Variables:
JAVA_HOME=C:\Program Files\Java\jdk1.8.0_45
CLASSPATH=.;C:\Program Files (x86)\QuickTime\QTSystem\QTJava.zip
PATH=C:\Program Files\Haskell\bin;C:\Program Files\Haskell Platform\2014.2.0.0\lib\extralibs\bin;C:\Program Files\Haskell Platform\2014.2.0.0\bin;C:\ProgramData\Oracle\Java\javapath;C:\Program Files\Java\jdk1.7.0_45\bin;C:\Program Files (x86)\Intel\iCLS Client\;C:\Program Files\Intel\iCLS Client\;C:\WINDOWS\system32;C:\WINDOWS;C:\WINDOWS\System32\Wbem;C:\WINDOWS\System32\WindowsPowerShell\v1.0\;C:\Program Files (x86)\Intel\OpenCL SDK\2.0\bin\x86;C:\Program Files (x86)\Intel\OpenCL SDK\2.0\bin\x64;C:\Program Files\Intel\Intel(R) Management Engine Components\DAL;C:\Program Files\Intel\Intel(R) Management Engine Components\IPT;C:\Program Files (x86)\Intel\Intel(R) Management Engine Components\DAL;C:\Program Files (x86)\Intel\Intel(R) Management Engine Components\IPT;C:\Program Files (x86)\Symantec\VIP Access Client\;C:\Program Files\Intel\WiFi\bin\;C:\Program Files\Common Files\Intel\WirelessCommon\;C:\Program Files\Microsoft SQL Server\110\Tools\Binn\;c:\Program Files (x86)\Microsoft SQL Server\100\Tools\Binn\;c:\Program Files\Microsoft SQL Server\100\Tools\Binn\;c:\Program Files\Microsoft SQL Server\100\DTS\Binn\;C:\Program Files (x86)\QuickTime\QTSystem\;C:\adt-bundle-windows-x86_64-20140702\sdk\platform-tools;C:\Program Files (x86)\Toshiba\Bluetooth Toshiba Stack\sys\;C:\Program Files (x86)\Toshiba\Bluetooth Toshiba Stack\sys\x64\;C:\Program Files\Haskell Platform\2014.2.0.0\mingw\bin;C:\Program Files\Microsoft\Web Platform Installer\;C:\Users\テツヤ\.dnx\bin;C:\Program Files\Microsoft DNX\Dnvm\;C:\Program Files (x86)\Windows Kits\8.1\Windows Performance Toolkit\;C:\Program Files (x86)\Skype\Phone\;C:\Users\テツヤ\AppData\Roaming\cabal\bin;C:\GNUstep\bin;C:\GNUstep\GNUstep\System\Tools;C:\Program Files (x86)\Vim\vim74;C:\Program Files\Haskell Platform\2014.2.0.0\bin;C:\common files\Util\tools\tpad090;C:\nasm\nasm-2.11.08
USERNAME=テツヤ
OS=Windows_NT
PROCESSOR_IDENTIFIER=Intel64 Family 6 Model 58 Stepping 9, GenuineIntel



---------------  S Y S T E M  ---------------

OS: Windows 8 , 64 bit Build 9200 

CPU:total 4 (2 cores per cpu, 2 threads per core) family 6 model 58 stepping 9, cmov, cx8, fxsr, mmx, sse, sse2, sse3, ssse3, sse4.1, sse4.2, popcnt, avx, aes, erms, ht, tsc, tscinvbit, tscinv

Memory: 4k page, physical 4053208k(464436k free), swap 7198936k(4952k free)

vm_info: Java HotSpot(TM) 64-Bit Server VM (24.51-b03) for windows-amd64 JRE (1.7.0_51-b13), built on Dec 18 2013 18:40:56 by "java_re" with unknown MS VC++:1600

time: Mon Sep 12 23:53:14 2016
elapsed time: 4 seconds

