#
# There is insufficient memory for the Java Runtime Environment to continue.
# Native memory allocation (malloc) failed to allocate 262016 bytes for Chunk::new
# Possible reasons:
#   The system is out of physical RAM or swap space
#   In 32 bit mode, the process size limit was hit
# Possible solutions:
#   Reduce memory load on the system
#   Increase physical memory or swap space
#   Check if swap backing store is full
#   Use 64 bit Java on a 64 bit OS
#   Decrease Java heap size (-Xmx/-Xms)
#   Decrease number of Java threads
#   Decrease Java thread stack sizes (-Xss)
#   Set larger code cache with -XX:ReservedCodeCacheSize=
# This output file may be truncated or incomplete.
#
#  Out of Memory Error (allocation.cpp:323), pid=12016, tid=14480
#
# JRE version: Java(TM) SE Runtime Environment (7.0_51-b13) (build 1.7.0_51-b13)
# Java VM: Java HotSpot(TM) 64-Bit Server VM (24.51-b03 mixed mode windows-amd64 compressed oops)
# Failed to write core dump. Minidumps are not enabled by default on client versions of Windows
#

---------------  T H R E A D  ---------------

Current thread (0x0000000008cfb800):  JavaThread "C2 CompilerThread1" daemon [_thread_in_native, id=14480, stack(0x000000000a370000,0x000000000a470000)]

Stack: [0x000000000a370000,0x000000000a470000]

Current CompileTask:
C2:   3885  388             sun.security.provider.SHA::implCompress (491 bytes)


---------------  P R O C E S S  ---------------

Java Threads: ( => current thread )
  0x000000000a881000 JavaThread "pool-1-thread-1" [_thread_in_Java, id=2948, stack(0x000000000aa70000,0x000000000ab70000)]
  0x0000000008cff800 JavaThread "Service Thread" daemon [_thread_blocked, id=8796, stack(0x000000000a470000,0x000000000a570000)]
=>0x0000000008cfb800 JavaThread "C2 CompilerThread1" daemon [_thread_in_native, id=14480, stack(0x000000000a370000,0x000000000a470000)]
  0x0000000008cc8800 JavaThread "C2 CompilerThread0" daemon [_thread_blocked, id=16044, stack(0x000000000a270000,0x000000000a370000)]
  0x0000000008cef000 JavaThread "Attach Listener" daemon [_thread_blocked, id=3820, stack(0x000000000a170000,0x000000000a270000)]
  0x0000000008cec800 JavaThread "Signal Dispatcher" daemon [_thread_blocked, id=11684, stack(0x000000000a070000,0x000000000a170000)]
  0x0000000008cae800 JavaThread "Finalizer" daemon [_thread_blocked, id=13816, stack(0x0000000009f70000,0x000000000a070000)]
  0x0000000008ca3800 JavaThread "Reference Handler" daemon [_thread_blocked, id=12560, stack(0x0000000009e70000,0x0000000009f70000)]
  0x000000000122e000 JavaThread "main" [_thread_blocked, id=15344, stack(0x0000000002c50000,0x0000000002d50000)]

Other Threads:
  0x0000000008ca1800 VMThread [stack: 0x0000000009d70000,0x0000000009e70000] [id=12008]
  0x0000000008d0d800 WatcherThread [stack: 0x000000000a570000,0x000000000a670000] [id=14888]

VM state:not at safepoint (normal execution)

VM Mutex/Monitor currently owned by a thread: None

Heap
 PSYoungGen      total 18944K, used 3956K [0x00000000eaa80000, 0x00000000ecf80000, 0x0000000100000000)
  eden space 16384K, 8% used [0x00000000eaa80000,0x00000000eabdf5c0,0x00000000eba80000)
  from space 2560K, 99% used [0x00000000eba80000,0x00000000ebcfdc88,0x00000000ebd00000)
  to   space 2560K, 0% used [0x00000000ecd00000,0x00000000ecd00000,0x00000000ecf80000)
 ParOldGen       total 41984K, used 11779K [0x00000000c0000000, 0x00000000c2900000, 0x00000000eaa80000)
  object space 41984K, 28% used [0x00000000c0000000,0x00000000c0b80e00,0x00000000c2900000)
 PSPermGen       total 21504K, used 5807K [0x00000000bae00000, 0x00000000bc300000, 0x00000000c0000000)
  object space 21504K, 27% used [0x00000000bae00000,0x00000000bb3abff8,0x00000000bc300000)

Card table byte_map: [0x0000000005f10000,0x0000000006140000] byte_map_base: 0x0000000005939000

Polling page: 0x0000000001030000

Code Cache  [0x0000000002e50000, 0x00000000030c0000, 0x0000000005e50000)
 total_blobs=604 nmethods=383 adapters=173 free_code_cache=47767Kb largest_free_block=48885952

Compilation events (10 events):
Event: 3.766 Thread 0x0000000008cfb800  384   !         com.android.dx.dex.code.DalvInsnList::writeTo (254 bytes)
Event: 3.771 Thread 0x0000000008cc8800 nmethod 383 0x0000000002faca50 code [0x0000000002facbe0, 0x0000000002facf78]
Event: 3.772 Thread 0x0000000008cfb800 nmethod 384 0x0000000002fad550 code [0x0000000002fad700, 0x0000000002fadb50]
Event: 3.775 Thread 0x0000000008cc8800  385             com.android.dx.util.ByteArrayAnnotatedOutput::writeShort (64 bytes)
Event: 3.777 Thread 0x0000000008cc8800 nmethod 385 0x0000000002ee7950 code [0x0000000002ee7aa0, 0x0000000002ee7c18]
Event: 3.815 Thread 0x0000000008cfb800  386             java.util.Properties$LineReader::readLine (452 bytes)
Event: 3.836 Thread 0x0000000008cc8800  387             java.lang.String::<init> (67 bytes)
Event: 3.837 Thread 0x0000000008cfb800 nmethod 386 0x0000000002faff90 code [0x0000000002fb0120, 0x0000000002fb0918]
Event: 3.839 Thread 0x0000000008cc8800 nmethod 387 0x0000000002fae090 code [0x0000000002fae1e0, 0x0000000002fae458]
Event: 3.874 Thread 0x0000000008cfb800  388             sun.security.provider.SHA::implCompress (491 bytes)

GC Heap History (6 events):
Event: 1.497 GC heap before
{Heap before GC invocations=1 (full 0):
 PSYoungGen      total 18944K, used 16384K [0x00000000eaa80000, 0x00000000ebf80000, 0x0000000100000000)
  eden space 16384K, 100% used [0x00000000eaa80000,0x00000000eba80000,0x00000000eba80000)
  from space 2560K, 0% used [0x00000000ebd00000,0x00000000ebd00000,0x00000000ebf80000)
  to   space 2560K, 0% used [0x00000000eba80000,0x00000000eba80000,0x00000000ebd00000)
 ParOldGen       total 41984K, used 0K [0x00000000c0000000, 0x00000000c2900000, 0x00000000eaa80000)
  object space 41984K, 0% used [0x00000000c0000000,0x00000000c0000000,0x00000000c2900000)
 PSPermGen       total 21504K, used 5226K [0x00000000bae00000, 0x00000000bc300000, 0x00000000c0000000)
  object space 21504K, 24% used [0x00000000bae00000,0x00000000bb31a868,0x00000000bc300000)
Event: 1.507 GC heap after
Heap after GC invocations=1 (full 0):
 PSYoungGen      total 18944K, used 2535K [0x00000000eaa80000, 0x00000000ebf80000, 0x0000000100000000)
  eden space 16384K, 0% used [0x00000000eaa80000,0x00000000eaa80000,0x00000000eba80000)
  from space 2560K, 99% used [0x00000000eba80000,0x00000000ebcf9c68,0x00000000ebd00000)
  to   space 2560K, 0% used [0x00000000ebd00000,0x00000000ebd00000,0x00000000ebf80000)
 ParOldGen       total 41984K, used 1671K [0x00000000c0000000, 0x00000000c2900000, 0x00000000eaa80000)
  object space 41984K, 3% used [0x00000000c0000000,0x00000000c01a1fc0,0x00000000c2900000)
 PSPermGen       total 21504K, used 5226K [0x00000000bae00000, 0x00000000bc300000, 0x00000000c0000000)
  object space 21504K, 24% used [0x00000000bae00000,0x00000000bb31a868,0x00000000bc300000)
}
Event: 2.105 GC heap before
{Heap before GC invocations=2 (full 0):
 PSYoungGen      total 18944K, used 18919K [0x00000000eaa80000, 0x00000000ebf80000, 0x0000000100000000)
  eden space 16384K, 100% used [0x00000000eaa80000,0x00000000eba80000,0x00000000eba80000)
  from space 2560K, 99% used [0x00000000eba80000,0x00000000ebcf9c68,0x00000000ebd00000)
  to   space 2560K, 0% used [0x00000000ebd00000,0x00000000ebd00000,0x00000000ebf80000)
 ParOldGen       total 41984K, used 1671K [0x00000000c0000000, 0x00000000c2900000, 0x00000000eaa80000)
  object space 41984K, 3% used [0x00000000c0000000,0x00000000c01a1fc0,0x00000000c2900000)
 PSPermGen       total 21504K, used 5354K [0x00000000bae00000, 0x00000000bc300000, 0x00000000c0000000)
  object space 21504K, 24% used [0x00000000bae00000,0x00000000bb33aab0,0x00000000bc300000)
Event: 2.134 GC heap after
Heap after GC invocations=2 (full 0):
 PSYoungGen      total 18944K, used 2551K [0x00000000eaa80000, 0x00000000ecf80000, 0x0000000100000000)
  eden space 16384K, 0% used [0x00000000eaa80000,0x00000000eaa80000,0x00000000eba80000)
  from space 2560K, 99% used [0x00000000ebd00000,0x00000000ebf7dc98,0x00000000ebf80000)
  to   space 2560K, 0% used [0x00000000eba80000,0x00000000eba80000,0x00000000ebd00000)
 ParOldGen       total 41984K, used 7018K [0x00000000c0000000, 0x00000000c2900000, 0x00000000eaa80000)
  object space 41984K, 16% used [0x00000000c0000000,0x00000000c06da860,0x00000000c2900000)
 PSPermGen       total 21504K, used 5354K [0x00000000bae00000, 0x00000000bc300000, 0x00000000c0000000)
  object space 21504K, 24% used [0x00000000bae00000,0x00000000bb33aab0,0x00000000bc300000)
}
Event: 3.185 GC heap before
{Heap before GC invocations=3 (full 0):
 PSYoungGen      total 18944K, used 18935K [0x00000000eaa80000, 0x00000000ecf80000, 0x0000000100000000)
  eden space 16384K, 100% used [0x00000000eaa80000,0x00000000eba80000,0x00000000eba80000)
  from space 2560K, 99% used [0x00000000ebd00000,0x00000000ebf7dc98,0x00000000ebf80000)
  to   space 2560K, 0% used [0x00000000eba80000,0x00000000eba80000,0x00000000ebd00000)
 ParOldGen       total 41984K, used 7018K [0x00000000c0000000, 0x00000000c2900000, 0x00000000eaa80000)
  object space 41984K, 16% used [0x00000000c0000000,0x00000000c06da860,0x00000000c2900000)
 PSPermGen       total 21504K, used 5423K [0x00000000bae00000, 0x00000000bc300000, 0x00000000c0000000)
  object space 21504K, 25% used [0x00000000bae00000,0x00000000bb34bff8,0x00000000bc300000)
Event: 3.212 GC heap after
Heap after GC invocations=3 (full 0):
 PSYoungGen      total 18944K, used 2551K [0x00000000eaa80000, 0x00000000ecf80000, 0x0000000100000000)
  eden space 16384K, 0% used [0x00000000eaa80000,0x00000000eaa80000,0x00000000eba80000)
  from space 2560K, 99% used [0x00000000eba80000,0x00000000ebcfdc88,0x00000000ebd00000)
  to   space 2560K, 0% used [0x00000000ecd00000,0x00000000ecd00000,0x00000000ecf80000)
 ParOldGen       total 41984K, used 11779K [0x00000000c0000000, 0x00000000c2900000, 0x00000000eaa80000)
  object space 41984K, 28% used [0x00000000c0000000,0x00000000c0b80e00,0x00000000c2900000)
 PSPermGen       total 21504K, used 5423K [0x00000000bae00000, 0x00000000bc300000, 0x00000000c0000000)
  object space 21504K, 25% used [0x00000000bae00000,0x00000000bb34bff8,0x00000000bc300000)
}

Deoptimization events (10 events):
Event: 3.832 Thread 0x000000000a881000 Uncommon trap: reason=class_check action=maybe_recompile pc=0x0000000002f5c6e0 method=java.util.HashMap.<init>(IF)V @ 115
Event: 3.832 Thread 0x000000000a881000 Uncommon trap: reason=class_check action=maybe_recompile pc=0x0000000002f10fe8 method=java.util.HashMap.put(Ljava/lang/Object;Ljava/lang/Object;)Ljava/lang/Object; @ 137
Event: 3.832 Thread 0x000000000a881000 Uncommon trap: reason=class_check action=maybe_recompile pc=0x0000000002f519c4 method=java.util.HashMap.addEntry(ILjava/lang/Object;Ljava/lang/Object;I)V @ 65
Event: 3.832 Thread 0x000000000a881000 Uncommon trap: reason=class_check action=maybe_recompile pc=0x0000000002f10fe8 method=java.util.HashMap.put(Ljava/lang/Object;Ljava/lang/Object;)Ljava/lang/Object; @ 137
Event: 3.832 Thread 0x000000000a881000 Uncommon trap: reason=class_check action=maybe_recompile pc=0x0000000002f519c4 method=java.util.HashMap.addEntry(ILjava/lang/Object;Ljava/lang/Object;I)V @ 65
Event: 3.832 Thread 0x000000000a881000 Uncommon trap: reason=class_check action=maybe_recompile pc=0x0000000002f10fe8 method=java.util.HashMap.put(Ljava/lang/Object;Ljava/lang/Object;)Ljava/lang/Object; @ 137
Event: 3.832 Thread 0x000000000a881000 Uncommon trap: reason=class_check action=maybe_recompile pc=0x0000000002f519c4 method=java.util.HashMap.addEntry(ILjava/lang/Object;Ljava/lang/Object;I)V @ 65
Event: 3.832 Thread 0x000000000a881000 Uncommon trap: reason=class_check action=maybe_recompile pc=0x0000000002f10fe8 method=java.util.HashMap.put(Ljava/lang/Object;Ljava/lang/Object;)Ljava/lang/Object; @ 137
Event: 3.832 Thread 0x000000000a881000 Uncommon trap: reason=class_check action=maybe_recompile pc=0x0000000002f519c4 method=java.util.HashMap.addEntry(ILjava/lang/Object;Ljava/lang/Object;I)V @ 65
Event: 3.833 Thread 0x000000000a881000 Uncommon trap: reason=class_check action=maybe_recompile pc=0x0000000002f5c6e0 method=java.util.HashMap.<init>(IF)V @ 115

Internal exceptions (10 events):
Event: 3.239 Thread 0x000000000a881000 Threw 0x00000000eaadbfc0 at C:\re\jdk7u51\527\hotspot\src\share\vm\prims\jvm.cpp:1244
Event: 3.616 Thread 0x000000000a881000 Threw 0x00000000eab5f880 at C:\re\jdk7u51\527\hotspot\src\share\vm\prims\jvm.cpp:1244
Event: 3.633 Thread 0x000000000a881000 Threw 0x00000000eab65c18 at C:\re\jdk7u51\527\hotspot\src\share\vm\prims\jvm.cpp:1244
Event: 3.636 Thread 0x000000000a881000 Threw 0x00000000eab740c0 at C:\re\jdk7u51\527\hotspot\src\share\vm\prims\jvm.cpp:1244
Event: 3.636 Thread 0x000000000a881000 Threw 0x00000000eab76c38 at C:\re\jdk7u51\527\hotspot\src\share\vm\prims\jvm.cpp:1244
Event: 3.660 Thread 0x000000000a881000 Threw 0x00000000eab93110 at C:\re\jdk7u51\527\hotspot\src\share\vm\prims\jvm.cpp:1244
Event: 3.661 Thread 0x000000000a881000 Threw 0x00000000eab9b660 at C:\re\jdk7u51\527\hotspot\src\share\vm\prims\jvm.cpp:1244
Event: 3.662 Thread 0x000000000a881000 Threw 0x00000000eaba0b08 at C:\re\jdk7u51\527\hotspot\src\share\vm\prims\jvm.cpp:1244
Event: 3.665 Thread 0x000000000a881000 Threw 0x00000000eaba5438 at C:\re\jdk7u51\527\hotspot\src\share\vm\prims\jvm.cpp:1244
Event: 3.792 Thread 0x000000000a881000 Threw 0x00000000eabb7e10 at C:\re\jdk7u51\527\hotspot\src\share\vm\prims\jvm.cpp:1244

Events (10 events):
Event: 3.859 loading class 0x000000000a82dab0
Event: 3.859 loading class 0x000000000b4336d0
Event: 3.859 loading class 0x000000000b4336d0 done
Event: 3.859 loading class 0x000000000a82dab0 done
Event: 3.859 loading class 0x000000000a94b5a0
Event: 3.859 loading class 0x000000000a94b5a0 done
Event: 3.859 loading class 0x000000000a94a770
Event: 3.859 loading class 0x000000000a94a770 done
Event: 3.859 loading class 0x000000000b4336a0
Event: 3.859 loading class 0x000000000b4336a0 done


Dynamic libraries:
0x00007ff76e6d0000 - 0x00007ff76e703000 	C:\Program Files\Java\jdk1.7.0_51\bin\java.exe
0x00007ffc84cb0000 - 0x00007ffc84e5d000 	C:\WINDOWS\SYSTEM32\ntdll.dll
0x00007ffc84140000 - 0x00007ffc8427e000 	C:\WINDOWS\system32\KERNEL32.DLL
0x00007ffc81f00000 - 0x00007ffc82015000 	C:\WINDOWS\system32\KERNELBASE.dll
0x00007ffc809b0000 - 0x00007ffc80a3e000 	C:\WINDOWS\system32\apphelp.dll
0x00007ffc6eb10000 - 0x00007ffc6eb63000 	C:\WINDOWS\AppPatch\AppPatch64\AcGenral.DLL
0x00007ffc84280000 - 0x00007ffc8432a000 	C:\WINDOWS\system32\msvcrt.dll
0x00007ffc82130000 - 0x00007ffc8215e000 	C:\WINDOWS\system32\SspiCli.dll
0x00007ffc843a0000 - 0x00007ffc843f4000 	C:\WINDOWS\system32\SHLWAPI.dll
0x00007ffc827b0000 - 0x00007ffc82927000 	C:\WINDOWS\system32\USER32.dll
0x00007ffc82a10000 - 0x00007ffc82ba4000 	C:\WINDOWS\system32\ole32.dll
0x00007ffc82bb0000 - 0x00007ffc840d9000 	C:\WINDOWS\system32\SHELL32.dll
0x00007ffc813b0000 - 0x00007ffc813d1000 	C:\WINDOWS\SYSTEM32\USERENV.dll
0x00007ffc84400000 - 0x00007ffc844aa000 	C:\WINDOWS\system32\ADVAPI32.dll
0x00007ffc73520000 - 0x00007ffc7353e000 	C:\WINDOWS\SYSTEM32\MPR.dll
0x00007ffc824f0000 - 0x00007ffc82630000 	C:\WINDOWS\system32\RPCRT4.dll
0x00007ffc84330000 - 0x00007ffc84389000 	C:\WINDOWS\SYSTEM32\sechost.dll
0x00007ffc845e0000 - 0x00007ffc847f1000 	C:\WINDOWS\SYSTEM32\combase.dll
0x00007ffc84b60000 - 0x00007ffc84caf000 	C:\WINDOWS\system32\GDI32.dll
0x00007ffc81d70000 - 0x00007ffc81d85000 	C:\WINDOWS\SYSTEM32\profapi.dll
0x00007ffc80380000 - 0x00007ffc80432000 	C:\WINDOWS\SYSTEM32\SHCORE.dll
0x00007ffc826a0000 - 0x00007ffc826d6000 	C:\WINDOWS\system32\IMM32.DLL
0x00007ffc84800000 - 0x00007ffc84952000 	C:\WINDOWS\system32\MSCTF.dll
0x00007ffc7eec0000 - 0x00007ffc7f13b000 	C:\WINDOWS\WinSxS\amd64_microsoft.windows.common-controls_6595b64144ccf1df_6.0.9600.18006_none_623f33d3ecbe86e8\COMCTL32.dll
0x0000000071240000 - 0x0000000071312000 	C:\Program Files\Java\jdk1.7.0_51\jre\bin\msvcr100.dll
0x0000000070a70000 - 0x0000000071239000 	C:\Program Files\Java\jdk1.7.0_51\jre\bin\server\jvm.dll
0x00007ffc78d00000 - 0x00007ffc78d09000 	C:\WINDOWS\SYSTEM32\WSOCK32.dll
0x00007ffc76670000 - 0x00007ffc76692000 	C:\WINDOWS\SYSTEM32\WINMM.dll
0x00007ffc82630000 - 0x00007ffc82637000 	C:\WINDOWS\system32\PSAPI.DLL
0x00007ffc840e0000 - 0x00007ffc8413a000 	C:\WINDOWS\system32\WS2_32.dll
0x00007ffc76510000 - 0x00007ffc7653a000 	C:\WINDOWS\SYSTEM32\WINMMBASE.dll
0x00007ffc84390000 - 0x00007ffc84399000 	C:\WINDOWS\system32\NSI.dll
0x00007ffc81eb0000 - 0x00007ffc81eff000 	C:\WINDOWS\SYSTEM32\cfgmgr32.dll
0x00007ffc80ad0000 - 0x00007ffc80af8000 	C:\WINDOWS\SYSTEM32\DEVOBJ.dll
0x0000000070a60000 - 0x0000000070a6f000 	C:\Program Files\Java\jdk1.7.0_51\jre\bin\verify.dll
0x0000000070a30000 - 0x0000000070a58000 	C:\Program Files\Java\jdk1.7.0_51\jre\bin\java.dll
0x0000000070a10000 - 0x0000000070a25000 	C:\Program Files\Java\jdk1.7.0_51\jre\bin\zip.dll

VM Arguments:
jvm_args: -Djava.awt.headless=true -Xmx1024M -Dfile.encoding=windows-31j -Duser.country=JP -Duser.language=ja -Duser.variant 
java_command: com.android.dx.command.Main --dex --force-jumbo --num-threads=4 --multi-dex --output C:\AndroidStudioProject\OpenGLESUtil\app\build\intermediates\transforms\dex\debug\folders\1000\5\slice_6 C:\AndroidStudioProject\OpenGLESUtil\app\build\intermediates\transforms\instantRunSlicer\debug\folders\1\5\slice_6
Launcher Type: SUN_STANDARD

Environment Variables:
JAVA_HOME=C:\Program Files\Java\jdk1.8.0_45
CLASSPATH=.;C:\Program Files (x86)\QuickTime\QTSystem\QTJava.zip
PATH=C:\Program Files\Haskell\bin;C:\Program Files\Haskell Platform\2014.2.0.0\lib\extralibs\bin;C:\Program Files\Haskell Platform\2014.2.0.0\bin;C:\ProgramData\Oracle\Java\javapath;C:\Program Files\Java\jdk1.7.0_45\bin;C:\Program Files (x86)\Intel\iCLS Client\;C:\Program Files\Intel\iCLS Client\;C:\WINDOWS\system32;C:\WINDOWS;C:\WINDOWS\System32\Wbem;C:\WINDOWS\System32\WindowsPowerShell\v1.0\;C:\Program Files (x86)\Intel\OpenCL SDK\2.0\bin\x86;C:\Program Files (x86)\Intel\OpenCL SDK\2.0\bin\x64;C:\Program Files\Intel\Intel(R) Management Engine Components\DAL;C:\Program Files\Intel\Intel(R) Management Engine Components\IPT;C:\Program Files (x86)\Intel\Intel(R) Management Engine Components\DAL;C:\Program Files (x86)\Intel\Intel(R) Management Engine Components\IPT;C:\Program Files (x86)\Symantec\VIP Access Client\;C:\Program Files\Intel\WiFi\bin\;C:\Program Files\Common Files\Intel\WirelessCommon\;C:\Program Files\Microsoft SQL Server\110\Tools\Binn\;c:\Program Files (x86)\Microsoft SQL Server\100\Tools\Binn\;c:\Program Files\Microsoft SQL Server\100\Tools\Binn\;c:\Program Files\Microsoft SQL Server\100\DTS\Binn\;C:\Program Files (x86)\QuickTime\QTSystem\;C:\adt-bundle-windows-x86_64-20140702\sdk\platform-tools;C:\Program Files (x86)\Toshiba\Bluetooth Toshiba Stack\sys\;C:\Program Files (x86)\Toshiba\Bluetooth Toshiba Stack\sys\x64\;C:\Program Files\Haskell Platform\2014.2.0.0\mingw\bin;C:\Program Files\Microsoft\Web Platform Installer\;C:\Users\テツヤ\.dnx\bin;C:\Program Files\Microsoft DNX\Dnvm\;C:\Program Files (x86)\Windows Kits\8.1\Windows Performance Toolkit\;C:\Program Files (x86)\Skype\Phone\;C:\Users\テツヤ\AppData\Roaming\cabal\bin;C:\GNUstep\bin;C:\GNUstep\GNUstep\System\Tools;C:\Program Files (x86)\Vim\vim74;C:\Program Files\Haskell Platform\2014.2.0.0\bin;C:\common files\Util\tools\tpad090;C:\nasm\nasm-2.11.08
USERNAME=テツヤ
OS=Windows_NT
PROCESSOR_IDENTIFIER=Intel64 Family 6 Model 58 Stepping 9, GenuineIntel



---------------  S Y S T E M  ---------------

OS: Windows 8 , 64 bit Build 9200 

CPU:total 4 (2 cores per cpu, 2 threads per core) family 6 model 58 stepping 9, cmov, cx8, fxsr, mmx, sse, sse2, sse3, ssse3, sse4.1, sse4.2, popcnt, avx, aes, erms, ht, tsc, tscinvbit, tscinv

Memory: 4k page, physical 4053208k(722188k free), swap 7198936k(5400k free)

vm_info: Java HotSpot(TM) 64-Bit Server VM (24.51-b03) for windows-amd64 JRE (1.7.0_51-b13), built on Dec 18 2013 18:40:56 by "java_re" with unknown MS VC++:1600

time: Sun Sep 11 19:26:48 2016
elapsed time: 3 seconds

