#
# There is insufficient memory for the Java Runtime Environment to continue.
# Native memory allocation (malloc) failed to allocate 257296 bytes for Chunk::new
# Possible reasons:
#   The system is out of physical RAM or swap space
#   In 32 bit mode, the process size limit was hit
# Possible solutions:
#   Reduce memory load on the system
#   Increase physical memory or swap space
#   Check if swap backing store is full
#   Use 64 bit Java on a 64 bit OS
#   Decrease Java heap size (-Xmx/-Xms)
#   Decrease number of Java threads
#   Decrease Java thread stack sizes (-Xss)
#   Set larger code cache with -XX:ReservedCodeCacheSize=
# This output file may be truncated or incomplete.
#
#  Out of Memory Error (allocation.cpp:323), pid=10764, tid=2600
#
# JRE version: Java(TM) SE Runtime Environment (7.0_51-b13) (build 1.7.0_51-b13)
# Java VM: Java HotSpot(TM) 64-Bit Server VM (24.51-b03 mixed mode windows-amd64 compressed oops)
# Failed to write core dump. Minidumps are not enabled by default on client versions of Windows
#

---------------  T H R E A D  ---------------

Current thread (0x000000000805f000):  JavaThread "C2 CompilerThread0" daemon [_thread_in_native, id=2600, stack(0x00000000095e0000,0x00000000096e0000)]

Stack: [0x00000000095e0000,0x00000000096e0000]

Current CompileTask:
C2:   3621  292             com.android.dx.dex.code.RopTranslator::pickOrder (400 bytes)


---------------  P R O C E S S  ---------------

Java Threads: ( => current thread )
  0x0000000009b0d800 JavaThread "pool-2-thread-4" [_thread_in_Java, id=5692, stack(0x000000000a1e0000,0x000000000a2e0000)]
  0x0000000009b2d800 JavaThread "pool-2-thread-3" [_thread_in_Java, id=9552, stack(0x000000000a0e0000,0x000000000a1e0000)]
  0x0000000009a79800 JavaThread "pool-2-thread-2" [_thread_in_vm, id=8392, stack(0x0000000009fe0000,0x000000000a0e0000)]
  0x0000000009ab9000 JavaThread "pool-3-thread-1" [_thread_blocked, id=3676, stack(0x0000000009ee0000,0x0000000009fe0000)]
  0x0000000009a93800 JavaThread "pool-2-thread-1" [_thread_in_Java, id=13380, stack(0x0000000009de0000,0x0000000009ee0000)]
  0x0000000008070000 JavaThread "Service Thread" daemon [_thread_blocked, id=1580, stack(0x00000000097e0000,0x00000000098e0000)]
  0x0000000008062800 JavaThread "C2 CompilerThread1" daemon [_thread_in_native, id=3924, stack(0x00000000096e0000,0x00000000097e0000)]
=>0x000000000805f000 JavaThread "C2 CompilerThread0" daemon [_thread_in_native, id=2600, stack(0x00000000095e0000,0x00000000096e0000)]
  0x000000000805e000 JavaThread "Attach Listener" daemon [_thread_blocked, id=1528, stack(0x00000000094e0000,0x00000000095e0000)]
  0x0000000008038000 JavaThread "Signal Dispatcher" daemon [_thread_blocked, id=884, stack(0x00000000093e0000,0x00000000094e0000)]
  0x0000000008019000 JavaThread "Finalizer" daemon [_thread_blocked, id=4356, stack(0x00000000092e0000,0x00000000093e0000)]
  0x0000000008013800 JavaThread "Reference Handler" daemon [_thread_blocked, id=9060, stack(0x00000000091e0000,0x00000000092e0000)]
  0x000000000050e000 JavaThread "main" [_thread_blocked, id=6544, stack(0x0000000001c80000,0x0000000001d80000)]

Other Threads:
  0x0000000008011800 VMThread [stack: 0x00000000090e0000,0x00000000091e0000] [id=7956]
  0x000000000807a000 WatcherThread [stack: 0x00000000098e0000,0x00000000099e0000] [id=10388]

VM state:not at safepoint (normal execution)

VM Mutex/Monitor currently owned by a thread: None

Heap
 PSYoungGen      total 35328K, used 9995K [0x00000000eaa80000, 0x00000000ecf80000, 0x0000000100000000)
  eden space 32768K, 22% used [0x00000000eaa80000,0x00000000eb1c8078,0x00000000eca80000)
  from space 2560K, 99% used [0x00000000ecd00000,0x00000000ecf7abf8,0x00000000ecf80000)
  to   space 2560K, 0% used [0x00000000eca80000,0x00000000eca80000,0x00000000ecd00000)
 ParOldGen       total 41984K, used 4004K [0x00000000c0000000, 0x00000000c2900000, 0x00000000eaa80000)
  object space 41984K, 9% used [0x00000000c0000000,0x00000000c03e9180,0x00000000c2900000)
 PSPermGen       total 21504K, used 5401K [0x00000000bae00000, 0x00000000bc300000, 0x00000000c0000000)
  object space 21504K, 25% used [0x00000000bae00000,0x00000000bb3465a8,0x00000000bc300000)

Card table byte_map: [0x0000000005250000,0x0000000005480000] byte_map_base: 0x0000000004c79000

Polling page: 0x0000000000510000

Code Cache  [0x0000000002250000, 0x00000000024c0000, 0x0000000005250000)
 total_blobs=505 nmethods=289 adapters=168 free_code_cache=48046Kb largest_free_block=49173120

Compilation events (10 events):
Event: 3.595 Thread 0x000000000805f000 nmethod 287 0x0000000002365690 code [0x00000000023657e0, 0x00000000023658b8]
Event: 3.595 Thread 0x000000000805f000  288             com.android.dx.rop.code.BasicBlockList::set (12 bytes)
Event: 3.598 Thread 0x000000000805f000 nmethod 288 0x0000000002366c50 code [0x0000000002366dc0, 0x0000000002366f98]
Event: 3.598 Thread 0x000000000805f000  289             com.android.dx.rop.code.Rop::canThrow (18 bytes)
Event: 3.599 Thread 0x000000000805f000 nmethod 289 0x00000000023653d0 code [0x0000000002365520, 0x00000000023655b8]
Event: 3.599 Thread 0x000000000805f000  290             com.android.dx.util.IntList::contains (14 bytes)
Event: 3.602 Thread 0x000000000805f000 nmethod 290 0x0000000002366710 code [0x0000000002366860, 0x0000000002366a18]
Event: 3.602 Thread 0x000000000805f000  291             com.android.dx.rop.code.PlainInsn::withNewRegisters (18 bytes)
Event: 3.604 Thread 0x000000000805f000 nmethod 291 0x0000000002366210 code [0x0000000002366360, 0x0000000002366518]
Event: 3.604 Thread 0x000000000805f000  292             com.android.dx.dex.code.RopTranslator::pickOrder (400 bytes)

GC Heap History (4 events):
Event: 1.433 GC heap before
{Heap before GC invocations=1 (full 0):
 PSYoungGen      total 18944K, used 16384K [0x00000000eaa80000, 0x00000000ebf80000, 0x0000000100000000)
  eden space 16384K, 100% used [0x00000000eaa80000,0x00000000eba80000,0x00000000eba80000)
  from space 2560K, 0% used [0x00000000ebd00000,0x00000000ebd00000,0x00000000ebf80000)
  to   space 2560K, 0% used [0x00000000eba80000,0x00000000eba80000,0x00000000ebd00000)
 ParOldGen       total 41984K, used 0K [0x00000000c0000000, 0x00000000c2900000, 0x00000000eaa80000)
  object space 41984K, 0% used [0x00000000c0000000,0x00000000c0000000,0x00000000c2900000)
 PSPermGen       total 21504K, used 5238K [0x00000000bae00000, 0x00000000bc300000, 0x00000000c0000000)
  object space 21504K, 24% used [0x00000000bae00000,0x00000000bb31d848,0x00000000bc300000)
Event: 1.562 GC heap after
Heap after GC invocations=1 (full 0):
 PSYoungGen      total 18944K, used 2549K [0x00000000eaa80000, 0x00000000ecf80000, 0x0000000100000000)
  eden space 16384K, 0% used [0x00000000eaa80000,0x00000000eaa80000,0x00000000eba80000)
  from space 2560K, 99% used [0x00000000eba80000,0x00000000ebcfd628,0x00000000ebd00000)
  to   space 2560K, 0% used [0x00000000ecd00000,0x00000000ecd00000,0x00000000ecf80000)
 ParOldGen       total 41984K, used 1753K [0x00000000c0000000, 0x00000000c2900000, 0x00000000eaa80000)
  object space 41984K, 4% used [0x00000000c0000000,0x00000000c01b67a8,0x00000000c2900000)
 PSPermGen       total 21504K, used 5238K [0x00000000bae00000, 0x00000000bc300000, 0x00000000c0000000)
  object space 21504K, 24% used [0x00000000bae00000,0x00000000bb31d848,0x00000000bc300000)
}
Event: 3.418 GC heap before
{Heap before GC invocations=2 (full 0):
 PSYoungGen      total 18944K, used 18933K [0x00000000eaa80000, 0x00000000ecf80000, 0x0000000100000000)
  eden space 16384K, 100% used [0x00000000eaa80000,0x00000000eba80000,0x00000000eba80000)
  from space 2560K, 99% used [0x00000000eba80000,0x00000000ebcfd628,0x00000000ebd00000)
  to   space 2560K, 0% used [0x00000000ecd00000,0x00000000ecd00000,0x00000000ecf80000)
 ParOldGen       total 41984K, used 1753K [0x00000000c0000000, 0x00000000c2900000, 0x00000000eaa80000)
  object space 41984K, 4% used [0x00000000c0000000,0x00000000c01b67a8,0x00000000c2900000)
 PSPermGen       total 21504K, used 5377K [0x00000000bae00000, 0x00000000bc300000, 0x00000000c0000000)
  object space 21504K, 25% used [0x00000000bae00000,0x00000000bb340588,0x00000000bc300000)
Event: 3.437 GC heap after
Heap after GC invocations=2 (full 0):
 PSYoungGen      total 35328K, used 2538K [0x00000000eaa80000, 0x00000000ecf80000, 0x0000000100000000)
  eden space 32768K, 0% used [0x00000000eaa80000,0x00000000eaa80000,0x00000000eca80000)
  from space 2560K, 99% used [0x00000000ecd00000,0x00000000ecf7abf8,0x00000000ecf80000)
  to   space 2560K, 0% used [0x00000000eca80000,0x00000000eca80000,0x00000000ecd00000)
 ParOldGen       total 41984K, used 4004K [0x00000000c0000000, 0x00000000c2900000, 0x00000000eaa80000)
  object space 41984K, 9% used [0x00000000c0000000,0x00000000c03e9180,0x00000000c2900000)
 PSPermGen       total 21504K, used 5377K [0x00000000bae00000, 0x00000000bc300000, 0x00000000c0000000)
  object space 21504K, 25% used [0x00000000bae00000,0x00000000bb340588,0x00000000bc300000)
}

Deoptimization events (6 events):
Event: 0.929 Thread 0x0000000009b0d800 Uncommon trap: reason=null_check action=make_not_entrant pc=0x00000000022c1574 method=com.android.dx.rop.code.LocalItem.equals(Ljava/lang/Object;)Z @ 1
Event: 1.049 Thread 0x0000000009a79800 Uncommon trap: reason=null_check action=make_not_entrant pc=0x00000000022d0234 method=com.android.dx.ssa.SsaRenamer.getLocalForNewReg(I)Lcom/android/dx/rop/code/LocalItem; @ 19
Event: 3.442 Thread 0x0000000009a93800 Uncommon trap: reason=unreached action=reinterpret pc=0x000000000232f8c0 method=com.android.dx.cf.code.Ropper.addExceptionSetupBlocks()V @ 21
Event: 3.453 Thread 0x0000000009a93800 Uncommon trap: reason=unreached action=reinterpret pc=0x000000000232f338 method=com.android.dx.util.LabeledList.set(ILcom/android/dx/util/LabeledItem;)V @ 16
Event: 3.487 Thread 0x0000000009b2d800 Uncommon trap: reason=unreached action=reinterpret pc=0x000000000234c30c method=com.android.dx.cf.code.BaseMachine.getLocalTarget(Z)Lcom/android/dx/rop/code/RegisterSpec; @ 131
Event: 3.493 Thread 0x0000000009b0d800 Uncommon trap: reason=uninitialized action=reinterpret pc=0x00000000023528f8 method=com.android.dx.cf.code.BytecodeArray.parseInstruction(ILcom/android/dx/cf/code/BytecodeArray$Visitor;)I @ 999

Internal exceptions (10 events):
Event: 0.904 Thread 0x0000000009a79800 Threw 0x00000000eb0095c8 at C:\re\jdk7u51\527\hotspot\src\share\vm\prims\jvm.cpp:1244
Event: 0.906 Thread 0x0000000009a79800 Threw 0x00000000eb012098 at C:\re\jdk7u51\527\hotspot\src\share\vm\prims\jvm.cpp:1244
Event: 0.907 Thread 0x0000000009a79800 Threw 0x00000000eb433170 at C:\re\jdk7u51\527\hotspot\src\share\vm\prims\jvm.cpp:1244
Event: 0.907 Thread 0x0000000009a79800 Threw 0x00000000eb435f70 at C:\re\jdk7u51\527\hotspot\src\share\vm\prims\jvm.cpp:1244
Event: 0.929 Thread 0x0000000009b0d800 Implicit null exception at 0x00000000022c122d to 0x00000000022c1561
Event: 0.931 Thread 0x000000000050e000 Threw 0x00000000eb346608 at C:\re\jdk7u51\527\hotspot\src\share\vm\prims\jvm.cpp:1244
Event: 1.049 Thread 0x0000000009a79800 Implicit null exception at 0x00000000022cf760 to 0x00000000022d0219
Event: 1.260 Thread 0x0000000009a93800 Threw 0x00000000eb861378 at C:\re\jdk7u51\527\hotspot\src\share\vm\prims\jvm.cpp:1244
Event: 2.096 Thread 0x0000000009a79800 Threw 0x00000000eb127f18 at C:\re\jdk7u51\527\hotspot\src\share\vm\prims\jvm.cpp:1244
Event: 3.487 Thread 0x0000000009a79800 Threw 0x00000000eaf528e0 at C:\re\jdk7u51\527\hotspot\src\share\vm\prims\jvm.cpp:1244

Events (10 events):
Event: 3.487 Thread 0x0000000009b2d800 Uncommon trap: trap_request=0xffffffad fr.pc=0x000000000234c30c
Event: 3.487 Thread 0x0000000009b2d800 DEOPT PACKING pc=0x000000000234c30c sp=0x000000000a1de810
Event: 3.487 Thread 0x0000000009b2d800 DEOPT UNPACKING pc=0x00000000022875a4 sp=0x000000000a1de750 mode 2
Event: 3.493 Thread 0x0000000009b0d800 Uncommon trap: trap_request=0xffffffb5 fr.pc=0x00000000023528f8
Event: 3.493 Thread 0x0000000009b0d800 DEOPT PACKING pc=0x00000000023528f8 sp=0x000000000a2decf0
Event: 3.493 Thread 0x0000000009b0d800 DEOPT UNPACKING pc=0x00000000022875a4 sp=0x000000000a2deca8 mode 2
Event: 3.495 loading class 0x00000000021c9320
Event: 3.495 loading class 0x00000000021c9320 done
Event: 3.495 loading class 0x00000000021c92f0
Event: 3.495 loading class 0x00000000021c92f0 done


Dynamic libraries:
0x00007ff76e6d0000 - 0x00007ff76e703000 	C:\Program Files\Java\jdk1.7.0_51\bin\java.exe
0x00007ffc84cb0000 - 0x00007ffc84e5d000 	C:\WINDOWS\SYSTEM32\ntdll.dll
0x00007ffc84140000 - 0x00007ffc8427e000 	C:\WINDOWS\system32\KERNEL32.DLL
0x00007ffc81f00000 - 0x00007ffc82015000 	C:\WINDOWS\system32\KERNELBASE.dll
0x00007ffc809b0000 - 0x00007ffc80a3e000 	C:\WINDOWS\system32\apphelp.dll
0x00007ffc6eb10000 - 0x00007ffc6eb63000 	C:\WINDOWS\AppPatch\AppPatch64\AcGenral.DLL
0x00007ffc84280000 - 0x00007ffc8432a000 	C:\WINDOWS\system32\msvcrt.dll
0x00007ffc82130000 - 0x00007ffc8215e000 	C:\WINDOWS\system32\SspiCli.dll
0x00007ffc843a0000 - 0x00007ffc843f4000 	C:\WINDOWS\system32\SHLWAPI.dll
0x00007ffc827b0000 - 0x00007ffc82927000 	C:\WINDOWS\system32\USER32.dll
0x00007ffc82a10000 - 0x00007ffc82ba4000 	C:\WINDOWS\system32\ole32.dll
0x00007ffc82bb0000 - 0x00007ffc840d9000 	C:\WINDOWS\system32\SHELL32.dll
0x00007ffc813b0000 - 0x00007ffc813d1000 	C:\WINDOWS\SYSTEM32\USERENV.dll
0x00007ffc84400000 - 0x00007ffc844aa000 	C:\WINDOWS\system32\ADVAPI32.dll
0x00007ffc73520000 - 0x00007ffc7353e000 	C:\WINDOWS\SYSTEM32\MPR.dll
0x00007ffc824f0000 - 0x00007ffc82630000 	C:\WINDOWS\system32\RPCRT4.dll
0x00007ffc84330000 - 0x00007ffc84389000 	C:\WINDOWS\SYSTEM32\sechost.dll
0x00007ffc845e0000 - 0x00007ffc847f1000 	C:\WINDOWS\SYSTEM32\combase.dll
0x00007ffc84b60000 - 0x00007ffc84caf000 	C:\WINDOWS\system32\GDI32.dll
0x00007ffc81d70000 - 0x00007ffc81d85000 	C:\WINDOWS\SYSTEM32\profapi.dll
0x00007ffc80380000 - 0x00007ffc80432000 	C:\WINDOWS\SYSTEM32\SHCORE.dll
0x00007ffc826a0000 - 0x00007ffc826d6000 	C:\WINDOWS\system32\IMM32.DLL
0x00007ffc84800000 - 0x00007ffc84952000 	C:\WINDOWS\system32\MSCTF.dll
0x00007ffc7eec0000 - 0x00007ffc7f13b000 	C:\WINDOWS\WinSxS\amd64_microsoft.windows.common-controls_6595b64144ccf1df_6.0.9600.18006_none_623f33d3ecbe86e8\COMCTL32.dll
0x0000000071240000 - 0x0000000071312000 	C:\Program Files\Java\jdk1.7.0_51\jre\bin\msvcr100.dll
0x0000000070a70000 - 0x0000000071239000 	C:\Program Files\Java\jdk1.7.0_51\jre\bin\server\jvm.dll
0x00007ffc78d00000 - 0x00007ffc78d09000 	C:\WINDOWS\SYSTEM32\WSOCK32.dll
0x00007ffc76670000 - 0x00007ffc76692000 	C:\WINDOWS\SYSTEM32\WINMM.dll
0x00007ffc82630000 - 0x00007ffc82637000 	C:\WINDOWS\system32\PSAPI.DLL
0x00007ffc840e0000 - 0x00007ffc8413a000 	C:\WINDOWS\system32\WS2_32.dll
0x00007ffc76510000 - 0x00007ffc7653a000 	C:\WINDOWS\SYSTEM32\WINMMBASE.dll
0x00007ffc84390000 - 0x00007ffc84399000 	C:\WINDOWS\system32\NSI.dll
0x00007ffc81eb0000 - 0x00007ffc81eff000 	C:\WINDOWS\SYSTEM32\cfgmgr32.dll
0x00007ffc80ad0000 - 0x00007ffc80af8000 	C:\WINDOWS\SYSTEM32\DEVOBJ.dll
0x0000000070a60000 - 0x0000000070a6f000 	C:\Program Files\Java\jdk1.7.0_51\jre\bin\verify.dll
0x0000000070a30000 - 0x0000000070a58000 	C:\Program Files\Java\jdk1.7.0_51\jre\bin\java.dll
0x0000000070a10000 - 0x0000000070a25000 	C:\Program Files\Java\jdk1.7.0_51\jre\bin\zip.dll

VM Arguments:
jvm_args: -Djava.awt.headless=true -Xmx1024M -Dfile.encoding=windows-31j -Duser.country=JP -Duser.language=ja -Duser.variant 
java_command: com.android.dx.command.Main --dex --force-jumbo --num-threads=4 --multi-dex --output C:\AndroidStudioProject\OpenGLESUtil\app\build\intermediates\transforms\dex\debug\folders\1000\5\slice_9 C:\AndroidStudioProject\OpenGLESUtil\app\build\intermediates\transforms\instantRunSlicer\debug\folders\1\5\slice_9
Launcher Type: SUN_STANDARD

Environment Variables:
JAVA_HOME=C:\Program Files\Java\jdk1.8.0_45
CLASSPATH=.;C:\Program Files (x86)\QuickTime\QTSystem\QTJava.zip
PATH=C:\Program Files\Haskell\bin;C:\Program Files\Haskell Platform\2014.2.0.0\lib\extralibs\bin;C:\Program Files\Haskell Platform\2014.2.0.0\bin;C:\ProgramData\Oracle\Java\javapath;C:\Program Files\Java\jdk1.7.0_45\bin;C:\Program Files (x86)\Intel\iCLS Client\;C:\Program Files\Intel\iCLS Client\;C:\WINDOWS\system32;C:\WINDOWS;C:\WINDOWS\System32\Wbem;C:\WINDOWS\System32\WindowsPowerShell\v1.0\;C:\Program Files (x86)\Intel\OpenCL SDK\2.0\bin\x86;C:\Program Files (x86)\Intel\OpenCL SDK\2.0\bin\x64;C:\Program Files\Intel\Intel(R) Management Engine Components\DAL;C:\Program Files\Intel\Intel(R) Management Engine Components\IPT;C:\Program Files (x86)\Intel\Intel(R) Management Engine Components\DAL;C:\Program Files (x86)\Intel\Intel(R) Management Engine Components\IPT;C:\Program Files (x86)\Symantec\VIP Access Client\;C:\Program Files\Intel\WiFi\bin\;C:\Program Files\Common Files\Intel\WirelessCommon\;C:\Program Files\Microsoft SQL Server\110\Tools\Binn\;c:\Program Files (x86)\Microsoft SQL Server\100\Tools\Binn\;c:\Program Files\Microsoft SQL Server\100\Tools\Binn\;c:\Program Files\Microsoft SQL Server\100\DTS\Binn\;C:\Program Files (x86)\QuickTime\QTSystem\;C:\adt-bundle-windows-x86_64-20140702\sdk\platform-tools;C:\Program Files (x86)\Toshiba\Bluetooth Toshiba Stack\sys\;C:\Program Files (x86)\Toshiba\Bluetooth Toshiba Stack\sys\x64\;C:\Program Files\Haskell Platform\2014.2.0.0\mingw\bin;C:\Program Files\Microsoft\Web Platform Installer\;C:\Users\テツヤ\.dnx\bin;C:\Program Files\Microsoft DNX\Dnvm\;C:\Program Files (x86)\Windows Kits\8.1\Windows Performance Toolkit\;C:\Program Files (x86)\Skype\Phone\;C:\Users\テツヤ\AppData\Roaming\cabal\bin;C:\GNUstep\bin;C:\GNUstep\GNUstep\System\Tools;C:\Program Files (x86)\Vim\vim74;C:\Program Files\Haskell Platform\2014.2.0.0\bin;C:\common files\Util\tools\tpad090;C:\nasm\nasm-2.11.08
USERNAME=テツヤ
OS=Windows_NT
PROCESSOR_IDENTIFIER=Intel64 Family 6 Model 58 Stepping 9, GenuineIntel



---------------  S Y S T E M  ---------------

OS: Windows 8 , 64 bit Build 9200 

CPU:total 4 (2 cores per cpu, 2 threads per core) family 6 model 58 stepping 9, cmov, cx8, fxsr, mmx, sse, sse2, sse3, ssse3, sse4.1, sse4.2, popcnt, avx, aes, erms, ht, tsc, tscinvbit, tscinv

Memory: 4k page, physical 4053208k(739648k free), swap 7198936k(5776k free)

vm_info: Java HotSpot(TM) 64-Bit Server VM (24.51-b03) for windows-amd64 JRE (1.7.0_51-b13), built on Dec 18 2013 18:40:56 by "java_re" with unknown MS VC++:1600

time: Sun Sep 11 19:28:45 2016
elapsed time: 3 seconds

