#
# There is insufficient memory for the Java Runtime Environment to continue.
# Native memory allocation (malloc) failed to allocate 474176 bytes for Chunk::new
# Possible reasons:
#   The system is out of physical RAM or swap space
#   In 32 bit mode, the process size limit was hit
# Possible solutions:
#   Reduce memory load on the system
#   Increase physical memory or swap space
#   Check if swap backing store is full
#   Use 64 bit Java on a 64 bit OS
#   Decrease Java heap size (-Xmx/-Xms)
#   Decrease number of Java threads
#   Decrease Java thread stack sizes (-Xss)
#   Set larger code cache with -XX:ReservedCodeCacheSize=
# This output file may be truncated or incomplete.
#
#  Out of Memory Error (allocation.cpp:323), pid=3940, tid=14744
#
# JRE version: Java(TM) SE Runtime Environment (7.0_51-b13) (build 1.7.0_51-b13)
# Java VM: Java HotSpot(TM) 64-Bit Server VM (24.51-b03 mixed mode windows-amd64 compressed oops)
# Failed to write core dump. Minidumps are not enabled by default on client versions of Windows
#

---------------  T H R E A D  ---------------

Current thread (0x000000000859f000):  JavaThread "C2 CompilerThread0" daemon [_thread_in_native, id=14744, stack(0x0000000009b20000,0x0000000009c20000)]

Stack: [0x0000000009b20000,0x0000000009c20000]

Current CompileTask:
C2:   2104  149             com.android.dx.ssa.SsaConverter::placePhiFunctions (394 bytes)


---------------  P R O C E S S  ---------------

Java Threads: ( => current thread )
  0x000000000a05e800 JavaThread "pool-2-thread-4" [_thread_in_Java, id=10768, stack(0x000000000a720000,0x000000000a820000)]
  0x000000000a053000 JavaThread "pool-2-thread-3" [_thread_in_Java, id=14396, stack(0x000000000a620000,0x000000000a720000)]
  0x0000000009fc7800 JavaThread "pool-2-thread-2" [_thread_in_Java, id=4436, stack(0x000000000a520000,0x000000000a620000)]
  0x0000000009fb0000 JavaThread "pool-3-thread-1" [_thread_blocked, id=11704, stack(0x000000000a420000,0x000000000a520000)]
  0x000000000a011800 JavaThread "pool-2-thread-1" [_thread_in_Java, id=11272, stack(0x000000000a320000,0x000000000a420000)]
  0x00000000085af800 JavaThread "Service Thread" daemon [_thread_blocked, id=13612, stack(0x0000000009d20000,0x0000000009e20000)]
  0x00000000085ab000 JavaThread "C2 CompilerThread1" daemon [_thread_in_native, id=2884, stack(0x0000000009c20000,0x0000000009d20000)]
=>0x000000000859f000 JavaThread "C2 CompilerThread0" daemon [_thread_in_native, id=14744, stack(0x0000000009b20000,0x0000000009c20000)]
  0x000000000859e000 JavaThread "Attach Listener" daemon [_thread_blocked, id=15144, stack(0x0000000009a20000,0x0000000009b20000)]
  0x0000000008577800 JavaThread "Signal Dispatcher" daemon [_thread_blocked, id=12780, stack(0x0000000009920000,0x0000000009a20000)]
  0x0000000008559000 JavaThread "Finalizer" daemon [_thread_blocked, id=12744, stack(0x0000000009820000,0x0000000009920000)]
  0x0000000008553800 JavaThread "Reference Handler" daemon [_thread_blocked, id=11768, stack(0x0000000009720000,0x0000000009820000)]
  0x00000000024fe000 JavaThread "main" [_thread_blocked, id=13716, stack(0x0000000002500000,0x0000000002600000)]

Other Threads:
  0x0000000008551800 VMThread [stack: 0x0000000009620000,0x0000000009720000] [id=7424]
  0x00000000085bd000 WatcherThread [stack: 0x0000000009e20000,0x0000000009f20000] [id=14580]

VM state:not at safepoint (normal execution)

VM Mutex/Monitor currently owned by a thread: None

Heap
 PSYoungGen      total 18944K, used 6458K [0x00000000eaa80000, 0x00000000ebf80000, 0x0000000100000000)
  eden space 16384K, 23% used [0x00000000eaa80000,0x00000000eae53ed8,0x00000000eba80000)
  from space 2560K, 99% used [0x00000000eba80000,0x00000000ebcfac48,0x00000000ebd00000)
  to   space 2560K, 0% used [0x00000000ebd00000,0x00000000ebd00000,0x00000000ebf80000)
 ParOldGen       total 41984K, used 1782K [0x00000000c0000000, 0x00000000c2900000, 0x00000000eaa80000)
  object space 41984K, 4% used [0x00000000c0000000,0x00000000c01bd9b8,0x00000000c2900000)
 PSPermGen       total 21504K, used 5257K [0x00000000bae00000, 0x00000000bc300000, 0x00000000c0000000)
  object space 21504K, 24% used [0x00000000bae00000,0x00000000bb322490,0x00000000bc300000)

Card table byte_map: [0x00000000057c0000,0x00000000059f0000] byte_map_base: 0x00000000051e9000

Polling page: 0x0000000002160000

Code Cache  [0x0000000002700000, 0x0000000002970000, 0x0000000005700000)
 total_blobs=372 nmethods=157 adapters=167 free_code_cache=48557Kb largest_free_block=49704512

Compilation events (10 events):
Event: 2.091 Thread 0x00000000085ab000 nmethod 153 0x00000000027939d0 code [0x0000000002793b20, 0x0000000002793ba8]
Event: 2.092 Thread 0x00000000085ab000  154  s          java.util.Vector::elementAt (48 bytes)
Event: 2.094 Thread 0x00000000085ab000 nmethod 154 0x00000000027934d0 code [0x0000000002793620, 0x0000000002793898]
Event: 2.094 Thread 0x00000000085ab000  155  s          java.util.Vector::add (39 bytes)
Event: 2.097 Thread 0x00000000085ab000 nmethod 155 0x0000000002792e10 code [0x0000000002792f60, 0x0000000002793348]
Event: 2.097 Thread 0x00000000085ab000  156             java.util.Vector::elementData (7 bytes)
Event: 2.097 Thread 0x00000000085ab000 nmethod 156 0x0000000002792ad0 code [0x0000000002792c00, 0x0000000002792c98]
Event: 2.097 Thread 0x00000000085ab000  157  s          java.util.Stack::peek (25 bytes)
Event: 2.099 Thread 0x00000000085ab000 nmethod 157 0x00000000027976d0 code [0x0000000002797820, 0x0000000002797ab8]
Event: 2.099 Thread 0x00000000085ab000  158  s          java.util.Vector::removeElementAt (115 bytes)

GC Heap History (2 events):
Event: 2.024 GC heap before
{Heap before GC invocations=1 (full 0):
 PSYoungGen      total 18944K, used 16384K [0x00000000eaa80000, 0x00000000ebf80000, 0x0000000100000000)
  eden space 16384K, 100% used [0x00000000eaa80000,0x00000000eba80000,0x00000000eba80000)
  from space 2560K, 0% used [0x00000000ebd00000,0x00000000ebd00000,0x00000000ebf80000)
  to   space 2560K, 0% used [0x00000000eba80000,0x00000000eba80000,0x00000000ebd00000)
 ParOldGen       total 41984K, used 0K [0x00000000c0000000, 0x00000000c2900000, 0x00000000eaa80000)
  object space 41984K, 0% used [0x00000000c0000000,0x00000000c0000000,0x00000000c2900000)
 PSPermGen       total 21504K, used 5208K [0x00000000bae00000, 0x00000000bc300000, 0x00000000c0000000)
  object space 21504K, 24% used [0x00000000bae00000,0x00000000bb316258,0x00000000bc300000)
Event: 2.056 GC heap after
Heap after GC invocations=1 (full 0):
 PSYoungGen      total 18944K, used 2539K [0x00000000eaa80000, 0x00000000ebf80000, 0x0000000100000000)
  eden space 16384K, 0% used [0x00000000eaa80000,0x00000000eaa80000,0x00000000eba80000)
  from space 2560K, 99% used [0x00000000eba80000,0x00000000ebcfac48,0x00000000ebd00000)
  to   space 2560K, 0% used [0x00000000ebd00000,0x00000000ebd00000,0x00000000ebf80000)
 ParOldGen       total 41984K, used 1782K [0x00000000c0000000, 0x00000000c2900000, 0x00000000eaa80000)
  object space 41984K, 4% used [0x00000000c0000000,0x00000000c01bd9b8,0x00000000c2900000)
 PSPermGen       total 21504K, used 5208K [0x00000000bae00000, 0x00000000bc300000, 0x00000000c0000000)
  object space 21504K, 24% used [0x00000000bae00000,0x00000000bb316258,0x00000000bc300000)
}

Deoptimization events (1 events):
Event: 1.480 Thread 0x0000000009fc7800 Uncommon trap: reason=unreached action=reinterpret pc=0x00000000027746b8 method=com.android.dx.rop.code.RegisterSpecSet.mutableCopy()Lcom/android/dx/rop/code/RegisterSpecSet; @ 32

Internal exceptions (10 events):
Event: 1.238 Thread 0x0000000009fc7800 Threw 0x00000000eb2718f0 at C:\re\jdk7u51\527\hotspot\src\share\vm\prims\jvm.cpp:1244
Event: 1.239 Thread 0x000000000a05e800 Threw 0x00000000eb387de0 at C:\re\jdk7u51\527\hotspot\src\share\vm\prims\jvm.cpp:1244
Event: 1.239 Thread 0x0000000009fc7800 Threw 0x00000000eb277af8 at C:\re\jdk7u51\527\hotspot\src\share\vm\prims\jvm.cpp:1244
Event: 1.240 Thread 0x0000000009fc7800 Threw 0x00000000eb27d328 at C:\re\jdk7u51\527\hotspot\src\share\vm\prims\jvm.cpp:1244
Event: 1.241 Thread 0x0000000009fc7800 Threw 0x00000000eb285be8 at C:\re\jdk7u51\527\hotspot\src\share\vm\prims\jvm.cpp:1244
Event: 1.242 Thread 0x0000000009fc7800 Threw 0x00000000eb28b0a0 at C:\re\jdk7u51\527\hotspot\src\share\vm\prims\jvm.cpp:1244
Event: 1.243 Thread 0x0000000009fc7800 Threw 0x00000000eb28e1c0 at C:\re\jdk7u51\527\hotspot\src\share\vm\prims\jvm.cpp:1244
Event: 1.243 Thread 0x00000000024fe000 Threw 0x00000000eb190088 at C:\re\jdk7u51\527\hotspot\src\share\vm\prims\jvm.cpp:1244
Event: 1.274 Thread 0x00000000024fe000 Threw 0x00000000eb4be418 at C:\re\jdk7u51\527\hotspot\src\share\vm\prims\jvm.cpp:1244
Event: 2.087 Thread 0x000000000a053000 Threw 0x00000000eada3ce8 at C:\re\jdk7u51\527\hotspot\src\share\vm\prims\jvm.cpp:1244

Events (10 events):
Event: 1.918 Executing VM operation: ParallelGCFailedAllocation
Event: 2.057 Executing VM operation: ParallelGCFailedAllocation done
Event: 2.057 loading class 0x000000000266e5f0
Event: 2.057 loading class 0x000000000266e5f0 done
Event: 2.084 loading class 0x0000000002679300
Event: 2.084 loading class 0x0000000002679300 done
Event: 2.084 loading class 0x00000000026792d0
Event: 2.085 loading class 0x00000000026792d0 done
Event: 2.087 loading class 0x0000000009ff6050
Event: 2.087 loading class 0x0000000009ff6050 done


Dynamic libraries:
0x00007ff7746c0000 - 0x00007ff7746f3000 	C:\Program Files\Java\jdk1.7.0_51\bin\java.exe
0x00007fffe5e90000 - 0x00007fffe603d000 	C:\WINDOWS\SYSTEM32\ntdll.dll
0x00007fffe3890000 - 0x00007fffe39ce000 	C:\WINDOWS\system32\KERNEL32.DLL
0x00007fffe3400000 - 0x00007fffe3515000 	C:\WINDOWS\system32\KERNELBASE.dll
0x00007fffe19e0000 - 0x00007fffe1a6e000 	C:\WINDOWS\system32\apphelp.dll
0x00007fffd26e0000 - 0x00007fffd2733000 	C:\WINDOWS\AppPatch\AppPatch64\AcGenral.DLL
0x00007fffe40b0000 - 0x00007fffe415a000 	C:\WINDOWS\system32\msvcrt.dll
0x00007fffe3090000 - 0x00007fffe30be000 	C:\WINDOWS\system32\SspiCli.dll
0x00007fffe3830000 - 0x00007fffe3884000 	C:\WINDOWS\system32\SHLWAPI.dll
0x00007fffe3d30000 - 0x00007fffe3ea7000 	C:\WINDOWS\system32\USER32.dll
0x00007fffe3690000 - 0x00007fffe3824000 	C:\WINDOWS\system32\ole32.dll
0x00007fffe4890000 - 0x00007fffe5dba000 	C:\WINDOWS\system32\SHELL32.dll
0x00007fffe2590000 - 0x00007fffe25b1000 	C:\WINDOWS\SYSTEM32\USERENV.dll
0x00007fffe35e0000 - 0x00007fffe368a000 	C:\WINDOWS\system32\ADVAPI32.dll
0x00007fffd4650000 - 0x00007fffd466e000 	C:\WINDOWS\SYSTEM32\MPR.dll
0x00007fffe4310000 - 0x00007fffe4450000 	C:\WINDOWS\system32\RPCRT4.dll
0x00007fffe5e30000 - 0x00007fffe5e89000 	C:\WINDOWS\SYSTEM32\sechost.dll
0x00007fffe3b00000 - 0x00007fffe3d11000 	C:\WINDOWS\SYSTEM32\combase.dll
0x00007fffe4160000 - 0x00007fffe42af000 	C:\WINDOWS\system32\GDI32.dll
0x00007fffe2f50000 - 0x00007fffe2f65000 	C:\WINDOWS\SYSTEM32\profapi.dll
0x00007fffe0f40000 - 0x00007fffe0ff2000 	C:\WINDOWS\SYSTEM32\SHCORE.dll
0x00007fffe4690000 - 0x00007fffe46c6000 	C:\WINDOWS\system32\IMM32.DLL
0x00007fffe4460000 - 0x00007fffe45b2000 	C:\WINDOWS\system32\MSCTF.dll
0x00007fffdf830000 - 0x00007fffdfaab000 	C:\WINDOWS\WinSxS\amd64_microsoft.windows.common-controls_6595b64144ccf1df_6.0.9600.18006_none_623f33d3ecbe86e8\COMCTL32.dll
0x0000000072e80000 - 0x0000000072f52000 	C:\Program Files\Java\jdk1.7.0_51\jre\bin\msvcr100.dll
0x00000000726b0000 - 0x0000000072e79000 	C:\Program Files\Java\jdk1.7.0_51\jre\bin\server\jvm.dll
0x00007fffd78b0000 - 0x00007fffd78b9000 	C:\WINDOWS\SYSTEM32\WSOCK32.dll
0x00007fffd78f0000 - 0x00007fffd7912000 	C:\WINDOWS\SYSTEM32\WINMM.dll
0x00007fffe4880000 - 0x00007fffe4887000 	C:\WINDOWS\system32\PSAPI.DLL
0x00007fffe39d0000 - 0x00007fffe3a2a000 	C:\WINDOWS\system32\WS2_32.dll
0x00007fffd78c0000 - 0x00007fffd78ea000 	C:\WINDOWS\SYSTEM32\WINMMBASE.dll
0x00007fffe3a30000 - 0x00007fffe3a39000 	C:\WINDOWS\system32\NSI.dll
0x00007fffe33b0000 - 0x00007fffe33ff000 	C:\WINDOWS\SYSTEM32\cfgmgr32.dll
0x00007fffe1de0000 - 0x00007fffe1e08000 	C:\WINDOWS\SYSTEM32\DEVOBJ.dll
0x00000000726a0000 - 0x00000000726af000 	C:\Program Files\Java\jdk1.7.0_51\jre\bin\verify.dll
0x0000000072670000 - 0x0000000072698000 	C:\Program Files\Java\jdk1.7.0_51\jre\bin\java.dll
0x0000000072650000 - 0x0000000072665000 	C:\Program Files\Java\jdk1.7.0_51\jre\bin\zip.dll

VM Arguments:
jvm_args: -Djava.awt.headless=true -Xmx1024M -Dfile.encoding=windows-31j -Duser.country=JP -Duser.language=ja -Duser.variant 
java_command: com.android.dx.command.Main --dex --force-jumbo --num-threads=4 --multi-dex --output C:\AndroidStudioProject\OpenGLESUtil\app\build\intermediates\transforms\dex\debug\folders\1000\5\slice_9 C:\AndroidStudioProject\OpenGLESUtil\app\build\intermediates\transforms\instantRunSlicer\debug\folders\1\5\slice_9
Launcher Type: SUN_STANDARD

Environment Variables:
JAVA_HOME=C:\Program Files\Java\jdk1.8.0_45
CLASSPATH=.;C:\Program Files (x86)\QuickTime\QTSystem\QTJava.zip
PATH=C:\Program Files\Haskell\bin;C:\Program Files\Haskell Platform\2014.2.0.0\lib\extralibs\bin;C:\Program Files\Haskell Platform\2014.2.0.0\bin;C:\ProgramData\Oracle\Java\javapath;C:\Program Files\Java\jdk1.7.0_45\bin;C:\Program Files (x86)\Intel\iCLS Client\;C:\Program Files\Intel\iCLS Client\;C:\WINDOWS\system32;C:\WINDOWS;C:\WINDOWS\System32\Wbem;C:\WINDOWS\System32\WindowsPowerShell\v1.0\;C:\Program Files (x86)\Intel\OpenCL SDK\2.0\bin\x86;C:\Program Files (x86)\Intel\OpenCL SDK\2.0\bin\x64;C:\Program Files\Intel\Intel(R) Management Engine Components\DAL;C:\Program Files\Intel\Intel(R) Management Engine Components\IPT;C:\Program Files (x86)\Intel\Intel(R) Management Engine Components\DAL;C:\Program Files (x86)\Intel\Intel(R) Management Engine Components\IPT;C:\Program Files (x86)\Symantec\VIP Access Client\;C:\Program Files\Intel\WiFi\bin\;C:\Program Files\Common Files\Intel\WirelessCommon\;C:\Program Files\Microsoft SQL Server\110\Tools\Binn\;c:\Program Files (x86)\Microsoft SQL Server\100\Tools\Binn\;c:\Program Files\Microsoft SQL Server\100\Tools\Binn\;c:\Program Files\Microsoft SQL Server\100\DTS\Binn\;C:\Program Files (x86)\QuickTime\QTSystem\;C:\adt-bundle-windows-x86_64-20140702\sdk\platform-tools;C:\Program Files (x86)\Toshiba\Bluetooth Toshiba Stack\sys\;C:\Program Files (x86)\Toshiba\Bluetooth Toshiba Stack\sys\x64\;C:\Program Files\Haskell Platform\2014.2.0.0\mingw\bin;C:\Program Files\Microsoft\Web Platform Installer\;C:\Users\テツヤ\.dnx\bin;C:\Program Files\Microsoft DNX\Dnvm\;C:\Program Files (x86)\Windows Kits\8.1\Windows Performance Toolkit\;C:\Program Files (x86)\Skype\Phone\;C:\Users\テツヤ\AppData\Roaming\cabal\bin;C:\GNUstep\bin;C:\GNUstep\GNUstep\System\Tools;C:\Program Files (x86)\Vim\vim74;C:\Program Files\Haskell Platform\2014.2.0.0\bin;C:\common files\Util\tools\tpad090;C:\nasm\nasm-2.11.08
USERNAME=テツヤ
OS=Windows_NT
PROCESSOR_IDENTIFIER=Intel64 Family 6 Model 58 Stepping 9, GenuineIntel



---------------  S Y S T E M  ---------------

OS: Windows 8 , 64 bit Build 9200 

CPU:total 4 (2 cores per cpu, 2 threads per core) family 6 model 58 stepping 9, cmov, cx8, fxsr, mmx, sse, sse2, sse3, ssse3, sse4.1, sse4.2, popcnt, avx, aes, erms, ht, tsc, tscinvbit, tscinv

Memory: 4k page, physical 4053208k(197144k free), swap 7198936k(5652k free)

vm_info: Java HotSpot(TM) 64-Bit Server VM (24.51-b03) for windows-amd64 JRE (1.7.0_51-b13), built on Dec 18 2013 18:40:56 by "java_re" with unknown MS VC++:1600

time: Sat Jul 09 02:13:54 2016
elapsed time: 2 seconds

