#
# There is insufficient memory for the Java Runtime Environment to continue.
# Native memory allocation (malloc) failed to allocate 1326256 bytes for Chunk::new
# Possible reasons:
#   The system is out of physical RAM or swap space
#   In 32 bit mode, the process size limit was hit
# Possible solutions:
#   Reduce memory load on the system
#   Increase physical memory or swap space
#   Check if swap backing store is full
#   Use 64 bit Java on a 64 bit OS
#   Decrease Java heap size (-Xmx/-Xms)
#   Decrease number of Java threads
#   Decrease Java thread stack sizes (-Xss)
#   Set larger code cache with -XX:ReservedCodeCacheSize=
# This output file may be truncated or incomplete.
#
#  Out of Memory Error (allocation.cpp:323), pid=3756, tid=11308
#
# JRE version: Java(TM) SE Runtime Environment (7.0_51-b13) (build 1.7.0_51-b13)
# Java VM: Java HotSpot(TM) 64-Bit Server VM (24.51-b03 mixed mode windows-amd64 compressed oops)
# Failed to write core dump. Minidumps are not enabled by default on client versions of Windows
#

---------------  T H R E A D  ---------------

Current thread (0x00000000082bb800):  JavaThread "C2 CompilerThread1" daemon [_thread_in_native, id=11308, stack(0x0000000009920000,0x0000000009a20000)]

Stack: [0x0000000009920000,0x0000000009a20000]
[error occurred during error reporting (printing stack bounds), id 0xc0000005]


[error occurred during error reporting (printing native stack), id 0xc0000005]


Current CompileTask:
C2:   4269  191   !         com.android.dx.cf.code.BytecodeArray::parseInstruction (2764 bytes)


---------------  P R O C E S S  ---------------

Java Threads: ( => current thread )
  0x0000000009d88000 JavaThread "pool-2-thread-4" [_thread_in_Java, id=14724, stack(0x000000000a420000,0x000000000a520000)]
  0x0000000009d55800 JavaThread "pool-2-thread-3" [_thread_in_Java, id=16420, stack(0x000000000a320000,0x000000000a420000)]
  0x0000000009d52800 JavaThread "pool-2-thread-2" [_thread_in_Java, id=16728, stack(0x000000000a220000,0x000000000a320000)]
  0x0000000009cea000 JavaThread "pool-3-thread-1" [_thread_blocked, id=15032, stack(0x000000000a120000,0x000000000a220000)]
  0x0000000009caf800 JavaThread "pool-2-thread-1" [_thread_in_Java, id=17148, stack(0x000000000a020000,0x000000000a120000)]
  0x00000000082bf800 JavaThread "Service Thread" daemon [_thread_blocked, id=10524, stack(0x0000000009a20000,0x0000000009b20000)]
=>0x00000000082bb800 JavaThread "C2 CompilerThread1" daemon [_thread_in_native, id=11308, stack(0x0000000009920000,0x0000000009a20000)]
  0x0000000008288000 JavaThread "C2 CompilerThread0" daemon [_thread_in_native, id=6544, stack(0x0000000009820000,0x0000000009920000)]
  0x00000000082af000 JavaThread "Attach Listener" daemon [_thread_blocked, id=4480, stack(0x0000000009720000,0x0000000009820000)]
  0x00000000082ac800 JavaThread "Signal Dispatcher" daemon [_thread_blocked, id=14700, stack(0x0000000009620000,0x0000000009720000)]
  0x000000000826e800 JavaThread "Finalizer" daemon [_thread_blocked, id=5292, stack(0x0000000009520000,0x0000000009620000)]
  0x0000000008263800 JavaThread "Reference Handler" daemon [_thread_blocked, id=8900, stack(0x0000000009420000,0x0000000009520000)]
  0x000000000240e000 JavaThread "main" [_thread_blocked, id=10300, stack(0x0000000000730000,0x0000000000830000)]

Other Threads:
  0x0000000008261800 VMThread [stack: 0x0000000009320000,0x0000000009420000] [id=7052]
  0x00000000082cd800 WatcherThread [stack: 0x0000000009b20000,0x0000000009c20000] [id=16752]

VM state:not at safepoint (normal execution)

VM Mutex/Monitor currently owned by a thread: None

Heap
 PSYoungGen      total 18944K, used 11363K [0x00000000eaa80000, 0x00000000ebf80000, 0x0000000100000000)
  eden space 16384K, 53% used [0x00000000eaa80000,0x00000000eb31efd8,0x00000000eba80000)
  from space 2560K, 99% used [0x00000000eba80000,0x00000000ebcf9e08,0x00000000ebd00000)
  to   space 2560K, 0% used [0x00000000ebd00000,0x00000000ebd00000,0x00000000ebf80000)
 ParOldGen       total 41984K, used 1829K [0x00000000c0000000, 0x00000000c2900000, 0x00000000eaa80000)
  object space 41984K, 4% used [0x00000000c0000000,0x00000000c01c9540,0x00000000c2900000)
 PSPermGen       total 21504K, used 5325K [0x00000000bae00000, 0x00000000bc300000, 0x00000000c0000000)
  object space 21504K, 24% used [0x00000000bae00000,0x00000000bb333560,0x00000000bc300000)

Card table byte_map: [0x00000000054d0000,0x0000000005700000] byte_map_base: 0x0000000004ef9000

Polling page: 0x00000000005b0000

Code Cache  [0x0000000002410000, 0x0000000002680000, 0x0000000005410000)
 total_blobs=411 nmethods=194 adapters=168 free_code_cache=48353Kb largest_free_block=49487616

Compilation events (10 events):
Event: 4.194 Thread 0x0000000008288000  190             com.android.dx.dex.code.ZeroSizeInsn::<init> (12 bytes)
Event: 4.195 Thread 0x0000000008288000 nmethod 190 0x00000000024d4650 code [0x00000000024d47a0, 0x00000000024d4838]
Event: 4.229 Thread 0x00000000082bb800  191   !         com.android.dx.cf.code.BytecodeArray::parseInstruction (2764 bytes)
Event: 4.229 Thread 0x0000000008288000  192             com.android.dx.cf.code.ByteOps::opInfo (6 bytes)
Event: 4.230 Thread 0x0000000008288000 nmethod 192 0x00000000024d4450 code [0x00000000024d4580, 0x00000000024d45d8]
Event: 4.232 Thread 0x0000000008288000  193             com.android.dx.cf.code.BasicBlocker::addWorkIfNecessary (32 bytes)
Event: 4.234 Thread 0x0000000008288000 nmethod 193 0x00000000024ccbd0 code [0x00000000024ccd20, 0x00000000024cce58]
Event: 4.240 Thread 0x0000000008288000  194             java.util.Arrays::hashCode (56 bytes)
Event: 4.242 Thread 0x0000000008288000 nmethod 194 0x00000000024cc810 code [0x00000000024cc960, 0x00000000024ccab8]
Event: 4.243 Thread 0x0000000008288000  195             com.android.dx.cf.code.BasicBlocker::getBlockList (208 bytes)

GC Heap History (2 events):
Event: 3.425 GC heap before
{Heap before GC invocations=1 (full 0):
 PSYoungGen      total 18944K, used 16384K [0x00000000eaa80000, 0x00000000ebf80000, 0x0000000100000000)
  eden space 16384K, 100% used [0x00000000eaa80000,0x00000000eba80000,0x00000000eba80000)
  from space 2560K, 0% used [0x00000000ebd00000,0x00000000ebd00000,0x00000000ebf80000)
  to   space 2560K, 0% used [0x00000000eba80000,0x00000000eba80000,0x00000000ebd00000)
 ParOldGen       total 41984K, used 0K [0x00000000c0000000, 0x00000000c2900000, 0x00000000eaa80000)
  object space 41984K, 0% used [0x00000000c0000000,0x00000000c0000000,0x00000000c2900000)
 PSPermGen       total 21504K, used 5224K [0x00000000bae00000, 0x00000000bc300000, 0x00000000c0000000)
  object space 21504K, 24% used [0x00000000bae00000,0x00000000bb31a2b0,0x00000000bc300000)
Event: 3.635 GC heap after
Heap after GC invocations=1 (full 0):
 PSYoungGen      total 18944K, used 2535K [0x00000000eaa80000, 0x00000000ebf80000, 0x0000000100000000)
  eden space 16384K, 0% used [0x00000000eaa80000,0x00000000eaa80000,0x00000000eba80000)
  from space 2560K, 99% used [0x00000000eba80000,0x00000000ebcf9e08,0x00000000ebd00000)
  to   space 2560K, 0% used [0x00000000ebd00000,0x00000000ebd00000,0x00000000ebf80000)
 ParOldGen       total 41984K, used 1829K [0x00000000c0000000, 0x00000000c2900000, 0x00000000eaa80000)
  object space 41984K, 4% used [0x00000000c0000000,0x00000000c01c9540,0x00000000c2900000)
 PSPermGen       total 21504K, used 5224K [0x00000000bae00000, 0x00000000bc300000, 0x00000000c0000000)
  object space 21504K, 24% used [0x00000000bae00000,0x00000000bb31a2b0,0x00000000bc300000)
}

Deoptimization events (10 events):
Event: 2.865 Thread 0x0000000009caf800 Uncommon trap: reason=null_check action=make_not_entrant pc=0x0000000002489adc method=com.android.dx.rop.code.LocalItem.equals(Ljava/lang/Object;)Z @ 1
Event: 2.978 Thread 0x0000000009d55800 Uncommon trap: reason=null_check action=make_not_entrant pc=0x00000000024a1a38 method=com.android.dx.ssa.SsaRenamer.getLocalForNewReg(I)Lcom/android/dx/rop/code/LocalItem; @ 19
Event: 3.695 Thread 0x0000000009d55800 Uncommon trap: reason=class_check action=maybe_recompile pc=0x00000000024af9c4 method=java.util.Collections$UnmodifiableCollection$1.hasNext()Z @ 4
Event: 3.696 Thread 0x0000000009d55800 Uncommon trap: reason=class_check action=maybe_recompile pc=0x00000000024af9c4 method=java.util.Collections$UnmodifiableCollection$1.hasNext()Z @ 4
Event: 3.696 Thread 0x0000000009d55800 Uncommon trap: reason=class_check action=maybe_recompile pc=0x00000000024af9c4 method=java.util.Collections$UnmodifiableCollection$1.hasNext()Z @ 4
Event: 3.696 Thread 0x0000000009d55800 Uncommon trap: reason=class_check action=maybe_recompile pc=0x00000000024af9c4 method=java.util.Collections$UnmodifiableCollection$1.hasNext()Z @ 4
Event: 3.701 Thread 0x0000000009d55800 Uncommon trap: reason=class_check action=maybe_recompile pc=0x000000000249dca0 method=com.android.dx.rop.type.Type.equals(Ljava/lang/Object;)Z @ 8
Event: 3.703 Thread 0x0000000009d55800 Uncommon trap: reason=class_check action=maybe_recompile pc=0x000000000249dca0 method=com.android.dx.rop.type.Type.equals(Ljava/lang/Object;)Z @ 8
Event: 3.703 Thread 0x0000000009d55800 Uncommon trap: reason=class_check action=maybe_recompile pc=0x000000000249dca0 method=com.android.dx.rop.type.Type.equals(Ljava/lang/Object;)Z @ 8
Event: 3.710 Thread 0x0000000009d55800 Uncommon trap: reason=class_check action=maybe_recompile pc=0x000000000249dca0 method=com.android.dx.rop.type.Type.equals(Ljava/lang/Object;)Z @ 8

Internal exceptions (10 events):
Event: 2.217 Thread 0x0000000009caf800 Threw 0x00000000eb2c84b8 at C:\re\jdk7u51\527\hotspot\src\share\vm\prims\jvm.cpp:1244
Event: 2.219 Thread 0x0000000009caf800 Threw 0x00000000eb2d0d78 at C:\re\jdk7u51\527\hotspot\src\share\vm\prims\jvm.cpp:1244
Event: 2.221 Thread 0x0000000009caf800 Threw 0x00000000eb2d61c0 at C:\re\jdk7u51\527\hotspot\src\share\vm\prims\jvm.cpp:1244
Event: 2.222 Thread 0x0000000009caf800 Threw 0x00000000eb2d8fc0 at C:\re\jdk7u51\527\hotspot\src\share\vm\prims\jvm.cpp:1244
Event: 2.224 Thread 0x0000000009d88000 Threw 0x00000000eb0f6610 at C:\re\jdk7u51\527\hotspot\src\share\vm\prims\jvm.cpp:1244
Event: 2.809 Thread 0x0000000009d88000 Implicit null exception at 0x00000000024814f5 to 0x0000000002481831
Event: 2.865 Thread 0x0000000009caf800 Implicit null exception at 0x0000000002489462 to 0x0000000002489ab1
Event: 2.978 Thread 0x0000000009d55800 Implicit null exception at 0x00000000024a07e0 to 0x00000000024a1a0d
Event: 3.694 Thread 0x0000000009d55800 Threw 0x00000000ead1b5a0 at C:\re\jdk7u51\527\hotspot\src\share\vm\prims\jvm.cpp:1244
Event: 3.716 Thread 0x0000000009d55800 Threw 0x00000000eadc44b8 at C:\re\jdk7u51\527\hotspot\src\share\vm\prims\jvm.cpp:1244

Events (10 events):
Event: 3.704 Thread 0x0000000009d55800 DEOPT UNPACKING pc=0x00000000024475a4 sp=0x000000000a41ec18 mode 2
Event: 3.710 Thread 0x0000000009d55800 Uncommon trap: trap_request=0xffffffde fr.pc=0x000000000249dca0
Event: 3.710 Thread 0x0000000009d55800 DEOPT PACKING pc=0x000000000249dca0 sp=0x000000000a41e9f0
Event: 3.710 Thread 0x0000000009d55800 DEOPT UNPACKING pc=0x00000000024475a4 sp=0x000000000a41e988 mode 2
Event: 3.716 loading class 0x0000000009d3f6f0
Event: 3.716 loading class 0x0000000009d3f6f0 done
Event: 3.720 loading class 0x00000000022f9320
Event: 3.720 loading class 0x00000000022f9320 done
Event: 3.720 loading class 0x00000000022f92f0
Event: 3.720 loading class 0x00000000022f92f0 done


Dynamic libraries:
0x00007ff765be0000 - 0x00007ff765c13000 	C:\Program Files\Java\jdk1.7.0_51\bin\java.exe
0x00007ffc84cb0000 - 0x00007ffc84e5d000 	C:\WINDOWS\SYSTEM32\ntdll.dll
0x00007ffc84140000 - 0x00007ffc8427e000 	C:\WINDOWS\system32\KERNEL32.DLL
0x00007ffc81f00000 - 0x00007ffc82015000 	C:\WINDOWS\system32\KERNELBASE.dll
0x00007ffc809b0000 - 0x00007ffc80a3e000 	C:\WINDOWS\system32\apphelp.dll
0x00007ffc727a0000 - 0x00007ffc727f3000 	C:\WINDOWS\AppPatch\AppPatch64\AcGenral.DLL
0x00007ffc84280000 - 0x00007ffc8432a000 	C:\WINDOWS\system32\msvcrt.dll
0x00007ffc82130000 - 0x00007ffc8215e000 	C:\WINDOWS\system32\SspiCli.dll
0x00007ffc843a0000 - 0x00007ffc843f4000 	C:\WINDOWS\system32\SHLWAPI.dll
0x00007ffc827b0000 - 0x00007ffc82927000 	C:\WINDOWS\system32\USER32.dll
0x00007ffc82a10000 - 0x00007ffc82ba4000 	C:\WINDOWS\system32\ole32.dll
0x00007ffc82bb0000 - 0x00007ffc840d9000 	C:\WINDOWS\system32\SHELL32.dll
0x00007ffc813b0000 - 0x00007ffc813d1000 	C:\WINDOWS\SYSTEM32\USERENV.dll
0x00007ffc84400000 - 0x00007ffc844aa000 	C:\WINDOWS\system32\ADVAPI32.dll
0x00007ffc73520000 - 0x00007ffc7353e000 	C:\WINDOWS\SYSTEM32\MPR.dll
0x00007ffc824f0000 - 0x00007ffc82630000 	C:\WINDOWS\system32\RPCRT4.dll
0x00007ffc84330000 - 0x00007ffc84389000 	C:\WINDOWS\SYSTEM32\sechost.dll
0x00007ffc845e0000 - 0x00007ffc847f1000 	C:\WINDOWS\SYSTEM32\combase.dll
0x00007ffc84b60000 - 0x00007ffc84caf000 	C:\WINDOWS\system32\GDI32.dll
0x00007ffc81d70000 - 0x00007ffc81d85000 	C:\WINDOWS\SYSTEM32\profapi.dll
0x00007ffc80380000 - 0x00007ffc80432000 	C:\WINDOWS\SYSTEM32\SHCORE.dll
0x00007ffc826a0000 - 0x00007ffc826d6000 	C:\WINDOWS\system32\IMM32.DLL
0x00007ffc84800000 - 0x00007ffc84952000 	C:\WINDOWS\system32\MSCTF.dll
0x00007ffc7eec0000 - 0x00007ffc7f13b000 	C:\WINDOWS\WinSxS\amd64_microsoft.windows.common-controls_6595b64144ccf1df_6.0.9600.18006_none_623f33d3ecbe86e8\COMCTL32.dll
0x0000000071290000 - 0x0000000071362000 	C:\Program Files\Java\jdk1.7.0_51\jre\bin\msvcr100.dll
0x0000000070ac0000 - 0x0000000071289000 	C:\Program Files\Java\jdk1.7.0_51\jre\bin\server\jvm.dll
0x00007ffc78d00000 - 0x00007ffc78d09000 	C:\WINDOWS\SYSTEM32\WSOCK32.dll
0x00007ffc76670000 - 0x00007ffc76692000 	C:\WINDOWS\SYSTEM32\WINMM.dll
0x00007ffc82630000 - 0x00007ffc82637000 	C:\WINDOWS\system32\PSAPI.DLL
0x00007ffc840e0000 - 0x00007ffc8413a000 	C:\WINDOWS\system32\WS2_32.dll
0x00007ffc76510000 - 0x00007ffc7653a000 	C:\WINDOWS\SYSTEM32\WINMMBASE.dll
0x00007ffc84390000 - 0x00007ffc84399000 	C:\WINDOWS\system32\NSI.dll
0x00007ffc81eb0000 - 0x00007ffc81eff000 	C:\WINDOWS\SYSTEM32\cfgmgr32.dll
0x00007ffc80ad0000 - 0x00007ffc80af8000 	C:\WINDOWS\SYSTEM32\DEVOBJ.dll
0x0000000070ab0000 - 0x0000000070abf000 	C:\Program Files\Java\jdk1.7.0_51\jre\bin\verify.dll
0x0000000070a80000 - 0x0000000070aa8000 	C:\Program Files\Java\jdk1.7.0_51\jre\bin\java.dll
0x0000000070a60000 - 0x0000000070a75000 	C:\Program Files\Java\jdk1.7.0_51\jre\bin\zip.dll

VM Arguments:
jvm_args: -Djava.awt.headless=true -Xmx1024M -Dfile.encoding=windows-31j -Duser.country=JP -Duser.language=ja -Duser.variant 
java_command: com.android.dx.command.Main --dex --force-jumbo --num-threads=4 --multi-dex --output C:\AndroidStudioProject\OpenGLESUtil\app\build\intermediates\transforms\dex\debug\folders\1000\5\slice_6 C:\AndroidStudioProject\OpenGLESUtil\app\build\intermediates\transforms\instantRunSlicer\debug\folders\1\5\slice_6
Launcher Type: SUN_STANDARD

Environment Variables:
JAVA_HOME=C:\Program Files\Java\jdk1.8.0_45
CLASSPATH=.;C:\Program Files (x86)\QuickTime\QTSystem\QTJava.zip
PATH=C:\Program Files\Haskell\bin;C:\Program Files\Haskell Platform\2014.2.0.0\lib\extralibs\bin;C:\Program Files\Haskell Platform\2014.2.0.0\bin;C:\ProgramData\Oracle\Java\javapath;C:\Program Files\Java\jdk1.7.0_45\bin;C:\Program Files (x86)\Intel\iCLS Client\;C:\Program Files\Intel\iCLS Client\;C:\WINDOWS\system32;C:\WINDOWS;C:\WINDOWS\System32\Wbem;C:\WINDOWS\System32\WindowsPowerShell\v1.0\;C:\Program Files (x86)\Intel\OpenCL SDK\2.0\bin\x86;C:\Program Files (x86)\Intel\OpenCL SDK\2.0\bin\x64;C:\Program Files\Intel\Intel(R) Management Engine Components\DAL;C:\Program Files\Intel\Intel(R) Management Engine Components\IPT;C:\Program Files (x86)\Intel\Intel(R) Management Engine Components\DAL;C:\Program Files (x86)\Intel\Intel(R) Management Engine Components\IPT;C:\Program Files (x86)\Symantec\VIP Access Client\;C:\Program Files\Intel\WiFi\bin\;C:\Program Files\Common Files\Intel\WirelessCommon\;C:\Program Files\Microsoft SQL Server\110\Tools\Binn\;c:\Program Files (x86)\Microsoft SQL Server\100\Tools\Binn\;c:\Program Files\Microsoft SQL Server\100\Tools\Binn\;c:\Program Files\Microsoft SQL Server\100\DTS\Binn\;C:\Program Files (x86)\QuickTime\QTSystem\;C:\adt-bundle-windows-x86_64-20140702\sdk\platform-tools;C:\Program Files (x86)\Toshiba\Bluetooth Toshiba Stack\sys\;C:\Program Files (x86)\Toshiba\Bluetooth Toshiba Stack\sys\x64\;C:\Program Files\Haskell Platform\2014.2.0.0\mingw\bin;C:\Program Files\Microsoft\Web Platform Installer\;C:\Users\テツヤ\.dnx\bin;C:\Program Files\Microsoft DNX\Dnvm\;C:\Program Files (x86)\Windows Kits\8.1\Windows Performance Toolkit\;C:\Program Files (x86)\Skype\Phone\;C:\Users\テツヤ\AppData\Roaming\cabal\bin;C:\GNUstep\bin;C:\GNUstep\GNUstep\System\Tools;C:\Program Files (x86)\Vim\vim74;C:\Program Files\Haskell Platform\2014.2.0.0\bin;C:\common files\Util\tools\tpad090;C:\nasm\nasm-2.11.08
USERNAME=テツヤ
OS=Windows_NT
PROCESSOR_IDENTIFIER=Intel64 Family 6 Model 58 Stepping 9, GenuineIntel



---------------  S Y S T E M  ---------------

OS: Windows 8 , 64 bit Build 9200 

CPU:total 4 (2 cores per cpu, 2 threads per core) family 6 model 58 stepping 9, cmov, cx8, fxsr, mmx, sse, sse2, sse3, ssse3, sse4.1, sse4.2, popcnt, avx, aes, erms, ht, tsc, tscinvbit, tscinv

Memory: 4k page, physical 4053208k(467248k free), swap 7198936k(5112k free)

vm_info: Java HotSpot(TM) 64-Bit Server VM (24.51-b03) for windows-amd64 JRE (1.7.0_51-b13), built on Dec 18 2013 18:40:56 by "java_re" with unknown MS VC++:1600

time: Mon Sep 12 23:53:14 2016
elapsed time: 4 seconds

