#
# There is insufficient memory for the Java Runtime Environment to continue.
# Native memory allocation (malloc) failed to allocate 180784 bytes for Chunk::new
# Possible reasons:
#   The system is out of physical RAM or swap space
#   In 32 bit mode, the process size limit was hit
# Possible solutions:
#   Reduce memory load on the system
#   Increase physical memory or swap space
#   Check if swap backing store is full
#   Use 64 bit Java on a 64 bit OS
#   Decrease Java heap size (-Xmx/-Xms)
#   Decrease number of Java threads
#   Decrease Java thread stack sizes (-Xss)
#   Set larger code cache with -XX:ReservedCodeCacheSize=
# This output file may be truncated or incomplete.
#
#  Out of Memory Error (allocation.cpp:323), pid=15744, tid=15284
#
# JRE version: Java(TM) SE Runtime Environment (7.0_51-b13) (build 1.7.0_51-b13)
# Java VM: Java HotSpot(TM) 64-Bit Server VM (24.51-b03 mixed mode windows-amd64 compressed oops)
# Failed to write core dump. Minidumps are not enabled by default on client versions of Windows
#

---------------  T H R E A D  ---------------

Current thread (0x0000000008c0b800):  JavaThread "C2 CompilerThread1" daemon [_thread_in_native, id=15284, stack(0x000000000a260000,0x000000000a360000)]

Stack: [0x000000000a260000,0x000000000a360000]

Current CompileTask:
C2:   3565  284             com.android.dx.ssa.SCCP::addUsersToWorklist (103 bytes)


---------------  P R O C E S S  ---------------

Java Threads: ( => current thread )
  0x000000000a806000 JavaThread "pool-2-thread-4" [_thread_in_Java, id=4476, stack(0x000000000ad60000,0x000000000ae60000)]
  0x000000000a805800 JavaThread "pool-2-thread-3" [_thread_in_Java, id=892, stack(0x000000000ac60000,0x000000000ad60000)]
  0x000000000a7b8000 JavaThread "pool-2-thread-2" [_thread_in_Java, id=15944, stack(0x000000000ab60000,0x000000000ac60000)]
  0x000000000a803800 JavaThread "pool-3-thread-1" [_thread_blocked, id=12308, stack(0x000000000aa60000,0x000000000ab60000)]
  0x000000000a5f1000 JavaThread "pool-2-thread-1" [_thread_in_Java, id=4940, stack(0x000000000a960000,0x000000000aa60000)]
  0x0000000008c0f800 JavaThread "Service Thread" daemon [_thread_blocked, id=10436, stack(0x000000000a360000,0x000000000a460000)]
=>0x0000000008c0b800 JavaThread "C2 CompilerThread1" daemon [_thread_in_native, id=15284, stack(0x000000000a260000,0x000000000a360000)]
  0x0000000008bff000 JavaThread "C2 CompilerThread0" daemon [_thread_in_native, id=5448, stack(0x000000000a160000,0x000000000a260000)]
  0x0000000008bfe000 JavaThread "Attach Listener" daemon [_thread_blocked, id=1340, stack(0x000000000a060000,0x000000000a160000)]
  0x0000000008bd8000 JavaThread "Signal Dispatcher" daemon [_thread_blocked, id=9132, stack(0x0000000009f60000,0x000000000a060000)]
  0x0000000008bbe800 JavaThread "Finalizer" daemon [_thread_blocked, id=15836, stack(0x0000000009e60000,0x0000000009f60000)]
  0x0000000008bb5800 JavaThread "Reference Handler" daemon [_thread_blocked, id=16028, stack(0x0000000009d60000,0x0000000009e60000)]
  0x0000000002c5e000 JavaThread "main" [_thread_in_Java, id=3616, stack(0x0000000002b40000,0x0000000002c40000)]

Other Threads:
  0x0000000008bb1800 VMThread [stack: 0x0000000009c60000,0x0000000009d60000] [id=7072]
  0x0000000008c1d800 WatcherThread [stack: 0x000000000a460000,0x000000000a560000] [id=9496]

VM state:not at safepoint (normal execution)

VM Mutex/Monitor currently owned by a thread: None

Heap
 PSYoungGen      total 35328K, used 34045K [0x00000000eaa80000, 0x00000000ecf80000, 0x0000000100000000)
  eden space 32768K, 96% used [0x00000000eaa80000,0x00000000ec943720,0x00000000eca80000)
  from space 2560K, 99% used [0x00000000ecd00000,0x00000000ecf7c0b8,0x00000000ecf80000)
  to   space 2560K, 0% used [0x00000000eca80000,0x00000000eca80000,0x00000000ecd00000)
 ParOldGen       total 41984K, used 2646K [0x00000000c0000000, 0x00000000c2900000, 0x00000000eaa80000)
  object space 41984K, 6% used [0x00000000c0000000,0x00000000c0295b80,0x00000000c2900000)
 PSPermGen       total 21504K, used 5892K [0x00000000bae00000, 0x00000000bc300000, 0x00000000c0000000)
  object space 21504K, 27% used [0x00000000bae00000,0x00000000bb3c1328,0x00000000bc300000)

Card table byte_map: [0x0000000005e20000,0x0000000006050000] byte_map_base: 0x0000000005849000

Polling page: 0x00000000010a0000

Code Cache  [0x0000000002d60000, 0x0000000002fd0000, 0x0000000005d60000)
 total_blobs=521 nmethods=282 adapters=191 free_code_cache=48054Kb largest_free_block=49172736

Compilation events (10 events):
Event: 3.533 Thread 0x0000000008c0b800 nmethod 279 0x0000000002e78bd0 code [0x0000000002e78de0, 0x0000000002e79970]
Event: 3.533 Thread 0x0000000008c0b800  280             com.android.dx.rop.code.InsnList::getLast (11 bytes)
Event: 3.534 Thread 0x0000000008c0b800 nmethod 280 0x0000000002e5f910 code [0x0000000002e5fa60, 0x0000000002e5fb38]
Event: 3.534 Thread 0x0000000008c0b800  281             com.android.dx.dex.code.CodeAddress::<init> (11 bytes)
Event: 3.535 Thread 0x0000000008c0b800 nmethod 281 0x0000000002e5f650 code [0x0000000002e5f7a0, 0x0000000002e5f838]
Event: 3.535 Thread 0x0000000008c0b800  282             com.android.dx.dex.code.CodeAddress::<init> (7 bytes)
Event: 3.536 Thread 0x0000000008c0b800 nmethod 282 0x0000000002e5f390 code [0x0000000002e5f4e0, 0x0000000002e5f578]
Event: 3.536 Thread 0x0000000008c0b800  283             com.android.dx.ssa.SsaBasicBlock::getDomChildren (5 bytes)
Event: 3.536 Thread 0x0000000008c0b800 nmethod 283 0x0000000002e5f190 code [0x0000000002e5f2c0, 0x0000000002e5f318]
Event: 3.536 Thread 0x0000000008c0b800  284             com.android.dx.ssa.SCCP::addUsersToWorklist (103 bytes)

GC Heap History (4 events):
Event: 1.725 GC heap before
{Heap before GC invocations=1 (full 0):
 PSYoungGen      total 18944K, used 16384K [0x00000000eaa80000, 0x00000000ebf80000, 0x0000000100000000)
  eden space 16384K, 100% used [0x00000000eaa80000,0x00000000eba80000,0x00000000eba80000)
  from space 2560K, 0% used [0x00000000ebd00000,0x00000000ebd00000,0x00000000ebf80000)
  to   space 2560K, 0% used [0x00000000eba80000,0x00000000eba80000,0x00000000ebd00000)
 ParOldGen       total 41984K, used 0K [0x00000000c0000000, 0x00000000c2900000, 0x00000000eaa80000)
  object space 41984K, 0% used [0x00000000c0000000,0x00000000c0000000,0x00000000c2900000)
 PSPermGen       total 21504K, used 5526K [0x00000000bae00000, 0x00000000bc300000, 0x00000000c0000000)
  object space 21504K, 25% used [0x00000000bae00000,0x00000000bb365978,0x00000000bc300000)
Event: 1.784 GC heap after
Heap after GC invocations=1 (full 0):
 PSYoungGen      total 18944K, used 2544K [0x00000000eaa80000, 0x00000000ecf80000, 0x0000000100000000)
  eden space 16384K, 0% used [0x00000000eaa80000,0x00000000eaa80000,0x00000000eba80000)
  from space 2560K, 99% used [0x00000000eba80000,0x00000000ebcfc3e0,0x00000000ebd00000)
  to   space 2560K, 0% used [0x00000000ecd00000,0x00000000ecd00000,0x00000000ecf80000)
 ParOldGen       total 41984K, used 855K [0x00000000c0000000, 0x00000000c2900000, 0x00000000eaa80000)
  object space 41984K, 2% used [0x00000000c0000000,0x00000000c00d5e18,0x00000000c2900000)
 PSPermGen       total 21504K, used 5526K [0x00000000bae00000, 0x00000000bc300000, 0x00000000c0000000)
  object space 21504K, 25% used [0x00000000bae00000,0x00000000bb365978,0x00000000bc300000)
}
Event: 2.575 GC heap before
{Heap before GC invocations=2 (full 0):
 PSYoungGen      total 18944K, used 18928K [0x00000000eaa80000, 0x00000000ecf80000, 0x0000000100000000)
  eden space 16384K, 100% used [0x00000000eaa80000,0x00000000eba80000,0x00000000eba80000)
  from space 2560K, 99% used [0x00000000eba80000,0x00000000ebcfc3e0,0x00000000ebd00000)
  to   space 2560K, 0% used [0x00000000ecd00000,0x00000000ecd00000,0x00000000ecf80000)
 ParOldGen       total 41984K, used 855K [0x00000000c0000000, 0x00000000c2900000, 0x00000000eaa80000)
  object space 41984K, 2% used [0x00000000c0000000,0x00000000c00d5e18,0x00000000c2900000)
 PSPermGen       total 21504K, used 5755K [0x00000000bae00000, 0x00000000bc300000, 0x00000000c0000000)
  object space 21504K, 26% used [0x00000000bae00000,0x00000000bb39ed38,0x00000000bc300000)
Event: 2.584 GC heap after
Heap after GC invocations=2 (full 0):
 PSYoungGen      total 35328K, used 2544K [0x00000000eaa80000, 0x00000000ecf80000, 0x0000000100000000)
  eden space 32768K, 0% used [0x00000000eaa80000,0x00000000eaa80000,0x00000000eca80000)
  from space 2560K, 99% used [0x00000000ecd00000,0x00000000ecf7c0b8,0x00000000ecf80000)
  to   space 2560K, 0% used [0x00000000eca80000,0x00000000eca80000,0x00000000ecd00000)
 ParOldGen       total 41984K, used 2646K [0x00000000c0000000, 0x00000000c2900000, 0x00000000eaa80000)
  object space 41984K, 6% used [0x00000000c0000000,0x00000000c0295b80,0x00000000c2900000)
 PSPermGen       total 21504K, used 5755K [0x00000000bae00000, 0x00000000bc300000, 0x00000000c0000000)
  object space 21504K, 26% used [0x00000000bae00000,0x00000000bb39ed38,0x00000000bc300000)
}

Deoptimization events (5 events):
Event: 2.076 Thread 0x000000000a806000 Uncommon trap: reason=null_check action=make_not_entrant pc=0x0000000002de680c method=com.android.dx.rop.code.LocalItem.equals(Ljava/lang/Object;)Z @ 1
Event: 2.192 Thread 0x000000000a805800 Uncommon trap: reason=unreached action=reinterpret pc=0x0000000002de7604 method=com.android.dx.rop.cst.Constant.compareTo(Lcom/android/dx/rop/cst/Constant;)I @ 12
Event: 2.567 Thread 0x000000000a5f1000 Uncommon trap: reason=null_check action=make_not_entrant pc=0x0000000002e00150 method=com.android.dx.rop.type.Type.equals(Ljava/lang/Object;)Z @ 8
Event: 2.638 Thread 0x000000000a7b8000 Uncommon trap: reason=null_check action=make_not_entrant pc=0x0000000002e29344 method=com.android.dx.ssa.SsaRenamer.getLocalForNewReg(I)Lcom/android/dx/rop/code/LocalItem; @ 19
Event: 3.252 Thread 0x0000000002c5e000 Uncommon trap: reason=null_check action=make_not_entrant pc=0x0000000002e47aa8 method=com.android.dx.rop.type.Type.putIntern(Lcom/android/dx/rop/type/Type;)Lcom/android/dx/rop/type/Type; @ 18

Internal exceptions (10 events):
Event: 2.764 Thread 0x0000000002c5e000 Threw 0x00000000eb176730 at C:\re\jdk7u51\527\hotspot\src\share\vm\prims\jvm.cpp:1244
Event: 2.764 Thread 0x0000000002c5e000 Threw 0x00000000eb178d98 at C:\re\jdk7u51\527\hotspot\src\share\vm\prims\jvm.cpp:1244
Event: 2.767 Thread 0x0000000002c5e000 Threw 0x00000000eb18cf18 at C:\re\jdk7u51\527\hotspot\src\share\vm\prims\jvm.cpp:1244
Event: 2.768 Thread 0x0000000002c5e000 Threw 0x00000000eb192978 at C:\re\jdk7u51\527\hotspot\src\share\vm\prims\jvm.cpp:1244
Event: 2.768 Thread 0x0000000002c5e000 Threw 0x00000000eb198170 at C:\re\jdk7u51\527\hotspot\src\share\vm\prims\jvm.cpp:1244
Event: 2.817 Thread 0x0000000002c5e000 Threw 0x00000000eb1aa3b0 at C:\re\jdk7u51\527\hotspot\src\share\vm\prims\jvm.cpp:1244
Event: 2.968 Thread 0x0000000002c5e000 Threw 0x00000000eb4ee528 at C:\re\jdk7u51\527\hotspot\src\share\vm\prims\jvm.cpp:1244
Event: 2.968 Thread 0x0000000002c5e000 Threw 0x00000000eb820c20 at C:\re\jdk7u51\527\hotspot\src\share\vm\prims\jvm.cpp:1244
Event: 3.183 Thread 0x000000000a805800 Threw 0x00000000ebf510f8 at C:\re\jdk7u51\527\hotspot\src\share\vm\prims\jvm.cpp:1244
Event: 3.252 Thread 0x0000000002c5e000 Implicit null exception at 0x0000000002e473ab to 0x0000000002e47a99

Events (10 events):
Event: 2.817 loading class 0x000000000a61a640 done
Event: 2.968 loading class 0x000000000a5caec0
Event: 2.968 loading class 0x000000000a5caec0 done
Event: 2.968 loading class 0x000000000a7e0820
Event: 2.968 loading class 0x000000000a7e0820 done
Event: 3.183 loading class 0x000000000a5f7d60
Event: 3.183 loading class 0x000000000a5f7d60 done
Event: 3.252 Thread 0x0000000002c5e000 Uncommon trap: trap_request=0xfffffff4 fr.pc=0x0000000002e47aa8
Event: 3.252 Thread 0x0000000002c5e000 DEOPT PACKING pc=0x0000000002e47aa8 sp=0x0000000002c3e830
Event: 3.252 Thread 0x0000000002c5e000 DEOPT UNPACKING pc=0x0000000002d975a4 sp=0x0000000002c3e750 mode 2


Dynamic libraries:
0x00007ff76e6d0000 - 0x00007ff76e703000 	C:\Program Files\Java\jdk1.7.0_51\bin\java.exe
0x00007ffc84cb0000 - 0x00007ffc84e5d000 	C:\WINDOWS\SYSTEM32\ntdll.dll
0x00007ffc84140000 - 0x00007ffc8427e000 	C:\WINDOWS\system32\KERNEL32.DLL
0x00007ffc81f00000 - 0x00007ffc82015000 	C:\WINDOWS\system32\KERNELBASE.dll
0x00007ffc809b0000 - 0x00007ffc80a3e000 	C:\WINDOWS\system32\apphelp.dll
0x00007ffc6eb10000 - 0x00007ffc6eb63000 	C:\WINDOWS\AppPatch\AppPatch64\AcGenral.DLL
0x00007ffc84280000 - 0x00007ffc8432a000 	C:\WINDOWS\system32\msvcrt.dll
0x00007ffc82130000 - 0x00007ffc8215e000 	C:\WINDOWS\system32\SspiCli.dll
0x00007ffc843a0000 - 0x00007ffc843f4000 	C:\WINDOWS\system32\SHLWAPI.dll
0x00007ffc827b0000 - 0x00007ffc82927000 	C:\WINDOWS\system32\USER32.dll
0x00007ffc82a10000 - 0x00007ffc82ba4000 	C:\WINDOWS\system32\ole32.dll
0x00007ffc82bb0000 - 0x00007ffc840d9000 	C:\WINDOWS\system32\SHELL32.dll
0x00007ffc813b0000 - 0x00007ffc813d1000 	C:\WINDOWS\SYSTEM32\USERENV.dll
0x00007ffc84400000 - 0x00007ffc844aa000 	C:\WINDOWS\system32\ADVAPI32.dll
0x00007ffc73520000 - 0x00007ffc7353e000 	C:\WINDOWS\SYSTEM32\MPR.dll
0x00007ffc824f0000 - 0x00007ffc82630000 	C:\WINDOWS\system32\RPCRT4.dll
0x00007ffc84330000 - 0x00007ffc84389000 	C:\WINDOWS\SYSTEM32\sechost.dll
0x00007ffc845e0000 - 0x00007ffc847f1000 	C:\WINDOWS\SYSTEM32\combase.dll
0x00007ffc84b60000 - 0x00007ffc84caf000 	C:\WINDOWS\system32\GDI32.dll
0x00007ffc81d70000 - 0x00007ffc81d85000 	C:\WINDOWS\SYSTEM32\profapi.dll
0x00007ffc80380000 - 0x00007ffc80432000 	C:\WINDOWS\SYSTEM32\SHCORE.dll
0x00007ffc826a0000 - 0x00007ffc826d6000 	C:\WINDOWS\system32\IMM32.DLL
0x00007ffc84800000 - 0x00007ffc84952000 	C:\WINDOWS\system32\MSCTF.dll
0x00007ffc7eec0000 - 0x00007ffc7f13b000 	C:\WINDOWS\WinSxS\amd64_microsoft.windows.common-controls_6595b64144ccf1df_6.0.9600.18006_none_623f33d3ecbe86e8\COMCTL32.dll
0x0000000071240000 - 0x0000000071312000 	C:\Program Files\Java\jdk1.7.0_51\jre\bin\msvcr100.dll
0x0000000070a70000 - 0x0000000071239000 	C:\Program Files\Java\jdk1.7.0_51\jre\bin\server\jvm.dll
0x00007ffc78d00000 - 0x00007ffc78d09000 	C:\WINDOWS\SYSTEM32\WSOCK32.dll
0x00007ffc76670000 - 0x00007ffc76692000 	C:\WINDOWS\SYSTEM32\WINMM.dll
0x00007ffc82630000 - 0x00007ffc82637000 	C:\WINDOWS\system32\PSAPI.DLL
0x00007ffc840e0000 - 0x00007ffc8413a000 	C:\WINDOWS\system32\WS2_32.dll
0x00007ffc76510000 - 0x00007ffc7653a000 	C:\WINDOWS\SYSTEM32\WINMMBASE.dll
0x00007ffc84390000 - 0x00007ffc84399000 	C:\WINDOWS\system32\NSI.dll
0x00007ffc81eb0000 - 0x00007ffc81eff000 	C:\WINDOWS\SYSTEM32\cfgmgr32.dll
0x00007ffc80ad0000 - 0x00007ffc80af8000 	C:\WINDOWS\SYSTEM32\DEVOBJ.dll
0x0000000070a60000 - 0x0000000070a6f000 	C:\Program Files\Java\jdk1.7.0_51\jre\bin\verify.dll
0x0000000070a30000 - 0x0000000070a58000 	C:\Program Files\Java\jdk1.7.0_51\jre\bin\java.dll
0x0000000070a10000 - 0x0000000070a25000 	C:\Program Files\Java\jdk1.7.0_51\jre\bin\zip.dll
0x00000000709f0000 - 0x0000000070a09000 	C:\Program Files\Java\jdk1.7.0_51\jre\bin\net.dll
0x00007ffc81620000 - 0x00007ffc81679000 	C:\WINDOWS\system32\mswsock.dll
0x00000000709d0000 - 0x00000000709e1000 	C:\Program Files\Java\jdk1.7.0_51\jre\bin\nio.dll

VM Arguments:
jvm_args: -Djava.awt.headless=true -Xmx1024M -Dfile.encoding=windows-31j -Duser.country=JP -Duser.language=ja -Duser.variant 
java_command: com.android.dx.command.Main --dex --force-jumbo --num-threads=4 --multi-dex --output C:\AndroidStudioProject\OpenGLESUtil\app\build\intermediates\transforms\dex\debug\folders\1000\10\internal_impl-23.2.1_b81543f1353e3ca8ca81399d05f6d333496283d9 C:\AndroidStudioProject\OpenGLESUtil\app\build\intermediates\exploded-aar\com.android.support\support-v4\23.2.1\jars\libs\internal_impl-23.2.1.jar
Launcher Type: SUN_STANDARD

Environment Variables:
JAVA_HOME=C:\Program Files\Java\jdk1.8.0_45
CLASSPATH=.;C:\Program Files (x86)\QuickTime\QTSystem\QTJava.zip
PATH=C:\Program Files\Haskell\bin;C:\Program Files\Haskell Platform\2014.2.0.0\lib\extralibs\bin;C:\Program Files\Haskell Platform\2014.2.0.0\bin;C:\ProgramData\Oracle\Java\javapath;C:\Program Files\Java\jdk1.7.0_45\bin;C:\Program Files (x86)\Intel\iCLS Client\;C:\Program Files\Intel\iCLS Client\;C:\WINDOWS\system32;C:\WINDOWS;C:\WINDOWS\System32\Wbem;C:\WINDOWS\System32\WindowsPowerShell\v1.0\;C:\Program Files (x86)\Intel\OpenCL SDK\2.0\bin\x86;C:\Program Files (x86)\Intel\OpenCL SDK\2.0\bin\x64;C:\Program Files\Intel\Intel(R) Management Engine Components\DAL;C:\Program Files\Intel\Intel(R) Management Engine Components\IPT;C:\Program Files (x86)\Intel\Intel(R) Management Engine Components\DAL;C:\Program Files (x86)\Intel\Intel(R) Management Engine Components\IPT;C:\Program Files (x86)\Symantec\VIP Access Client\;C:\Program Files\Intel\WiFi\bin\;C:\Program Files\Common Files\Intel\WirelessCommon\;C:\Program Files\Microsoft SQL Server\110\Tools\Binn\;c:\Program Files (x86)\Microsoft SQL Server\100\Tools\Binn\;c:\Program Files\Microsoft SQL Server\100\Tools\Binn\;c:\Program Files\Microsoft SQL Server\100\DTS\Binn\;C:\Program Files (x86)\QuickTime\QTSystem\;C:\adt-bundle-windows-x86_64-20140702\sdk\platform-tools;C:\Program Files (x86)\Toshiba\Bluetooth Toshiba Stack\sys\;C:\Program Files (x86)\Toshiba\Bluetooth Toshiba Stack\sys\x64\;C:\Program Files\Haskell Platform\2014.2.0.0\mingw\bin;C:\Program Files\Microsoft\Web Platform Installer\;C:\Users\テツヤ\.dnx\bin;C:\Program Files\Microsoft DNX\Dnvm\;C:\Program Files (x86)\Windows Kits\8.1\Windows Performance Toolkit\;C:\Program Files (x86)\Skype\Phone\;C:\Users\テツヤ\AppData\Roaming\cabal\bin;C:\GNUstep\bin;C:\GNUstep\GNUstep\System\Tools;C:\Program Files (x86)\Vim\vim74;C:\Program Files\Haskell Platform\2014.2.0.0\bin;C:\common files\Util\tools\tpad090;C:\nasm\nasm-2.11.08
USERNAME=テツヤ
OS=Windows_NT
PROCESSOR_IDENTIFIER=Intel64 Family 6 Model 58 Stepping 9, GenuineIntel



---------------  S Y S T E M  ---------------

OS: Windows 8 , 64 bit Build 9200 

CPU:total 4 (2 cores per cpu, 2 threads per core) family 6 model 58 stepping 9, cmov, cx8, fxsr, mmx, sse, sse2, sse3, ssse3, sse4.1, sse4.2, popcnt, avx, aes, erms, ht, tsc, tscinvbit, tscinv

Memory: 4k page, physical 4053208k(761744k free), swap 7198936k(9284k free)

vm_info: Java HotSpot(TM) 64-Bit Server VM (24.51-b03) for windows-amd64 JRE (1.7.0_51-b13), built on Dec 18 2013 18:40:56 by "java_re" with unknown MS VC++:1600

time: Sun Sep 11 19:26:45 2016
elapsed time: 3 seconds

