#
# There is insufficient memory for the Java Runtime Environment to continue.
# Native memory allocation (malloc) failed to allocate 65552 bytes for Chunk::new
# Possible reasons:
#   The system is out of physical RAM or swap space
#   In 32 bit mode, the process size limit was hit
# Possible solutions:
#   Reduce memory load on the system
#   Increase physical memory or swap space
#   Check if swap backing store is full
#   Use 64 bit Java on a 64 bit OS
#   Decrease Java heap size (-Xmx/-Xms)
#   Decrease number of Java threads
#   Decrease Java thread stack sizes (-Xss)
#   Set larger code cache with -XX:ReservedCodeCacheSize=
# This output file may be truncated or incomplete.
#
#  Out of Memory Error (allocation.cpp:323), pid=14228, tid=8024
#
# JRE version: Java(TM) SE Runtime Environment (7.0_51-b13) (build 1.7.0_51-b13)
# Java VM: Java HotSpot(TM) 64-Bit Server VM (24.51-b03 mixed mode windows-amd64 compressed oops)
# Failed to write core dump. Minidumps are not enabled by default on client versions of Windows
#

---------------  T H R E A D  ---------------

Current thread (0x0000000008d52000):  JavaThread "C2 CompilerThread1" daemon [_thread_in_native, id=8024, stack(0x000000000a3b0000,0x000000000a4b0000)]

Stack: [0x000000000a3b0000,0x000000000a4b0000]

Current CompileTask:
C2:   2982  297   !         com.android.dx.cf.code.Ropper::processBlock (1101 bytes)


---------------  P R O C E S S  ---------------

Java Threads: ( => current thread )
  0x000000000a8af800 JavaThread "pool-2-thread-4" [_thread_in_Java, id=16200, stack(0x000000000aeb0000,0x000000000afb0000)]
  0x000000000a8b2800 JavaThread "pool-2-thread-3" [_thread_in_Java, id=8796, stack(0x000000000adb0000,0x000000000aeb0000)]
  0x000000000a70c000 JavaThread "pool-2-thread-2" [_thread_in_Java, id=3924, stack(0x000000000acb0000,0x000000000adb0000)]
  0x000000000a7bd000 JavaThread "pool-3-thread-1" [_thread_blocked, id=8832, stack(0x000000000abb0000,0x000000000acb0000)]
  0x000000000a720000 JavaThread "pool-2-thread-1" [_thread_in_Java, id=9288, stack(0x000000000aab0000,0x000000000abb0000)]
  0x0000000008d5f800 JavaThread "Service Thread" daemon [_thread_blocked, id=11936, stack(0x000000000a4b0000,0x000000000a5b0000)]
=>0x0000000008d52000 JavaThread "C2 CompilerThread1" daemon [_thread_in_native, id=8024, stack(0x000000000a3b0000,0x000000000a4b0000)]
  0x0000000008d4e800 JavaThread "C2 CompilerThread0" daemon [_thread_in_native, id=13292, stack(0x000000000a2b0000,0x000000000a3b0000)]
  0x0000000008d4d800 JavaThread "Attach Listener" daemon [_thread_blocked, id=9772, stack(0x000000000a1b0000,0x000000000a2b0000)]
  0x0000000008d27000 JavaThread "Signal Dispatcher" daemon [_thread_blocked, id=16132, stack(0x000000000a0b0000,0x000000000a1b0000)]
  0x0000000008d09000 JavaThread "Finalizer" daemon [_thread_blocked, id=15356, stack(0x0000000009fb0000,0x000000000a0b0000)]
  0x0000000008d03800 JavaThread "Reference Handler" daemon [_thread_blocked, id=6436, stack(0x0000000009eb0000,0x0000000009fb0000)]
  0x000000000125e000 JavaThread "main" [_thread_blocked, id=2600, stack(0x0000000002990000,0x0000000002a90000)]

Other Threads:
  0x0000000008d01800 VMThread [stack: 0x0000000009db0000,0x0000000009eb0000] [id=13200]
  0x0000000008d69800 WatcherThread [stack: 0x000000000a5b0000,0x000000000a6b0000] [id=11772]

VM state:not at safepoint (normal execution)

VM Mutex/Monitor currently owned by a thread: None

Heap
 PSYoungGen      total 35328K, used 10862K [0x00000000eaa80000, 0x00000000ecf80000, 0x0000000100000000)
  eden space 32768K, 25% used [0x00000000eaa80000,0x00000000eb2a0fa8,0x00000000eca80000)
  from space 2560K, 99% used [0x00000000ecd00000,0x00000000ecf7ac30,0x00000000ecf80000)
  to   space 2560K, 0% used [0x00000000eca80000,0x00000000eca80000,0x00000000ecd00000)
 ParOldGen       total 41984K, used 4137K [0x00000000c0000000, 0x00000000c2900000, 0x00000000eaa80000)
  object space 41984K, 9% used [0x00000000c0000000,0x00000000c040a540,0x00000000c2900000)
 PSPermGen       total 21504K, used 5406K [0x00000000bae00000, 0x00000000bc300000, 0x00000000c0000000)
  object space 21504K, 25% used [0x00000000bae00000,0x00000000bb3479c8,0x00000000bc300000)

Card table byte_map: [0x0000000005f70000,0x00000000061a0000] byte_map_base: 0x0000000005999000

Polling page: 0x00000000011b0000

Code Cache  [0x0000000002f70000, 0x00000000031e0000, 0x0000000005f70000)
 total_blobs=512 nmethods=296 adapters=168 free_code_cache=47944Kb largest_free_block=49046592

Compilation events (10 events):
Event: 2.742 Thread 0x0000000008d52000 nmethod 292 0x0000000003081190 code [0x00000000030812e0, 0x0000000003081418]
Event: 2.743 Thread 0x0000000008d52000  293             com.android.dx.dex.code.RopTranslator::pickOrder (400 bytes)
Event: 2.744 Thread 0x0000000008d4e800 nmethod 291 0x0000000003085010 code [0x0000000003085160, 0x0000000003085558]
Event: 2.751 Thread 0x0000000008d4e800  294             com.android.dx.ssa.DeadCodeRemover::run (194 bytes)
Event: 2.782 Thread 0x0000000008d52000 nmethod 293 0x000000000309a750 code [0x000000000309a980, 0x000000000309bd00]
Event: 2.935 Thread 0x0000000008d52000  295             com.android.dx.rop.code.PlainInsn::withNewRegisters (18 bytes)
Event: 2.937 Thread 0x0000000008d52000 nmethod 295 0x0000000003083d10 code [0x0000000003083e60, 0x0000000003084018]
Event: 2.938 Thread 0x0000000008d52000  296             com.android.dx.rop.code.RegisterSpecSet::intersect (117 bytes)
Event: 2.947 Thread 0x0000000008d52000 nmethod 296 0x0000000003097cd0 code [0x0000000003097e60, 0x0000000003098430]
Event: 2.955 Thread 0x0000000008d52000  297   !         com.android.dx.cf.code.Ropper::processBlock (1101 bytes)

GC Heap History (4 events):
Event: 1.241 GC heap before
{Heap before GC invocations=1 (full 0):
 PSYoungGen      total 18944K, used 16384K [0x00000000eaa80000, 0x00000000ebf80000, 0x0000000100000000)
  eden space 16384K, 100% used [0x00000000eaa80000,0x00000000eba80000,0x00000000eba80000)
  from space 2560K, 0% used [0x00000000ebd00000,0x00000000ebd00000,0x00000000ebf80000)
  to   space 2560K, 0% used [0x00000000eba80000,0x00000000eba80000,0x00000000ebd00000)
 ParOldGen       total 41984K, used 0K [0x00000000c0000000, 0x00000000c2900000, 0x00000000eaa80000)
  object space 41984K, 0% used [0x00000000c0000000,0x00000000c0000000,0x00000000c2900000)
 PSPermGen       total 21504K, used 5240K [0x00000000bae00000, 0x00000000bc300000, 0x00000000c0000000)
  object space 21504K, 24% used [0x00000000bae00000,0x00000000bb31e028,0x00000000bc300000)
Event: 1.303 GC heap after
Heap after GC invocations=1 (full 0):
 PSYoungGen      total 18944K, used 2549K [0x00000000eaa80000, 0x00000000ecf80000, 0x0000000100000000)
  eden space 16384K, 0% used [0x00000000eaa80000,0x00000000eaa80000,0x00000000eba80000)
  from space 2560K, 99% used [0x00000000eba80000,0x00000000ebcfd628,0x00000000ebd00000)
  to   space 2560K, 0% used [0x00000000ecd00000,0x00000000ecd00000,0x00000000ecf80000)
 ParOldGen       total 41984K, used 1716K [0x00000000c0000000, 0x00000000c2900000, 0x00000000eaa80000)
  object space 41984K, 4% used [0x00000000c0000000,0x00000000c01ad160,0x00000000c2900000)
 PSPermGen       total 21504K, used 5240K [0x00000000bae00000, 0x00000000bc300000, 0x00000000c0000000)
  object space 21504K, 24% used [0x00000000bae00000,0x00000000bb31e028,0x00000000bc300000)
}
Event: 2.370 GC heap before
{Heap before GC invocations=2 (full 0):
 PSYoungGen      total 18944K, used 18933K [0x00000000eaa80000, 0x00000000ecf80000, 0x0000000100000000)
  eden space 16384K, 100% used [0x00000000eaa80000,0x00000000eba80000,0x00000000eba80000)
  from space 2560K, 99% used [0x00000000eba80000,0x00000000ebcfd628,0x00000000ebd00000)
  to   space 2560K, 0% used [0x00000000ecd00000,0x00000000ecd00000,0x00000000ecf80000)
 ParOldGen       total 41984K, used 1716K [0x00000000c0000000, 0x00000000c2900000, 0x00000000eaa80000)
  object space 41984K, 4% used [0x00000000c0000000,0x00000000c01ad160,0x00000000c2900000)
 PSPermGen       total 21504K, used 5389K [0x00000000bae00000, 0x00000000bc300000, 0x00000000c0000000)
  object space 21504K, 25% used [0x00000000bae00000,0x00000000bb343540,0x00000000bc300000)
Event: 2.377 GC heap after
Heap after GC invocations=2 (full 0):
 PSYoungGen      total 35328K, used 2539K [0x00000000eaa80000, 0x00000000ecf80000, 0x0000000100000000)
  eden space 32768K, 0% used [0x00000000eaa80000,0x00000000eaa80000,0x00000000eca80000)
  from space 2560K, 99% used [0x00000000ecd00000,0x00000000ecf7ac30,0x00000000ecf80000)
  to   space 2560K, 0% used [0x00000000eca80000,0x00000000eca80000,0x00000000ecd00000)
 ParOldGen       total 41984K, used 4137K [0x00000000c0000000, 0x00000000c2900000, 0x00000000eaa80000)
  object space 41984K, 9% used [0x00000000c0000000,0x00000000c040a540,0x00000000c2900000)
 PSPermGen       total 21504K, used 5389K [0x00000000bae00000, 0x00000000bc300000, 0x00000000c0000000)
  object space 21504K, 25% used [0x00000000bae00000,0x00000000bb343540,0x00000000bc300000)
}

Deoptimization events (10 events):
Event: 1.071 Thread 0x000000000a8b2800 Uncommon trap: reason=class_check action=maybe_recompile pc=0x0000000002fec824 method=com.android.dx.ssa.NormalSsaInsn.accept(Lcom/android/dx/ssa/SsaInsn$Visitor;)V @ 9
Event: 1.074 Thread 0x000000000a70c000 Uncommon trap: reason=class_check action=maybe_recompile pc=0x0000000002fec824 method=com.android.dx.ssa.NormalSsaInsn.accept(Lcom/android/dx/ssa/SsaInsn$Visitor;)V @ 9
Event: 1.486 Thread 0x000000000a70c000 Uncommon trap: reason=null_check action=make_not_entrant pc=0x00000000030083c0 method=com.android.dx.ssa.SsaRenamer.getLocalForNewReg(I)Lcom/android/dx/rop/code/LocalItem; @ 19
Event: 2.397 Thread 0x000000000a70c000 Uncommon trap: reason=unreached action=reinterpret pc=0x0000000003059740 method=com.android.dx.cf.code.Ropper.addExceptionSetupBlocks()V @ 21
Event: 2.430 Thread 0x000000000a8af800 Uncommon trap: reason=class_check action=maybe_recompile pc=0x000000000305dfa0 method=com.android.dx.cf.code.Ropper.processBlock(Lcom/android/dx/cf/code/ByteBlock;Lcom/android/dx/cf/code/Frame;[I)V @ 777
Event: 2.430 Thread 0x000000000a8af800 Uncommon trap: reason=class_check action=maybe_recompile pc=0x000000000305dfa0 method=com.android.dx.cf.code.Ropper.processBlock(Lcom/android/dx/cf/code/ByteBlock;Lcom/android/dx/cf/code/Frame;[I)V @ 777
Event: 2.430 Thread 0x000000000a8af800 Uncommon trap: reason=class_check action=maybe_recompile pc=0x000000000305dfa0 method=com.android.dx.cf.code.Ropper.processBlock(Lcom/android/dx/cf/code/ByteBlock;Lcom/android/dx/cf/code/Frame;[I)V @ 777
Event: 2.431 Thread 0x000000000a8af800 Uncommon trap: reason=class_check action=maybe_recompile pc=0x000000000305dfa0 method=com.android.dx.cf.code.Ropper.processBlock(Lcom/android/dx/cf/code/ByteBlock;Lcom/android/dx/cf/code/Frame;[I)V @ 777
Event: 2.695 Thread 0x000000000a720000 Uncommon trap: reason=unreached action=reinterpret pc=0x000000000307cf4c method=com.android.dx.cf.code.BaseMachine.getLocalTarget(Z)Lcom/android/dx/rop/code/RegisterSpec; @ 131
Event: 2.708 Thread 0x000000000a720000 Uncommon trap: reason=unreached action=reinterpret pc=0x000000000304afb8 method=com.android.dx.util.LabeledList.set(ILcom/android/dx/util/LabeledItem;)V @ 16

Internal exceptions (10 events):
Event: 0.669 Thread 0x000000000a8af800 Threw 0x00000000eb201a80 at C:\re\jdk7u51\527\hotspot\src\share\vm\prims\jvm.cpp:1244
Event: 0.671 Thread 0x000000000a70c000 Threw 0x00000000eb167710 at C:\re\jdk7u51\527\hotspot\src\share\vm\prims\jvm.cpp:1244
Event: 0.671 Thread 0x000000000a720000 Threw 0x00000000eb388d70 at C:\re\jdk7u51\527\hotspot\src\share\vm\prims\jvm.cpp:1244
Event: 0.672 Thread 0x000000000a720000 Threw 0x00000000eb38bb70 at C:\re\jdk7u51\527\hotspot\src\share\vm\prims\jvm.cpp:1244
Event: 0.693 Thread 0x000000000a8b2800 Implicit null exception at 0x0000000002fe21ed to 0x0000000002fe2521
Event: 0.848 Thread 0x000000000a8b2800 Threw 0x00000000eb490700 at C:\re\jdk7u51\527\hotspot\src\share\vm\prims\jvm.cpp:1244
Event: 1.021 Thread 0x000000000a720000 Threw 0x00000000eb5d4bb0 at C:\re\jdk7u51\527\hotspot\src\share\vm\prims\jvm.cpp:1244
Event: 1.385 Thread 0x000000000a8b2800 Threw 0x00000000eae35cf0 at C:\re\jdk7u51\527\hotspot\src\share\vm\prims\jvm.cpp:1244
Event: 1.486 Thread 0x000000000a70c000 Implicit null exception at 0x00000000030078e3 to 0x00000000030083a5
Event: 2.428 Thread 0x000000000a8af800 Threw 0x00000000eacbb4b0 at C:\re\jdk7u51\527\hotspot\src\share\vm\prims\jvm.cpp:1244

Events (10 events):
Event: 2.430 Thread 0x000000000a8af800 DEOPT UNPACKING pc=0x0000000002fa75a4 sp=0x000000000afae958 mode 2
Event: 2.431 Thread 0x000000000a8af800 Uncommon trap: trap_request=0xffffffde fr.pc=0x000000000305dfa0
Event: 2.431 Thread 0x000000000a8af800 DEOPT PACKING pc=0x000000000305dfa0 sp=0x000000000afae9c0
Event: 2.431 Thread 0x000000000a8af800 DEOPT UNPACKING pc=0x0000000002fa75a4 sp=0x000000000afae958 mode 2
Event: 2.694 Thread 0x000000000a720000 Uncommon trap: trap_request=0xffffffad fr.pc=0x000000000307cf4c
Event: 2.695 Thread 0x000000000a720000 DEOPT PACKING pc=0x000000000307cf4c sp=0x000000000abae820
Event: 2.695 Thread 0x000000000a720000 DEOPT UNPACKING pc=0x0000000002fa75a4 sp=0x000000000abae760 mode 2
Event: 2.708 Thread 0x000000000a720000 Uncommon trap: trap_request=0xffffffad fr.pc=0x000000000304afb8
Event: 2.708 Thread 0x000000000a720000 DEOPT PACKING pc=0x000000000304afb8 sp=0x000000000abaea10
Event: 2.708 Thread 0x000000000a720000 DEOPT UNPACKING pc=0x0000000002fa75a4 sp=0x000000000abae9d0 mode 2


Dynamic libraries:
0x00007ff76e6d0000 - 0x00007ff76e703000 	C:\Program Files\Java\jdk1.7.0_51\bin\java.exe
0x00007ffc84cb0000 - 0x00007ffc84e5d000 	C:\WINDOWS\SYSTEM32\ntdll.dll
0x00007ffc84140000 - 0x00007ffc8427e000 	C:\WINDOWS\system32\KERNEL32.DLL
0x00007ffc81f00000 - 0x00007ffc82015000 	C:\WINDOWS\system32\KERNELBASE.dll
0x00007ffc809b0000 - 0x00007ffc80a3e000 	C:\WINDOWS\system32\apphelp.dll
0x00007ffc6eb10000 - 0x00007ffc6eb63000 	C:\WINDOWS\AppPatch\AppPatch64\AcGenral.DLL
0x00007ffc84280000 - 0x00007ffc8432a000 	C:\WINDOWS\system32\msvcrt.dll
0x00007ffc82130000 - 0x00007ffc8215e000 	C:\WINDOWS\system32\SspiCli.dll
0x00007ffc843a0000 - 0x00007ffc843f4000 	C:\WINDOWS\system32\SHLWAPI.dll
0x00007ffc827b0000 - 0x00007ffc82927000 	C:\WINDOWS\system32\USER32.dll
0x00007ffc82a10000 - 0x00007ffc82ba4000 	C:\WINDOWS\system32\ole32.dll
0x00007ffc82bb0000 - 0x00007ffc840d9000 	C:\WINDOWS\system32\SHELL32.dll
0x00007ffc813b0000 - 0x00007ffc813d1000 	C:\WINDOWS\SYSTEM32\USERENV.dll
0x00007ffc84400000 - 0x00007ffc844aa000 	C:\WINDOWS\system32\ADVAPI32.dll
0x00007ffc73520000 - 0x00007ffc7353e000 	C:\WINDOWS\SYSTEM32\MPR.dll
0x00007ffc824f0000 - 0x00007ffc82630000 	C:\WINDOWS\system32\RPCRT4.dll
0x00007ffc84330000 - 0x00007ffc84389000 	C:\WINDOWS\SYSTEM32\sechost.dll
0x00007ffc845e0000 - 0x00007ffc847f1000 	C:\WINDOWS\SYSTEM32\combase.dll
0x00007ffc84b60000 - 0x00007ffc84caf000 	C:\WINDOWS\system32\GDI32.dll
0x00007ffc81d70000 - 0x00007ffc81d85000 	C:\WINDOWS\SYSTEM32\profapi.dll
0x00007ffc80380000 - 0x00007ffc80432000 	C:\WINDOWS\SYSTEM32\SHCORE.dll
0x00007ffc826a0000 - 0x00007ffc826d6000 	C:\WINDOWS\system32\IMM32.DLL
0x00007ffc84800000 - 0x00007ffc84952000 	C:\WINDOWS\system32\MSCTF.dll
0x00007ffc7eec0000 - 0x00007ffc7f13b000 	C:\WINDOWS\WinSxS\amd64_microsoft.windows.common-controls_6595b64144ccf1df_6.0.9600.18006_none_623f33d3ecbe86e8\COMCTL32.dll
0x0000000071240000 - 0x0000000071312000 	C:\Program Files\Java\jdk1.7.0_51\jre\bin\msvcr100.dll
0x0000000070a70000 - 0x0000000071239000 	C:\Program Files\Java\jdk1.7.0_51\jre\bin\server\jvm.dll
0x00007ffc78d00000 - 0x00007ffc78d09000 	C:\WINDOWS\SYSTEM32\WSOCK32.dll
0x00007ffc76670000 - 0x00007ffc76692000 	C:\WINDOWS\SYSTEM32\WINMM.dll
0x00007ffc82630000 - 0x00007ffc82637000 	C:\WINDOWS\system32\PSAPI.DLL
0x00007ffc840e0000 - 0x00007ffc8413a000 	C:\WINDOWS\system32\WS2_32.dll
0x00007ffc76510000 - 0x00007ffc7653a000 	C:\WINDOWS\SYSTEM32\WINMMBASE.dll
0x00007ffc84390000 - 0x00007ffc84399000 	C:\WINDOWS\system32\NSI.dll
0x00007ffc81eb0000 - 0x00007ffc81eff000 	C:\WINDOWS\SYSTEM32\cfgmgr32.dll
0x00007ffc80ad0000 - 0x00007ffc80af8000 	C:\WINDOWS\SYSTEM32\DEVOBJ.dll
0x0000000070a60000 - 0x0000000070a6f000 	C:\Program Files\Java\jdk1.7.0_51\jre\bin\verify.dll
0x0000000070a30000 - 0x0000000070a58000 	C:\Program Files\Java\jdk1.7.0_51\jre\bin\java.dll
0x0000000070a10000 - 0x0000000070a25000 	C:\Program Files\Java\jdk1.7.0_51\jre\bin\zip.dll

VM Arguments:
jvm_args: -Djava.awt.headless=true -Xmx1024M -Dfile.encoding=windows-31j -Duser.country=JP -Duser.language=ja -Duser.variant 
java_command: com.android.dx.command.Main --dex --force-jumbo --num-threads=4 --multi-dex --output C:\AndroidStudioProject\OpenGLESUtil\app\build\intermediates\transforms\dex\debug\folders\1000\5\slice_9 C:\AndroidStudioProject\OpenGLESUtil\app\build\intermediates\transforms\instantRunSlicer\debug\folders\1\5\slice_9
Launcher Type: SUN_STANDARD

Environment Variables:
JAVA_HOME=C:\Program Files\Java\jdk1.8.0_45
CLASSPATH=.;C:\Program Files (x86)\QuickTime\QTSystem\QTJava.zip
PATH=C:\Program Files\Haskell\bin;C:\Program Files\Haskell Platform\2014.2.0.0\lib\extralibs\bin;C:\Program Files\Haskell Platform\2014.2.0.0\bin;C:\ProgramData\Oracle\Java\javapath;C:\Program Files\Java\jdk1.7.0_45\bin;C:\Program Files (x86)\Intel\iCLS Client\;C:\Program Files\Intel\iCLS Client\;C:\WINDOWS\system32;C:\WINDOWS;C:\WINDOWS\System32\Wbem;C:\WINDOWS\System32\WindowsPowerShell\v1.0\;C:\Program Files (x86)\Intel\OpenCL SDK\2.0\bin\x86;C:\Program Files (x86)\Intel\OpenCL SDK\2.0\bin\x64;C:\Program Files\Intel\Intel(R) Management Engine Components\DAL;C:\Program Files\Intel\Intel(R) Management Engine Components\IPT;C:\Program Files (x86)\Intel\Intel(R) Management Engine Components\DAL;C:\Program Files (x86)\Intel\Intel(R) Management Engine Components\IPT;C:\Program Files (x86)\Symantec\VIP Access Client\;C:\Program Files\Intel\WiFi\bin\;C:\Program Files\Common Files\Intel\WirelessCommon\;C:\Program Files\Microsoft SQL Server\110\Tools\Binn\;c:\Program Files (x86)\Microsoft SQL Server\100\Tools\Binn\;c:\Program Files\Microsoft SQL Server\100\Tools\Binn\;c:\Program Files\Microsoft SQL Server\100\DTS\Binn\;C:\Program Files (x86)\QuickTime\QTSystem\;C:\adt-bundle-windows-x86_64-20140702\sdk\platform-tools;C:\Program Files (x86)\Toshiba\Bluetooth Toshiba Stack\sys\;C:\Program Files (x86)\Toshiba\Bluetooth Toshiba Stack\sys\x64\;C:\Program Files\Haskell Platform\2014.2.0.0\mingw\bin;C:\Program Files\Microsoft\Web Platform Installer\;C:\Users\テツヤ\.dnx\bin;C:\Program Files\Microsoft DNX\Dnvm\;C:\Program Files (x86)\Windows Kits\8.1\Windows Performance Toolkit\;C:\Program Files (x86)\Skype\Phone\;C:\Users\テツヤ\AppData\Roaming\cabal\bin;C:\GNUstep\bin;C:\GNUstep\GNUstep\System\Tools;C:\Program Files (x86)\Vim\vim74;C:\Program Files\Haskell Platform\2014.2.0.0\bin;C:\common files\Util\tools\tpad090;C:\nasm\nasm-2.11.08
USERNAME=テツヤ
OS=Windows_NT
PROCESSOR_IDENTIFIER=Intel64 Family 6 Model 58 Stepping 9, GenuineIntel



---------------  S Y S T E M  ---------------

OS: Windows 8 , 64 bit Build 9200 

CPU:total 4 (2 cores per cpu, 2 threads per core) family 6 model 58 stepping 9, cmov, cx8, fxsr, mmx, sse, sse2, sse3, ssse3, sse4.1, sse4.2, popcnt, avx, aes, erms, ht, tsc, tscinvbit, tscinv

Memory: 4k page, physical 4053208k(785956k free), swap 7198936k(8648k free)

vm_info: Java HotSpot(TM) 64-Bit Server VM (24.51-b03) for windows-amd64 JRE (1.7.0_51-b13), built on Dec 18 2013 18:40:56 by "java_re" with unknown MS VC++:1600

time: Sun Sep 11 19:21:54 2016
elapsed time: 2 seconds

